<?xml version="1.0" encoding="UTF-8"?>
<robot generator="Robot 3.1.2 (Python 3.8.1 on win32)" generated="20210308 17:42:18.181" rpa="false">
<suite id="s1" name="Leaderboard" source="C:\xampp\htdocs\gami_ossd\Test\มอดูลจัดการคะแนนของผู้เล่น\leaderboard.robot">
<test id="s1-t1" name="SCM-Report-TC1-01">
<kw name="GIVEN Open web browser">
<kw name="Open Browser" library="Selenium2Library">
<doc>Opens a new browser instance to the optional ``url``.</doc>
<arguments>
<arg>${url}</arg>
<arg>chrome</arg>
</arguments>
<msg timestamp="20210308 17:42:18.384" level="INFO">Opening browser 'chrome' to base url 'https://localhost/gami_ossd/index.php'.</msg>
<status status="PASS" starttime="20210308 17:42:18.384" endtime="20210308 17:42:21.063"></status>
</kw>
<kw name="Maximize Browser Window" library="Selenium2Library">
<doc>Maximizes current browser window.</doc>
<status status="PASS" starttime="20210308 17:42:21.063" endtime="20210308 17:42:21.216"></status>
</kw>
<status status="PASS" starttime="20210308 17:42:18.383" endtime="20210308 17:42:21.217"></status>
</kw>
<kw name="WHEN Login with &quot;59160161&quot; &quot;59160161&quot;">
<kw name="Click Element" library="Selenium2Library">
<doc>Click the element identified by ``locator``.</doc>
<arguments>
<arg>xpath=//*[@id="details-button"]</arg>
</arguments>
<msg timestamp="20210308 17:42:21.218" level="INFO">Clicking element 'xpath=//*[@id="details-button"]'.</msg>
<status status="PASS" starttime="20210308 17:42:21.217" endtime="20210308 17:42:21.268"></status>
</kw>
<kw name="Click Element" library="Selenium2Library">
<doc>Click the element identified by ``locator``.</doc>
<arguments>
<arg>xpath=//*[@id="proceed-link"]</arg>
</arguments>
<msg timestamp="20210308 17:42:21.269" level="INFO">Clicking element 'xpath=//*[@id="proceed-link"]'.</msg>
<status status="PASS" starttime="20210308 17:42:21.268" endtime="20210308 17:42:23.366"></status>
</kw>
<kw name="Input Text" library="Selenium2Library">
<doc>Types the given ``text`` into the text field identified by ``locator``.</doc>
<arguments>
<arg>${login_input_username}</arg>
<arg>${username}</arg>
</arguments>
<msg timestamp="20210308 17:42:23.366" level="INFO">Typing text '59160161' into text field 'xpath=//*[@id="inputEmail"]'.</msg>
<status status="PASS" starttime="20210308 17:42:23.366" endtime="20210308 17:42:23.433"></status>
</kw>
<kw name="Input Password" library="Selenium2Library">
<doc>Types the given password into the text field identified by ``locator``.</doc>
<arguments>
<arg>${login_input_password}</arg>
<arg>${password}</arg>
</arguments>
<msg timestamp="20210308 17:42:23.434" level="INFO">Typing password into text field 'xpath=//*[@id="inputPassword"]'.</msg>
<status status="PASS" starttime="20210308 17:42:23.433" endtime="20210308 17:42:23.502"></status>
</kw>
<kw name="Click Element" library="Selenium2Library">
<doc>Click the element identified by ``locator``.</doc>
<arguments>
<arg>${login_btn}</arg>
</arguments>
<msg timestamp="20210308 17:42:23.502" level="INFO">Clicking element 'xpath=//*[@id="loginForm"]/button'.</msg>
<status status="PASS" starttime="20210308 17:42:23.502" endtime="20210308 17:42:23.863"></status>
</kw>
<status status="PASS" starttime="20210308 17:42:21.217" endtime="20210308 17:42:23.864"></status>
</kw>
<kw name="AND Go to leaderboard page">
<kw name="Go To" library="Selenium2Library">
<doc>Navigates the current browser window to the provided ``url``.</doc>
<arguments>
<arg>https://localhost/gami_ossd/index.php/leaderboard</arg>
</arguments>
<msg timestamp="20210308 17:42:23.864" level="INFO">Opening url 'https://localhost/gami_ossd/index.php/leaderboard'</msg>
<status status="PASS" starttime="20210308 17:42:23.864" endtime="20210308 17:42:24.078"></status>
</kw>
<status status="PASS" starttime="20210308 17:42:23.864" endtime="20210308 17:42:24.078"></status>
</kw>
<kw name="THEN Check page &quot;Open Source Software Developers&quot;">
<kw name="Wait Until Page Contains" library="Selenium2Library">
<doc>Waits until ``text`` appears on the current page.</doc>
<arguments>
<arg>${text}</arg>
</arguments>
<status status="PASS" starttime="20210308 17:42:24.079" endtime="20210308 17:42:24.091"></status>
</kw>
<status status="PASS" starttime="20210308 17:42:24.079" endtime="20210308 17:42:24.091"></status>
</kw>
<kw name="Close Browser" library="Selenium2Library" type="teardown">
<doc>Closes the current browser.</doc>
<status status="PASS" starttime="20210308 17:42:24.092" endtime="20210308 17:42:26.211"></status>
</kw>
<doc>การแสดงประวัติกิจกรรมถูกต้อง</doc>
<tags>
<tag>PASS</tag>
</tags>
<status status="PASS" starttime="20210308 17:42:18.382" endtime="20210308 17:42:26.212" critical="yes"></status>
</test>
<status status="PASS" starttime="20210308 17:42:18.182" endtime="20210308 17:42:26.213"></status>
</suite>
<statistics>
<total>
<stat pass="1" fail="0">Critical Tests</stat>
<stat pass="1" fail="0">All Tests</stat>
</total>
<tag>
<stat pass="1" fail="0">PASS</stat>
</tag>
<suite>
<stat pass="1" fail="0" id="s1" name="Leaderboard">Leaderboard</stat>
</suite>
</statistics>
<errors>
</errors>
</robot>
