<?xml version="1.0" encoding="UTF-8"?>
<robot generator="Robot 3.1.2 (Python 3.8.1 on win32)" generated="20210319 11:16:57.123" rpa="false">
<suite id="s1" name="Leaderboard" source="C:\xampp\htdocs\gami_ossd\Test\มอดูลจัดการคะแนนของผู้เล่น\leaderboard.robot">
<test id="s1-t1" name="SCM-Report-TC1-01">
<kw name="GIVEN Open web browser">
<kw name="Open Browser" library="Selenium2Library">
<doc>Opens a new browser instance to the optional ``url``.</doc>
<arguments>
<arg>${url}</arg>
<arg>chrome</arg>
</arguments>
<msg timestamp="20210319 11:16:57.306" level="INFO">Opening browser 'chrome' to base url 'https://localhost/gami_ossd/index.php'.</msg>
<status status="PASS" starttime="20210319 11:16:57.306" endtime="20210319 11:16:59.358"></status>
</kw>
<kw name="Maximize Browser Window" library="Selenium2Library">
<doc>Maximizes current browser window.</doc>
<status status="PASS" starttime="20210319 11:16:59.358" endtime="20210319 11:16:59.485"></status>
</kw>
<status status="PASS" starttime="20210319 11:16:57.306" endtime="20210319 11:16:59.485"></status>
</kw>
<kw name="WHEN Login with &quot;59160161&quot; &quot;59160161&quot;">
<kw name="Click Element" library="Selenium2Library">
<doc>Click the element identified by ``locator``.</doc>
<arguments>
<arg>xpath=//*[@id="details-button"]</arg>
</arguments>
<msg timestamp="20210319 11:16:59.486" level="INFO">Clicking element 'xpath=//*[@id="details-button"]'.</msg>
<status status="PASS" starttime="20210319 11:16:59.486" endtime="20210319 11:16:59.528"></status>
</kw>
<kw name="Click Element" library="Selenium2Library">
<doc>Click the element identified by ``locator``.</doc>
<arguments>
<arg>xpath=//*[@id="proceed-link"]</arg>
</arguments>
<msg timestamp="20210319 11:16:59.528" level="INFO">Clicking element 'xpath=//*[@id="proceed-link"]'.</msg>
<status status="PASS" starttime="20210319 11:16:59.528" endtime="20210319 11:17:00.261"></status>
</kw>
<kw name="Input Text" library="Selenium2Library">
<doc>Types the given ``text`` into the text field identified by ``locator``.</doc>
<arguments>
<arg>${login_input_username}</arg>
<arg>${username}</arg>
</arguments>
<msg timestamp="20210319 11:17:00.261" level="INFO">Typing text '59160161' into text field 'xpath=//*[@id="inputEmail"]'.</msg>
<status status="PASS" starttime="20210319 11:17:00.261" endtime="20210319 11:17:00.333"></status>
</kw>
<kw name="Input Password" library="Selenium2Library">
<doc>Types the given password into the text field identified by ``locator``.</doc>
<arguments>
<arg>${login_input_password}</arg>
<arg>${password}</arg>
</arguments>
<msg timestamp="20210319 11:17:00.333" level="INFO">Typing password into text field 'xpath=//*[@id="inputPassword"]'.</msg>
<status status="PASS" starttime="20210319 11:17:00.333" endtime="20210319 11:17:00.418"></status>
</kw>
<kw name="Click Element" library="Selenium2Library">
<doc>Click the element identified by ``locator``.</doc>
<arguments>
<arg>${login_btn}</arg>
</arguments>
<msg timestamp="20210319 11:17:00.418" level="INFO">Clicking element 'xpath=//*[@id="loginForm"]/button'.</msg>
<status status="PASS" starttime="20210319 11:17:00.418" endtime="20210319 11:17:01.413"></status>
</kw>
<status status="PASS" starttime="20210319 11:16:59.486" endtime="20210319 11:17:01.414"></status>
</kw>
<kw name="AND Go to leaderboard page">
<kw name="Go To" library="Selenium2Library">
<doc>Navigates the current browser window to the provided ``url``.</doc>
<arguments>
<arg>https://localhost/gami_ossd/index.php/leaderboard</arg>
</arguments>
<msg timestamp="20210319 11:17:01.414" level="INFO">Opening url 'https://localhost/gami_ossd/index.php/leaderboard'</msg>
<status status="PASS" starttime="20210319 11:17:01.414" endtime="20210319 11:17:02.045"></status>
</kw>
<status status="PASS" starttime="20210319 11:17:01.414" endtime="20210319 11:17:02.045"></status>
</kw>
<kw name="THEN Check page &quot;Open Source Software Developers&quot;">
<kw name="Wait Until Page Contains" library="Selenium2Library">
<doc>Waits until ``text`` appears on the current page.</doc>
<arguments>
<arg>${text}</arg>
</arguments>
<status status="PASS" starttime="20210319 11:17:02.046" endtime="20210319 11:17:02.061"></status>
</kw>
<status status="PASS" starttime="20210319 11:17:02.046" endtime="20210319 11:17:02.062"></status>
</kw>
<kw name="Close Browser" library="Selenium2Library" type="teardown">
<doc>Closes the current browser.</doc>
<status status="PASS" starttime="20210319 11:17:02.062" endtime="20210319 11:17:04.232"></status>
</kw>
<doc>การแสดงประวัติกิจกรรมถูกต้องของ Scrum master</doc>
<tags>
<tag>PASS</tag>
</tags>
<status status="PASS" starttime="20210319 11:16:57.304" endtime="20210319 11:17:04.233" critical="yes"></status>
</test>
<test id="s1-t2" name="SCM-Report-TC1-02">
<kw name="GIVEN Open web browser">
<kw name="Open Browser" library="Selenium2Library">
<doc>Opens a new browser instance to the optional ``url``.</doc>
<arguments>
<arg>${url}</arg>
<arg>chrome</arg>
</arguments>
<msg timestamp="20210319 11:17:04.237" level="INFO">Opening browser 'chrome' to base url 'https://localhost/gami_ossd/index.php'.</msg>
<status status="PASS" starttime="20210319 11:17:04.237" endtime="20210319 11:17:06.257"></status>
</kw>
<kw name="Maximize Browser Window" library="Selenium2Library">
<doc>Maximizes current browser window.</doc>
<status status="PASS" starttime="20210319 11:17:06.257" endtime="20210319 11:17:06.382"></status>
</kw>
<status status="PASS" starttime="20210319 11:17:04.236" endtime="20210319 11:17:06.382"></status>
</kw>
<kw name="WHEN Login with &quot;60160350&quot; &quot;60160350&quot;">
<kw name="Click Element" library="Selenium2Library">
<doc>Click the element identified by ``locator``.</doc>
<arguments>
<arg>xpath=//*[@id="details-button"]</arg>
</arguments>
<msg timestamp="20210319 11:17:06.383" level="INFO">Clicking element 'xpath=//*[@id="details-button"]'.</msg>
<status status="PASS" starttime="20210319 11:17:06.383" endtime="20210319 11:17:06.426"></status>
</kw>
<kw name="Click Element" library="Selenium2Library">
<doc>Click the element identified by ``locator``.</doc>
<arguments>
<arg>xpath=//*[@id="proceed-link"]</arg>
</arguments>
<msg timestamp="20210319 11:17:06.426" level="INFO">Clicking element 'xpath=//*[@id="proceed-link"]'.</msg>
<status status="PASS" starttime="20210319 11:17:06.426" endtime="20210319 11:17:07.148"></status>
</kw>
<kw name="Input Text" library="Selenium2Library">
<doc>Types the given ``text`` into the text field identified by ``locator``.</doc>
<arguments>
<arg>${login_input_username}</arg>
<arg>${username}</arg>
</arguments>
<msg timestamp="20210319 11:17:07.148" level="INFO">Typing text '60160350' into text field 'xpath=//*[@id="inputEmail"]'.</msg>
<status status="PASS" starttime="20210319 11:17:07.148" endtime="20210319 11:17:07.221"></status>
</kw>
<kw name="Input Password" library="Selenium2Library">
<doc>Types the given password into the text field identified by ``locator``.</doc>
<arguments>
<arg>${login_input_password}</arg>
<arg>${password}</arg>
</arguments>
<msg timestamp="20210319 11:17:07.222" level="INFO">Typing password into text field 'xpath=//*[@id="inputPassword"]'.</msg>
<status status="PASS" starttime="20210319 11:17:07.222" endtime="20210319 11:17:07.302"></status>
</kw>
<kw name="Click Element" library="Selenium2Library">
<doc>Click the element identified by ``locator``.</doc>
<arguments>
<arg>${login_btn}</arg>
</arguments>
<msg timestamp="20210319 11:17:07.303" level="INFO">Clicking element 'xpath=//*[@id="loginForm"]/button'.</msg>
<status status="PASS" starttime="20210319 11:17:07.303" endtime="20210319 11:17:08.242"></status>
</kw>
<status status="PASS" starttime="20210319 11:17:06.382" endtime="20210319 11:17:08.242"></status>
</kw>
<kw name="AND Go to leaderboard page">
<kw name="Go To" library="Selenium2Library">
<doc>Navigates the current browser window to the provided ``url``.</doc>
<arguments>
<arg>https://localhost/gami_ossd/index.php/leaderboard</arg>
</arguments>
<msg timestamp="20210319 11:17:08.244" level="INFO">Opening url 'https://localhost/gami_ossd/index.php/leaderboard'</msg>
<status status="PASS" starttime="20210319 11:17:08.244" endtime="20210319 11:17:08.815"></status>
</kw>
<status status="PASS" starttime="20210319 11:17:08.243" endtime="20210319 11:17:08.815"></status>
</kw>
<kw name="THEN Check page &quot;Open Source Software Developers&quot;">
<kw name="Wait Until Page Contains" library="Selenium2Library">
<doc>Waits until ``text`` appears on the current page.</doc>
<arguments>
<arg>${text}</arg>
</arguments>
<status status="PASS" starttime="20210319 11:17:08.815" endtime="20210319 11:17:08.830"></status>
</kw>
<status status="PASS" starttime="20210319 11:17:08.815" endtime="20210319 11:17:08.831"></status>
</kw>
<kw name="Close Browser" library="Selenium2Library" type="teardown">
<doc>Closes the current browser.</doc>
<status status="PASS" starttime="20210319 11:17:08.831" endtime="20210319 11:17:10.991"></status>
</kw>
<doc>การแสดงประวัติกิจกรรมถูกต้องของพี่เลี้ยง</doc>
<tags>
<tag>PASS</tag>
</tags>
<status status="PASS" starttime="20210319 11:17:04.235" endtime="20210319 11:17:10.992" critical="yes"></status>
</test>
<test id="s1-t3" name="SCM-Report-TC1-03">
<kw name="GIVEN Open web browser">
<kw name="Open Browser" library="Selenium2Library">
<doc>Opens a new browser instance to the optional ``url``.</doc>
<arguments>
<arg>${url}</arg>
<arg>chrome</arg>
</arguments>
<msg timestamp="20210319 11:17:10.996" level="INFO">Opening browser 'chrome' to base url 'https://localhost/gami_ossd/index.php'.</msg>
<status status="PASS" starttime="20210319 11:17:10.996" endtime="20210319 11:17:12.980"></status>
</kw>
<kw name="Maximize Browser Window" library="Selenium2Library">
<doc>Maximizes current browser window.</doc>
<status status="PASS" starttime="20210319 11:17:12.980" endtime="20210319 11:17:13.101"></status>
</kw>
<status status="PASS" starttime="20210319 11:17:10.995" endtime="20210319 11:17:13.101"></status>
</kw>
<kw name="WHEN Login with &quot;62160324&quot; &quot;62160324&quot;">
<kw name="Click Element" library="Selenium2Library">
<doc>Click the element identified by ``locator``.</doc>
<arguments>
<arg>xpath=//*[@id="details-button"]</arg>
</arguments>
<msg timestamp="20210319 11:17:13.102" level="INFO">Clicking element 'xpath=//*[@id="details-button"]'.</msg>
<status status="PASS" starttime="20210319 11:17:13.102" endtime="20210319 11:17:13.147"></status>
</kw>
<kw name="Click Element" library="Selenium2Library">
<doc>Click the element identified by ``locator``.</doc>
<arguments>
<arg>xpath=//*[@id="proceed-link"]</arg>
</arguments>
<msg timestamp="20210319 11:17:13.147" level="INFO">Clicking element 'xpath=//*[@id="proceed-link"]'.</msg>
<status status="PASS" starttime="20210319 11:17:13.147" endtime="20210319 11:17:13.896"></status>
</kw>
<kw name="Input Text" library="Selenium2Library">
<doc>Types the given ``text`` into the text field identified by ``locator``.</doc>
<arguments>
<arg>${login_input_username}</arg>
<arg>${username}</arg>
</arguments>
<msg timestamp="20210319 11:17:13.896" level="INFO">Typing text '62160324' into text field 'xpath=//*[@id="inputEmail"]'.</msg>
<status status="PASS" starttime="20210319 11:17:13.896" endtime="20210319 11:17:13.967"></status>
</kw>
<kw name="Input Password" library="Selenium2Library">
<doc>Types the given password into the text field identified by ``locator``.</doc>
<arguments>
<arg>${login_input_password}</arg>
<arg>${password}</arg>
</arguments>
<msg timestamp="20210319 11:17:13.967" level="INFO">Typing password into text field 'xpath=//*[@id="inputPassword"]'.</msg>
<status status="PASS" starttime="20210319 11:17:13.967" endtime="20210319 11:17:14.045"></status>
</kw>
<kw name="Click Element" library="Selenium2Library">
<doc>Click the element identified by ``locator``.</doc>
<arguments>
<arg>${login_btn}</arg>
</arguments>
<msg timestamp="20210319 11:17:14.045" level="INFO">Clicking element 'xpath=//*[@id="loginForm"]/button'.</msg>
<status status="PASS" starttime="20210319 11:17:14.045" endtime="20210319 11:17:14.992"></status>
</kw>
<status status="PASS" starttime="20210319 11:17:13.101" endtime="20210319 11:17:14.992"></status>
</kw>
<kw name="AND Go to leaderboard page">
<kw name="Go To" library="Selenium2Library">
<doc>Navigates the current browser window to the provided ``url``.</doc>
<arguments>
<arg>https://localhost/gami_ossd/index.php/leaderboard</arg>
</arguments>
<msg timestamp="20210319 11:17:14.993" level="INFO">Opening url 'https://localhost/gami_ossd/index.php/leaderboard'</msg>
<status status="PASS" starttime="20210319 11:17:14.992" endtime="20210319 11:17:15.314"></status>
</kw>
<status status="PASS" starttime="20210319 11:17:14.992" endtime="20210319 11:17:15.314"></status>
</kw>
<kw name="THEN Check page &quot;Open Source Software Developers&quot;">
<kw name="Wait Until Page Contains" library="Selenium2Library">
<doc>Waits until ``text`` appears on the current page.</doc>
<arguments>
<arg>${text}</arg>
</arguments>
<status status="PASS" starttime="20210319 11:17:15.315" endtime="20210319 11:17:15.339"></status>
</kw>
<status status="PASS" starttime="20210319 11:17:15.315" endtime="20210319 11:17:15.340"></status>
</kw>
<kw name="Close Browser" library="Selenium2Library" type="teardown">
<doc>Closes the current browser.</doc>
<status status="PASS" starttime="20210319 11:17:15.340" endtime="20210319 11:17:17.478"></status>
</kw>
<doc>การแสดงประวัติกิจกรรมถูกต้องของผู้เล่น</doc>
<tags>
<tag>PASS</tag>
</tags>
<status status="PASS" starttime="20210319 11:17:10.993" endtime="20210319 11:17:17.478" critical="yes"></status>
</test>
<status status="PASS" starttime="20210319 11:16:57.124" endtime="20210319 11:17:17.480"></status>
</suite>
<statistics>
<total>
<stat pass="3" fail="0">Critical Tests</stat>
<stat pass="3" fail="0">All Tests</stat>
</total>
<tag>
<stat pass="3" fail="0">PASS</stat>
</tag>
<suite>
<stat pass="3" fail="0" id="s1" name="Leaderboard">Leaderboard</stat>
</suite>
</statistics>
<errors>
</errors>
</robot>
