<?xml version="1.0" encoding="UTF-8"?>
<robot generator="Robot 3.1.2 (Python 3.8.1 on win32)" generated="20210308 09:53:41.105" rpa="false">
<suite id="s1" name="Report" source="C:\xampp\htdocs\gami_ossd\Test\มอดูลแสดงประวัติกิจกรรม\report.robot">
<test id="s1-t1" name="SCM-Report-TC1-01">
<kw name="GIVEN Open web browser">
<kw name="Open Browser" library="Selenium2Library">
<doc>Opens a new browser instance to the optional ``url``.</doc>
<arguments>
<arg>${url}</arg>
<arg>chrome</arg>
</arguments>
<msg timestamp="20210308 09:53:41.312" level="INFO">Opening browser 'chrome' to base url 'https://localhost/gami_ossd/index.php'.</msg>
<status status="PASS" starttime="20210308 09:53:41.312" endtime="20210308 09:53:43.389"></status>
</kw>
<kw name="Maximize Browser Window" library="Selenium2Library">
<doc>Maximizes current browser window.</doc>
<status status="PASS" starttime="20210308 09:53:43.389" endtime="20210308 09:53:43.511"></status>
</kw>
<status status="PASS" starttime="20210308 09:53:41.312" endtime="20210308 09:53:43.511"></status>
</kw>
<kw name="WHEN Login with &quot;59160161&quot; &quot;59160161&quot;">
<kw name="Click Element" library="Selenium2Library">
<doc>Click the element identified by ``locator``.</doc>
<arguments>
<arg>xpath=//*[@id="details-button"]</arg>
</arguments>
<msg timestamp="20210308 09:53:43.513" level="INFO">Clicking element 'xpath=//*[@id="details-button"]'.</msg>
<status status="PASS" starttime="20210308 09:53:43.512" endtime="20210308 09:53:43.565"></status>
</kw>
<kw name="Click Element" library="Selenium2Library">
<doc>Click the element identified by ``locator``.</doc>
<arguments>
<arg>xpath=//*[@id="proceed-link"]</arg>
</arguments>
<msg timestamp="20210308 09:53:43.566" level="INFO">Clicking element 'xpath=//*[@id="proceed-link"]'.</msg>
<status status="PASS" starttime="20210308 09:53:43.565" endtime="20210308 09:53:44.526"></status>
</kw>
<kw name="Input Text" library="Selenium2Library">
<doc>Types the given ``text`` into the text field identified by ``locator``.</doc>
<arguments>
<arg>${login_input_username}</arg>
<arg>${username}</arg>
</arguments>
<msg timestamp="20210308 09:53:44.526" level="INFO">Typing text '59160161' into text field 'xpath=//*[@id="inputEmail"]'.</msg>
<status status="PASS" starttime="20210308 09:53:44.526" endtime="20210308 09:53:44.602"></status>
</kw>
<kw name="Input Password" library="Selenium2Library">
<doc>Types the given password into the text field identified by ``locator``.</doc>
<arguments>
<arg>${login_input_password}</arg>
<arg>${password}</arg>
</arguments>
<msg timestamp="20210308 09:53:44.602" level="INFO">Typing password into text field 'xpath=//*[@id="inputPassword"]'.</msg>
<status status="PASS" starttime="20210308 09:53:44.602" endtime="20210308 09:53:44.686"></status>
</kw>
<kw name="Sleep" library="BuiltIn">
<doc>Pauses the test executed for the given time.</doc>
<arguments>
<arg>1s</arg>
</arguments>
<msg timestamp="20210308 09:53:45.695" level="INFO">Slept 1 second</msg>
<status status="PASS" starttime="20210308 09:53:44.686" endtime="20210308 09:53:45.695"></status>
</kw>
<kw name="Click Element" library="Selenium2Library">
<doc>Click the element identified by ``locator``.</doc>
<arguments>
<arg>${login_btn}</arg>
</arguments>
<msg timestamp="20210308 09:53:45.695" level="INFO">Clicking element 'xpath=//*[@id="loginForm"]/button'.</msg>
<status status="PASS" starttime="20210308 09:53:45.695" endtime="20210308 09:53:47.064"></status>
</kw>
<status status="PASS" starttime="20210308 09:53:43.512" endtime="20210308 09:53:47.065"></status>
</kw>
<kw name="AND Go to report page">
<kw name="Go To" library="Selenium2Library">
<doc>Navigates the current browser window to the provided ``url``.</doc>
<arguments>
<arg>https://localhost/gami_ossd/index.php/Source_manager/index/ActivityReport</arg>
</arguments>
<msg timestamp="20210308 09:53:47.065" level="INFO">Opening url 'https://localhost/gami_ossd/index.php/Source_manager/index/ActivityReport'</msg>
<status status="PASS" starttime="20210308 09:53:47.065" endtime="20210308 09:53:47.559"></status>
</kw>
<status status="PASS" starttime="20210308 09:53:47.065" endtime="20210308 09:53:47.559"></status>
</kw>
<kw name="THEN Choose year &quot;2564&quot;">
<kw name="Select From List By Value" library="Selenium2Library">
<doc>Selects options from selection list ``locator`` by ``values``.</doc>
<arguments>
<arg>xpath=//*[@id="select-opt"]</arg>
<arg>${year}</arg>
</arguments>
<msg timestamp="20210308 09:53:47.561" level="INFO">Selecting options from selection list 'xpath=//*[@id="select-opt"]' by value 2564.</msg>
<status status="PASS" starttime="20210308 09:53:47.560" endtime="20210308 09:53:47.630"></status>
</kw>
<kw name="Sleep" library="BuiltIn">
<doc>Pauses the test executed for the given time.</doc>
<arguments>
<arg>1s</arg>
</arguments>
<msg timestamp="20210308 09:53:48.642" level="INFO">Slept 1 second</msg>
<status status="PASS" starttime="20210308 09:53:47.630" endtime="20210308 09:53:48.642"></status>
</kw>
<status status="PASS" starttime="20210308 09:53:47.560" endtime="20210308 09:53:48.642"></status>
</kw>
<kw name="Close Browser" library="Selenium2Library" type="teardown">
<doc>Closes the current browser.</doc>
<status status="PASS" starttime="20210308 09:53:48.642" endtime="20210308 09:53:50.804"></status>
</kw>
<doc>การแสดงประวัติกิจกรรมถูกต้อง</doc>
<tags>
<tag>PASS</tag>
</tags>
<status status="PASS" starttime="20210308 09:53:41.310" endtime="20210308 09:53:50.805" critical="yes"></status>
</test>
<status status="PASS" starttime="20210308 09:53:41.106" endtime="20210308 09:53:50.807"></status>
</suite>
<statistics>
<total>
<stat pass="1" fail="0">Critical Tests</stat>
<stat pass="1" fail="0">All Tests</stat>
</total>
<tag>
<stat pass="1" fail="0">PASS</stat>
</tag>
<suite>
<stat pass="1" fail="0" id="s1" name="Report">Report</stat>
</suite>
</statistics>
<errors>
</errors>
</robot>
