<?xml version="1.0" encoding="UTF-8"?>
<robot generator="Robot 3.1.2 (Python 3.8.1 on win32)" generated="20210308 16:14:47.183" rpa="false">
<suite id="s1" name="Work" source="C:\xampp\htdocs\gami_ossd\Test\มอดูลจัดการงานที่รับผิดชอบ\work.robot">
<test id="s1-t1" name="SCM-Work-TC1-01">
<kw name="GIVEN Open web browser">
<kw name="Open Browser" library="Selenium2Library">
<doc>Opens a new browser instance to the optional ``url``.</doc>
<arguments>
<arg>${url}</arg>
<arg>chrome</arg>
</arguments>
<msg timestamp="20210308 16:14:47.379" level="INFO">Opening browser 'chrome' to base url 'https://localhost/gami_ossd/index.php'.</msg>
<status status="PASS" starttime="20210308 16:14:47.378" endtime="20210308 16:14:49.616"></status>
</kw>
<kw name="Maximize Browser Window" library="Selenium2Library">
<doc>Maximizes current browser window.</doc>
<status status="PASS" starttime="20210308 16:14:49.616" endtime="20210308 16:14:49.754"></status>
</kw>
<status status="PASS" starttime="20210308 16:14:47.378" endtime="20210308 16:14:49.754"></status>
</kw>
<kw name="WHEN Login with &quot;59160161&quot; &quot;59160161&quot;">
<kw name="Click Element" library="Selenium2Library">
<doc>Click the element identified by ``locator``.</doc>
<arguments>
<arg>xpath=//*[@id="details-button"]</arg>
</arguments>
<msg timestamp="20210308 16:14:49.756" level="INFO">Clicking element 'xpath=//*[@id="details-button"]'.</msg>
<status status="PASS" starttime="20210308 16:14:49.755" endtime="20210308 16:14:49.817"></status>
</kw>
<kw name="Click Element" library="Selenium2Library">
<doc>Click the element identified by ``locator``.</doc>
<arguments>
<arg>xpath=//*[@id="proceed-link"]</arg>
</arguments>
<msg timestamp="20210308 16:14:49.817" level="INFO">Clicking element 'xpath=//*[@id="proceed-link"]'.</msg>
<status status="PASS" starttime="20210308 16:14:49.817" endtime="20210308 16:14:51.946"></status>
</kw>
<kw name="Input Text" library="Selenium2Library">
<doc>Types the given ``text`` into the text field identified by ``locator``.</doc>
<arguments>
<arg>${login_input_username}</arg>
<arg>${username}</arg>
</arguments>
<msg timestamp="20210308 16:14:51.946" level="INFO">Typing text '59160161' into text field 'xpath=//*[@id="inputEmail"]'.</msg>
<status status="PASS" starttime="20210308 16:14:51.946" endtime="20210308 16:14:52.021"></status>
</kw>
<kw name="Input Password" library="Selenium2Library">
<doc>Types the given password into the text field identified by ``locator``.</doc>
<arguments>
<arg>${login_input_password}</arg>
<arg>${password}</arg>
</arguments>
<msg timestamp="20210308 16:14:52.021" level="INFO">Typing password into text field 'xpath=//*[@id="inputPassword"]'.</msg>
<status status="PASS" starttime="20210308 16:14:52.021" endtime="20210308 16:14:52.102"></status>
</kw>
<kw name="Sleep" library="BuiltIn">
<doc>Pauses the test executed for the given time.</doc>
<arguments>
<arg>1s</arg>
</arguments>
<msg timestamp="20210308 16:14:53.109" level="INFO">Slept 1 second</msg>
<status status="PASS" starttime="20210308 16:14:52.103" endtime="20210308 16:14:53.109"></status>
</kw>
<kw name="Click Element" library="Selenium2Library">
<doc>Click the element identified by ``locator``.</doc>
<arguments>
<arg>${login_btn}</arg>
</arguments>
<msg timestamp="20210308 16:14:53.109" level="INFO">Clicking element 'xpath=//*[@id="loginForm"]/button'.</msg>
<status status="PASS" starttime="20210308 16:14:53.109" endtime="20210308 16:14:55.491"></status>
</kw>
<status status="PASS" starttime="20210308 16:14:49.755" endtime="20210308 16:14:55.491"></status>
</kw>
<kw name="AND Go to work management page">
<kw name="Go To" library="Selenium2Library">
<doc>Navigates the current browser window to the provided ``url``.</doc>
<arguments>
<arg>https://localhost/gami_ossd/index.php/Source_manager/index/Work</arg>
</arguments>
<msg timestamp="20210308 16:14:55.492" level="INFO">Opening url 'https://localhost/gami_ossd/index.php/Source_manager/index/Work'</msg>
<status status="PASS" starttime="20210308 16:14:55.492" endtime="20210308 16:14:56.610"></status>
</kw>
<status status="PASS" starttime="20210308 16:14:55.492" endtime="20210308 16:14:56.610"></status>
</kw>
<kw name="AND Add work">
<kw name="Click Element" library="Selenium2Library">
<doc>Click the element identified by ``locator``.</doc>
<arguments>
<arg>xpath=//*[@id="example_wrapper"]/div[1]/button[1]</arg>
</arguments>
<msg timestamp="20210308 16:14:56.611" level="INFO">Clicking element 'xpath=//*[@id="example_wrapper"]/div[1]/button[1]'.</msg>
<status status="PASS" starttime="20210308 16:14:56.611" endtime="20210308 16:14:56.656"></status>
</kw>
<kw name="Sleep" library="BuiltIn">
<doc>Pauses the test executed for the given time.</doc>
<arguments>
<arg>1s</arg>
</arguments>
<msg timestamp="20210308 16:14:57.666" level="INFO">Slept 1 second</msg>
<status status="PASS" starttime="20210308 16:14:56.657" endtime="20210308 16:14:57.666"></status>
</kw>
<status status="PASS" starttime="20210308 16:14:56.611" endtime="20210308 16:14:57.666"></status>
</kw>
<kw name="AND Input name work &quot;New work&quot;">
<kw name="Input Text" library="Selenium2Library">
<doc>Types the given ``text`` into the text field identified by ``locator``.</doc>
<arguments>
<arg>xpath=//*[@id="name"]</arg>
<arg>${name}</arg>
</arguments>
<msg timestamp="20210308 16:14:57.666" level="INFO">Typing text 'New work' into text field 'xpath=//*[@id="name"]'.</msg>
<status status="PASS" starttime="20210308 16:14:57.666" endtime="20210308 16:14:57.749"></status>
</kw>
<kw name="Sleep" library="BuiltIn">
<doc>Pauses the test executed for the given time.</doc>
<arguments>
<arg>1s</arg>
</arguments>
<msg timestamp="20210308 16:14:58.763" level="INFO">Slept 1 second</msg>
<status status="PASS" starttime="20210308 16:14:57.749" endtime="20210308 16:14:58.763"></status>
</kw>
<status status="PASS" starttime="20210308 16:14:57.666" endtime="20210308 16:14:58.763"></status>
</kw>
<kw name="THEN Submit add work">
<kw name="Click Element" library="Selenium2Library">
<doc>Click the element identified by ``locator``.</doc>
<arguments>
<arg>xpath=//*[@id="addRowBtn"]</arg>
</arguments>
<msg timestamp="20210308 16:14:58.764" level="INFO">Clicking element 'xpath=//*[@id="addRowBtn"]'.</msg>
<status status="PASS" starttime="20210308 16:14:58.764" endtime="20210308 16:14:59.827"></status>
</kw>
<kw name="Sleep" library="BuiltIn">
<doc>Pauses the test executed for the given time.</doc>
<arguments>
<arg>1s</arg>
</arguments>
<msg timestamp="20210308 16:15:00.836" level="INFO">Slept 1 second</msg>
<status status="PASS" starttime="20210308 16:14:59.827" endtime="20210308 16:15:00.836"></status>
</kw>
<status status="PASS" starttime="20210308 16:14:58.764" endtime="20210308 16:15:00.836"></status>
</kw>
<kw name="Close Browser" library="Selenium2Library" type="teardown">
<doc>Closes the current browser.</doc>
<status status="PASS" starttime="20210308 16:15:00.837" endtime="20210308 16:15:03.009"></status>
</kw>
<doc>การเพิ่มงาน</doc>
<tags>
<tag>PASS</tag>
</tags>
<status status="PASS" starttime="20210308 16:14:47.377" endtime="20210308 16:15:03.009" critical="yes"></status>
</test>
<test id="s1-t2" name="SCM-Work-TC1-02">
<kw name="GIVEN Open web browser">
<kw name="Open Browser" library="Selenium2Library">
<doc>Opens a new browser instance to the optional ``url``.</doc>
<arguments>
<arg>${url}</arg>
<arg>chrome</arg>
</arguments>
<msg timestamp="20210308 16:15:03.014" level="INFO">Opening browser 'chrome' to base url 'https://localhost/gami_ossd/index.php'.</msg>
<status status="PASS" starttime="20210308 16:15:03.013" endtime="20210308 16:15:05.119"></status>
</kw>
<kw name="Maximize Browser Window" library="Selenium2Library">
<doc>Maximizes current browser window.</doc>
<status status="PASS" starttime="20210308 16:15:05.119" endtime="20210308 16:15:05.251"></status>
</kw>
<status status="PASS" starttime="20210308 16:15:03.013" endtime="20210308 16:15:05.251"></status>
</kw>
<kw name="WHEN Login with &quot;59160161&quot; &quot;59160161&quot;">
<kw name="Click Element" library="Selenium2Library">
<doc>Click the element identified by ``locator``.</doc>
<arguments>
<arg>xpath=//*[@id="details-button"]</arg>
</arguments>
<msg timestamp="20210308 16:15:05.252" level="INFO">Clicking element 'xpath=//*[@id="details-button"]'.</msg>
<status status="PASS" starttime="20210308 16:15:05.252" endtime="20210308 16:15:05.298"></status>
</kw>
<kw name="Click Element" library="Selenium2Library">
<doc>Click the element identified by ``locator``.</doc>
<arguments>
<arg>xpath=//*[@id="proceed-link"]</arg>
</arguments>
<msg timestamp="20210308 16:15:05.298" level="INFO">Clicking element 'xpath=//*[@id="proceed-link"]'.</msg>
<status status="PASS" starttime="20210308 16:15:05.298" endtime="20210308 16:15:06.605"></status>
</kw>
<kw name="Input Text" library="Selenium2Library">
<doc>Types the given ``text`` into the text field identified by ``locator``.</doc>
<arguments>
<arg>${login_input_username}</arg>
<arg>${username}</arg>
</arguments>
<msg timestamp="20210308 16:15:06.605" level="INFO">Typing text '59160161' into text field 'xpath=//*[@id="inputEmail"]'.</msg>
<status status="PASS" starttime="20210308 16:15:06.605" endtime="20210308 16:15:06.676"></status>
</kw>
<kw name="Input Password" library="Selenium2Library">
<doc>Types the given password into the text field identified by ``locator``.</doc>
<arguments>
<arg>${login_input_password}</arg>
<arg>${password}</arg>
</arguments>
<msg timestamp="20210308 16:15:06.677" level="INFO">Typing password into text field 'xpath=//*[@id="inputPassword"]'.</msg>
<status status="PASS" starttime="20210308 16:15:06.676" endtime="20210308 16:15:06.755"></status>
</kw>
<kw name="Sleep" library="BuiltIn">
<doc>Pauses the test executed for the given time.</doc>
<arguments>
<arg>1s</arg>
</arguments>
<msg timestamp="20210308 16:15:07.767" level="INFO">Slept 1 second</msg>
<status status="PASS" starttime="20210308 16:15:06.755" endtime="20210308 16:15:07.767"></status>
</kw>
<kw name="Click Element" library="Selenium2Library">
<doc>Click the element identified by ``locator``.</doc>
<arguments>
<arg>${login_btn}</arg>
</arguments>
<msg timestamp="20210308 16:15:07.767" level="INFO">Clicking element 'xpath=//*[@id="loginForm"]/button'.</msg>
<status status="PASS" starttime="20210308 16:15:07.767" endtime="20210308 16:15:10.062"></status>
</kw>
<status status="PASS" starttime="20210308 16:15:05.252" endtime="20210308 16:15:10.063"></status>
</kw>
<kw name="AND Go to work management page">
<kw name="Go To" library="Selenium2Library">
<doc>Navigates the current browser window to the provided ``url``.</doc>
<arguments>
<arg>https://localhost/gami_ossd/index.php/Source_manager/index/Work</arg>
</arguments>
<msg timestamp="20210308 16:15:10.063" level="INFO">Opening url 'https://localhost/gami_ossd/index.php/Source_manager/index/Work'</msg>
<status status="PASS" starttime="20210308 16:15:10.063" endtime="20210308 16:15:10.989"></status>
</kw>
<status status="PASS" starttime="20210308 16:15:10.063" endtime="20210308 16:15:10.989"></status>
</kw>
<kw name="AND Edit work">
<kw name="Sleep" library="BuiltIn">
<doc>Pauses the test executed for the given time.</doc>
<arguments>
<arg>1s</arg>
</arguments>
<msg timestamp="20210308 16:15:11.997" level="INFO">Slept 1 second</msg>
<status status="PASS" starttime="20210308 16:15:10.990" endtime="20210308 16:15:11.997"></status>
</kw>
<kw name="Click Element" library="Selenium2Library">
<doc>Click the element identified by ``locator``.</doc>
<arguments>
<arg>xpath=//*[@id="example"]/tbody/tr[1]</arg>
</arguments>
<msg timestamp="20210308 16:15:11.997" level="INFO">Clicking element 'xpath=//*[@id="example"]/tbody/tr[1]'.</msg>
<status status="PASS" starttime="20210308 16:15:11.997" endtime="20210308 16:15:12.047"></status>
</kw>
<kw name="Sleep" library="BuiltIn">
<doc>Pauses the test executed for the given time.</doc>
<arguments>
<arg>1s</arg>
</arguments>
<msg timestamp="20210308 16:15:13.058" level="INFO">Slept 1 second</msg>
<status status="PASS" starttime="20210308 16:15:12.047" endtime="20210308 16:15:13.058"></status>
</kw>
<kw name="Click Element" library="Selenium2Library">
<doc>Click the element identified by ``locator``.</doc>
<arguments>
<arg>xpath=//*[@id="example_wrapper"]/div[1]/button[2]</arg>
</arguments>
<msg timestamp="20210308 16:15:13.058" level="INFO">Clicking element 'xpath=//*[@id="example_wrapper"]/div[1]/button[2]'.</msg>
<status status="PASS" starttime="20210308 16:15:13.058" endtime="20210308 16:15:13.102"></status>
</kw>
<kw name="Sleep" library="BuiltIn">
<doc>Pauses the test executed for the given time.</doc>
<arguments>
<arg>1s</arg>
</arguments>
<msg timestamp="20210308 16:15:14.116" level="INFO">Slept 1 second</msg>
<status status="PASS" starttime="20210308 16:15:13.103" endtime="20210308 16:15:14.116"></status>
</kw>
<status status="PASS" starttime="20210308 16:15:10.990" endtime="20210308 16:15:14.116"></status>
</kw>
<kw name="AND Input name work &quot;New work XeditX&quot;">
<kw name="Input Text" library="Selenium2Library">
<doc>Types the given ``text`` into the text field identified by ``locator``.</doc>
<arguments>
<arg>xpath=//*[@id="name"]</arg>
<arg>${name}</arg>
</arguments>
<msg timestamp="20210308 16:15:14.118" level="INFO">Typing text 'New work XeditX' into text field 'xpath=//*[@id="name"]'.</msg>
<status status="PASS" starttime="20210308 16:15:14.117" endtime="20210308 16:15:14.215"></status>
</kw>
<kw name="Sleep" library="BuiltIn">
<doc>Pauses the test executed for the given time.</doc>
<arguments>
<arg>1s</arg>
</arguments>
<msg timestamp="20210308 16:15:15.219" level="INFO">Slept 1 second</msg>
<status status="PASS" starttime="20210308 16:15:14.215" endtime="20210308 16:15:15.219"></status>
</kw>
<status status="PASS" starttime="20210308 16:15:14.117" endtime="20210308 16:15:15.219"></status>
</kw>
<kw name="THEN Submit edit work">
<kw name="Click Element" library="Selenium2Library">
<doc>Click the element identified by ``locator``.</doc>
<arguments>
<arg>xpath=//*[@id="editRowBtn"]</arg>
</arguments>
<msg timestamp="20210308 16:15:15.220" level="INFO">Clicking element 'xpath=//*[@id="editRowBtn"]'.</msg>
<status status="PASS" starttime="20210308 16:15:15.220" endtime="20210308 16:15:16.175"></status>
</kw>
<status status="PASS" starttime="20210308 16:15:15.220" endtime="20210308 16:15:16.175"></status>
</kw>
<kw name="Close Browser" library="Selenium2Library" type="teardown">
<doc>Closes the current browser.</doc>
<status status="PASS" starttime="20210308 16:15:16.175" endtime="20210308 16:15:18.343"></status>
</kw>
<doc>การแก้ไขงาน</doc>
<tags>
<tag>PASS</tag>
</tags>
<status status="PASS" starttime="20210308 16:15:03.012" endtime="20210308 16:15:18.343" critical="yes"></status>
</test>
<test id="s1-t3" name="SCM-Work-TC1-03">
<kw name="GIVEN Open web browser">
<kw name="Open Browser" library="Selenium2Library">
<doc>Opens a new browser instance to the optional ``url``.</doc>
<arguments>
<arg>${url}</arg>
<arg>chrome</arg>
</arguments>
<msg timestamp="20210308 16:15:18.346" level="INFO">Opening browser 'chrome' to base url 'https://localhost/gami_ossd/index.php'.</msg>
<status status="PASS" starttime="20210308 16:15:18.345" endtime="20210308 16:15:20.468"></status>
</kw>
<kw name="Maximize Browser Window" library="Selenium2Library">
<doc>Maximizes current browser window.</doc>
<status status="PASS" starttime="20210308 16:15:20.468" endtime="20210308 16:15:20.605"></status>
</kw>
<status status="PASS" starttime="20210308 16:15:18.345" endtime="20210308 16:15:20.605"></status>
</kw>
<kw name="WHEN Login with &quot;59160161&quot; &quot;59160161&quot;">
<kw name="Click Element" library="Selenium2Library">
<doc>Click the element identified by ``locator``.</doc>
<arguments>
<arg>xpath=//*[@id="details-button"]</arg>
</arguments>
<msg timestamp="20210308 16:15:20.606" level="INFO">Clicking element 'xpath=//*[@id="details-button"]'.</msg>
<status status="PASS" starttime="20210308 16:15:20.606" endtime="20210308 16:15:20.653"></status>
</kw>
<kw name="Click Element" library="Selenium2Library">
<doc>Click the element identified by ``locator``.</doc>
<arguments>
<arg>xpath=//*[@id="proceed-link"]</arg>
</arguments>
<msg timestamp="20210308 16:15:20.653" level="INFO">Clicking element 'xpath=//*[@id="proceed-link"]'.</msg>
<status status="PASS" starttime="20210308 16:15:20.653" endtime="20210308 16:15:22.313"></status>
</kw>
<kw name="Input Text" library="Selenium2Library">
<doc>Types the given ``text`` into the text field identified by ``locator``.</doc>
<arguments>
<arg>${login_input_username}</arg>
<arg>${username}</arg>
</arguments>
<msg timestamp="20210308 16:15:22.314" level="INFO">Typing text '59160161' into text field 'xpath=//*[@id="inputEmail"]'.</msg>
<status status="PASS" starttime="20210308 16:15:22.314" endtime="20210308 16:15:22.388"></status>
</kw>
<kw name="Input Password" library="Selenium2Library">
<doc>Types the given password into the text field identified by ``locator``.</doc>
<arguments>
<arg>${login_input_password}</arg>
<arg>${password}</arg>
</arguments>
<msg timestamp="20210308 16:15:22.388" level="INFO">Typing password into text field 'xpath=//*[@id="inputPassword"]'.</msg>
<status status="PASS" starttime="20210308 16:15:22.388" endtime="20210308 16:15:22.467"></status>
</kw>
<kw name="Sleep" library="BuiltIn">
<doc>Pauses the test executed for the given time.</doc>
<arguments>
<arg>1s</arg>
</arguments>
<msg timestamp="20210308 16:15:23.479" level="INFO">Slept 1 second</msg>
<status status="PASS" starttime="20210308 16:15:22.467" endtime="20210308 16:15:23.479"></status>
</kw>
<kw name="Click Element" library="Selenium2Library">
<doc>Click the element identified by ``locator``.</doc>
<arguments>
<arg>${login_btn}</arg>
</arguments>
<msg timestamp="20210308 16:15:23.479" level="INFO">Clicking element 'xpath=//*[@id="loginForm"]/button'.</msg>
<status status="PASS" starttime="20210308 16:15:23.479" endtime="20210308 16:15:25.771"></status>
</kw>
<status status="PASS" starttime="20210308 16:15:20.606" endtime="20210308 16:15:25.771"></status>
</kw>
<kw name="AND Go to work management page">
<kw name="Go To" library="Selenium2Library">
<doc>Navigates the current browser window to the provided ``url``.</doc>
<arguments>
<arg>https://localhost/gami_ossd/index.php/Source_manager/index/Work</arg>
</arguments>
<msg timestamp="20210308 16:15:25.772" level="INFO">Opening url 'https://localhost/gami_ossd/index.php/Source_manager/index/Work'</msg>
<status status="PASS" starttime="20210308 16:15:25.771" endtime="20210308 16:15:26.283"></status>
</kw>
<status status="PASS" starttime="20210308 16:15:25.771" endtime="20210308 16:15:26.283"></status>
</kw>
<kw name="AND Delete work">
<kw name="Sleep" library="BuiltIn">
<doc>Pauses the test executed for the given time.</doc>
<arguments>
<arg>1s</arg>
</arguments>
<msg timestamp="20210308 16:15:27.300" level="INFO">Slept 1 second</msg>
<status status="PASS" starttime="20210308 16:15:26.284" endtime="20210308 16:15:27.300"></status>
</kw>
<kw name="Click Element" library="Selenium2Library">
<doc>Click the element identified by ``locator``.</doc>
<arguments>
<arg>xpath=//*[@id="example"]/tbody/tr[1]</arg>
</arguments>
<msg timestamp="20210308 16:15:27.300" level="INFO">Clicking element 'xpath=//*[@id="example"]/tbody/tr[1]'.</msg>
<status status="PASS" starttime="20210308 16:15:27.300" endtime="20210308 16:15:27.341"></status>
</kw>
<kw name="Sleep" library="BuiltIn">
<doc>Pauses the test executed for the given time.</doc>
<arguments>
<arg>1s</arg>
</arguments>
<msg timestamp="20210308 16:15:28.348" level="INFO">Slept 1 second</msg>
<status status="PASS" starttime="20210308 16:15:27.342" endtime="20210308 16:15:28.348"></status>
</kw>
<kw name="Click Element" library="Selenium2Library">
<doc>Click the element identified by ``locator``.</doc>
<arguments>
<arg>xpath=//*[@id="example_wrapper"]/div[1]/button[3]</arg>
</arguments>
<msg timestamp="20210308 16:15:28.348" level="INFO">Clicking element 'xpath=//*[@id="example_wrapper"]/div[1]/button[3]'.</msg>
<status status="PASS" starttime="20210308 16:15:28.348" endtime="20210308 16:15:28.393"></status>
</kw>
<kw name="Sleep" library="BuiltIn">
<doc>Pauses the test executed for the given time.</doc>
<arguments>
<arg>1s</arg>
</arguments>
<msg timestamp="20210308 16:15:29.404" level="INFO">Slept 1 second</msg>
<status status="PASS" starttime="20210308 16:15:28.393" endtime="20210308 16:15:29.404"></status>
</kw>
<status status="PASS" starttime="20210308 16:15:26.284" endtime="20210308 16:15:29.404"></status>
</kw>
<kw name="THEN Submit delete work">
<kw name="Click Element" library="Selenium2Library">
<doc>Click the element identified by ``locator``.</doc>
<arguments>
<arg>xpath=//*[@id="deleteRowBtn"]</arg>
</arguments>
<msg timestamp="20210308 16:15:29.405" level="INFO">Clicking element 'xpath=//*[@id="deleteRowBtn"]'.</msg>
<status status="PASS" starttime="20210308 16:15:29.405" endtime="20210308 16:15:30.484"></status>
</kw>
<status status="PASS" starttime="20210308 16:15:29.405" endtime="20210308 16:15:30.484"></status>
</kw>
<kw name="Close Browser" library="Selenium2Library" type="teardown">
<doc>Closes the current browser.</doc>
<status status="PASS" starttime="20210308 16:15:30.485" endtime="20210308 16:15:32.616"></status>
</kw>
<doc>การลบงาน</doc>
<tags>
<tag>PASS</tag>
</tags>
<status status="PASS" starttime="20210308 16:15:18.344" endtime="20210308 16:15:32.617" critical="yes"></status>
</test>
<status status="PASS" starttime="20210308 16:14:47.184" endtime="20210308 16:15:32.619"></status>
</suite>
<statistics>
<total>
<stat pass="3" fail="0">Critical Tests</stat>
<stat pass="3" fail="0">All Tests</stat>
</total>
<tag>
<stat pass="3" fail="0">PASS</stat>
</tag>
<suite>
<stat pass="3" fail="0" id="s1" name="Work">Work</stat>
</suite>
</statistics>
<errors>
</errors>
</robot>
