<?xml version="1.0" encoding="UTF-8"?>
<robot generator="Robot 3.1.2 (Python 3.8.1 on win32)" generated="20210319 11:10:37.652" rpa="false">
<suite id="s1" name="Activity" source="C:\xampp\htdocs\gami_ossd\Test\มอดูลจัดการกิจกรรม\activity.robot">
<test id="s1-t1" name="SCM-activity-TC1-01">
<kw name="GIVEN Open web browser">
<kw name="Open Browser" library="Selenium2Library">
<doc>Opens a new browser instance to the optional ``url``.</doc>
<arguments>
<arg>${url}</arg>
<arg>chrome</arg>
</arguments>
<msg timestamp="20210319 11:10:37.846" level="INFO">Opening browser 'chrome' to base url 'http://localhost/gami_ossd/'.</msg>
<status status="PASS" starttime="20210319 11:10:37.846" endtime="20210319 11:10:40.329"></status>
</kw>
<kw name="Maximize Browser Window" library="Selenium2Library">
<doc>Maximizes current browser window.</doc>
<status status="PASS" starttime="20210319 11:10:40.329" endtime="20210319 11:10:40.455"></status>
</kw>
<status status="PASS" starttime="20210319 11:10:37.846" endtime="20210319 11:10:40.455"></status>
</kw>
<kw name="WHEN Login with &quot;60160169&quot; &quot;60160169&quot;">
<kw name="Input Text" library="Selenium2Library">
<doc>Types the given ``text`` into the text field identified by ``locator``.</doc>
<arguments>
<arg>${login_input_username}</arg>
<arg>${username}</arg>
</arguments>
<msg timestamp="20210319 11:10:40.458" level="INFO">Typing text '60160169' into text field 'xpath=//*[@id="inputEmail"]'.</msg>
<status status="PASS" starttime="20210319 11:10:40.456" endtime="20210319 11:10:40.534"></status>
</kw>
<kw name="Input Password" library="Selenium2Library">
<doc>Types the given password into the text field identified by ``locator``.</doc>
<arguments>
<arg>${login_input_password}</arg>
<arg>${password}</arg>
</arguments>
<msg timestamp="20210319 11:10:40.534" level="INFO">Typing password into text field 'xpath=//*[@id="inputPassword"]'.</msg>
<status status="PASS" starttime="20210319 11:10:40.534" endtime="20210319 11:10:40.619"></status>
</kw>
<kw name="Sleep" library="BuiltIn">
<doc>Pauses the test executed for the given time.</doc>
<arguments>
<arg>1s</arg>
</arguments>
<msg timestamp="20210319 11:10:41.621" level="INFO">Slept 1 second</msg>
<status status="PASS" starttime="20210319 11:10:40.619" endtime="20210319 11:10:41.621"></status>
</kw>
<kw name="Click Element" library="Selenium2Library">
<doc>Click the element identified by ``locator``.</doc>
<arguments>
<arg>${login_btn}</arg>
</arguments>
<msg timestamp="20210319 11:10:41.622" level="INFO">Clicking element 'xpath=//*[@id="loginForm"]/button'.</msg>
<status status="PASS" starttime="20210319 11:10:41.622" endtime="20210319 11:10:41.882"></status>
</kw>
<kw name="Click Element" library="Selenium2Library">
<doc>Click the element identified by ``locator``.</doc>
<arguments>
<arg>xpath=//*[@id="details-button"]</arg>
</arguments>
<msg timestamp="20210319 11:10:41.882" level="INFO">Clicking element 'xpath=//*[@id="details-button"]'.</msg>
<status status="PASS" starttime="20210319 11:10:41.882" endtime="20210319 11:10:41.925"></status>
</kw>
<kw name="Click Element" library="Selenium2Library">
<doc>Click the element identified by ``locator``.</doc>
<arguments>
<arg>xpath=//*[@id="proceed-link"]</arg>
</arguments>
<msg timestamp="20210319 11:10:41.925" level="INFO">Clicking element 'xpath=//*[@id="proceed-link"]'.</msg>
<status status="PASS" starttime="20210319 11:10:41.925" endtime="20210319 11:10:42.989"></status>
</kw>
<status status="PASS" starttime="20210319 11:10:40.456" endtime="20210319 11:10:42.989"></status>
</kw>
<kw name="AND Go to activity page">
<kw name="Go To" library="Selenium2Library">
<doc>Navigates the current browser window to the provided ``url``.</doc>
<arguments>
<arg>https://localhost/gami_ossd/index.php/Source_manager/index/Activity</arg>
</arguments>
<msg timestamp="20210319 11:10:42.991" level="INFO">Opening url 'https://localhost/gami_ossd/index.php/Source_manager/index/Activity'</msg>
<status status="PASS" starttime="20210319 11:10:42.991" endtime="20210319 11:10:43.586"></status>
</kw>
<status status="PASS" starttime="20210319 11:10:42.990" endtime="20210319 11:10:43.586"></status>
</kw>
<kw name="AND Add activity">
<kw name="Click Element" library="Selenium2Library">
<doc>Click the element identified by ``locator``.</doc>
<arguments>
<arg>xpath=/html/body/div[1]/div[2]/section[2]/div/div[2]/div/div[1]/button[1]</arg>
</arguments>
<msg timestamp="20210319 11:10:43.587" level="INFO">Clicking element 'xpath=/html/body/div[1]/div[2]/section[2]/div/div[2]/div/div[1]/button[1]'.</msg>
<status status="PASS" starttime="20210319 11:10:43.587" endtime="20210319 11:10:43.675"></status>
</kw>
<kw name="Sleep" library="BuiltIn">
<doc>Pauses the test executed for the given time.</doc>
<arguments>
<arg>1s</arg>
</arguments>
<msg timestamp="20210319 11:10:44.686" level="INFO">Slept 1 second</msg>
<status status="PASS" starttime="20210319 11:10:43.675" endtime="20210319 11:10:44.686"></status>
</kw>
<status status="PASS" starttime="20210319 11:10:43.587" endtime="20210319 11:10:44.686"></status>
</kw>
<kw name="AND Input name activity &quot;&quot;">
<kw name="Input Text" library="Selenium2Library">
<doc>Types the given ``text`` into the text field identified by ``locator``.</doc>
<arguments>
<arg>xpath=//*[@id="name"]</arg>
<arg>${name}</arg>
</arguments>
<msg timestamp="20210319 11:10:44.687" level="INFO">Typing text '' into text field 'xpath=//*[@id="name"]'.</msg>
<status status="PASS" starttime="20210319 11:10:44.687" endtime="20210319 11:10:44.755"></status>
</kw>
<kw name="Sleep" library="BuiltIn">
<doc>Pauses the test executed for the given time.</doc>
<arguments>
<arg>1s</arg>
</arguments>
<msg timestamp="20210319 11:10:45.760" level="INFO">Slept 1 second</msg>
<status status="PASS" starttime="20210319 11:10:44.755" endtime="20210319 11:10:45.760"></status>
</kw>
<status status="PASS" starttime="20210319 11:10:44.687" endtime="20210319 11:10:45.760"></status>
</kw>
<kw name="AND Input time start activity &quot;&quot;">
<kw name="Input Text" library="Selenium2Library">
<doc>Types the given ``text`` into the text field identified by ``locator``.</doc>
<arguments>
<arg>xpath=//*[@id="time_start"]</arg>
<arg>${ts}</arg>
</arguments>
<msg timestamp="20210319 11:10:45.761" level="INFO">Typing text '' into text field 'xpath=//*[@id="time_start"]'.</msg>
<status status="PASS" starttime="20210319 11:10:45.761" endtime="20210319 11:10:45.832"></status>
</kw>
<kw name="Sleep" library="BuiltIn">
<doc>Pauses the test executed for the given time.</doc>
<arguments>
<arg>1s</arg>
</arguments>
<msg timestamp="20210319 11:10:46.840" level="INFO">Slept 1 second</msg>
<status status="PASS" starttime="20210319 11:10:45.832" endtime="20210319 11:10:46.840"></status>
</kw>
<status status="PASS" starttime="20210319 11:10:45.761" endtime="20210319 11:10:46.841"></status>
</kw>
<kw name="AND Input time end activity &quot;&quot;">
<kw name="Input Text" library="Selenium2Library">
<doc>Types the given ``text`` into the text field identified by ``locator``.</doc>
<arguments>
<arg>xpath=//*[@id="time_end"]</arg>
<arg>${tn}</arg>
</arguments>
<msg timestamp="20210319 11:10:46.842" level="INFO">Typing text '' into text field 'xpath=//*[@id="time_end"]'.</msg>
<status status="PASS" starttime="20210319 11:10:46.842" endtime="20210319 11:10:46.923"></status>
</kw>
<kw name="Sleep" library="BuiltIn">
<doc>Pauses the test executed for the given time.</doc>
<arguments>
<arg>1s</arg>
</arguments>
<msg timestamp="20210319 11:10:47.928" level="INFO">Slept 1 second</msg>
<status status="PASS" starttime="20210319 11:10:46.924" endtime="20210319 11:10:47.928"></status>
</kw>
<status status="PASS" starttime="20210319 11:10:46.841" endtime="20210319 11:10:47.928"></status>
</kw>
<kw name="AND Input date start activity &quot;&quot;">
<kw name="Input Text" library="Selenium2Library">
<doc>Types the given ``text`` into the text field identified by ``locator``.</doc>
<arguments>
<arg>xpath=//*[@id="date_start"]</arg>
<arg>${ds}</arg>
</arguments>
<msg timestamp="20210319 11:10:47.929" level="INFO">Typing text '' into text field 'xpath=//*[@id="date_start"]'.</msg>
<status status="PASS" starttime="20210319 11:10:47.929" endtime="20210319 11:10:47.997"></status>
</kw>
<kw name="Sleep" library="BuiltIn">
<doc>Pauses the test executed for the given time.</doc>
<arguments>
<arg>1s</arg>
</arguments>
<msg timestamp="20210319 11:10:49.002" level="INFO">Slept 1 second</msg>
<status status="PASS" starttime="20210319 11:10:47.997" endtime="20210319 11:10:49.002"></status>
</kw>
<status status="PASS" starttime="20210319 11:10:47.929" endtime="20210319 11:10:49.002"></status>
</kw>
<kw name="AND Input date end activity &quot;&quot;">
<kw name="Input Text" library="Selenium2Library">
<doc>Types the given ``text`` into the text field identified by ``locator``.</doc>
<arguments>
<arg>xpath=//*[@id="date_end"]</arg>
<arg>${dn}</arg>
</arguments>
<msg timestamp="20210319 11:10:49.003" level="INFO">Typing text '' into text field 'xpath=//*[@id="date_end"]'.</msg>
<status status="PASS" starttime="20210319 11:10:49.003" endtime="20210319 11:10:49.069"></status>
</kw>
<kw name="Sleep" library="BuiltIn">
<doc>Pauses the test executed for the given time.</doc>
<arguments>
<arg>1s</arg>
</arguments>
<msg timestamp="20210319 11:10:50.074" level="INFO">Slept 1 second</msg>
<status status="PASS" starttime="20210319 11:10:49.069" endtime="20210319 11:10:50.074"></status>
</kw>
<status status="PASS" starttime="20210319 11:10:49.003" endtime="20210319 11:10:50.075"></status>
</kw>
<kw name="THEN Submit add activity">
<kw name="Click Element" library="Selenium2Library">
<doc>Click the element identified by ``locator``.</doc>
<arguments>
<arg>xpath=//*[@id="addRowBtn"]</arg>
</arguments>
<msg timestamp="20210319 11:10:50.076" level="INFO">Clicking element 'xpath=//*[@id="addRowBtn"]'.</msg>
<status status="PASS" starttime="20210319 11:10:50.076" endtime="20210319 11:10:50.124"></status>
</kw>
<kw name="Sleep" library="BuiltIn">
<doc>Pauses the test executed for the given time.</doc>
<arguments>
<arg>1s</arg>
</arguments>
<msg timestamp="20210319 11:10:51.133" level="INFO">Slept 1 second</msg>
<status status="PASS" starttime="20210319 11:10:50.124" endtime="20210319 11:10:51.133"></status>
</kw>
<status status="PASS" starttime="20210319 11:10:50.076" endtime="20210319 11:10:51.133"></status>
</kw>
<kw name="Close Browser" library="Selenium2Library" type="teardown">
<doc>Closes the current browser.</doc>
<status status="PASS" starttime="20210319 11:10:51.133" endtime="20210319 11:10:53.257"></status>
</kw>
<doc>การเพิ่มกิจกรรมกรณีไม่ใส่ข้อมูล</doc>
<tags>
<tag>FAIL</tag>
</tags>
<status status="PASS" starttime="20210319 11:10:37.844" endtime="20210319 11:10:53.258" critical="yes"></status>
</test>
<test id="s1-t2" name="SCM-activity-TC1-02">
<kw name="GIVEN Open web browser">
<kw name="Open Browser" library="Selenium2Library">
<doc>Opens a new browser instance to the optional ``url``.</doc>
<arguments>
<arg>${url}</arg>
<arg>chrome</arg>
</arguments>
<msg timestamp="20210319 11:10:53.262" level="INFO">Opening browser 'chrome' to base url 'http://localhost/gami_ossd/'.</msg>
<status status="PASS" starttime="20210319 11:10:53.262" endtime="20210319 11:10:55.661"></status>
</kw>
<kw name="Maximize Browser Window" library="Selenium2Library">
<doc>Maximizes current browser window.</doc>
<status status="PASS" starttime="20210319 11:10:55.661" endtime="20210319 11:10:55.791"></status>
</kw>
<status status="PASS" starttime="20210319 11:10:53.261" endtime="20210319 11:10:55.791"></status>
</kw>
<kw name="WHEN Login with &quot;60160169&quot; &quot;60160169&quot;">
<kw name="Input Text" library="Selenium2Library">
<doc>Types the given ``text`` into the text field identified by ``locator``.</doc>
<arguments>
<arg>${login_input_username}</arg>
<arg>${username}</arg>
</arguments>
<msg timestamp="20210319 11:10:55.792" level="INFO">Typing text '60160169' into text field 'xpath=//*[@id="inputEmail"]'.</msg>
<status status="PASS" starttime="20210319 11:10:55.792" endtime="20210319 11:10:55.868"></status>
</kw>
<kw name="Input Password" library="Selenium2Library">
<doc>Types the given password into the text field identified by ``locator``.</doc>
<arguments>
<arg>${login_input_password}</arg>
<arg>${password}</arg>
</arguments>
<msg timestamp="20210319 11:10:55.869" level="INFO">Typing password into text field 'xpath=//*[@id="inputPassword"]'.</msg>
<status status="PASS" starttime="20210319 11:10:55.869" endtime="20210319 11:10:55.951"></status>
</kw>
<kw name="Sleep" library="BuiltIn">
<doc>Pauses the test executed for the given time.</doc>
<arguments>
<arg>1s</arg>
</arguments>
<msg timestamp="20210319 11:10:56.953" level="INFO">Slept 1 second</msg>
<status status="PASS" starttime="20210319 11:10:55.951" endtime="20210319 11:10:56.953"></status>
</kw>
<kw name="Click Element" library="Selenium2Library">
<doc>Click the element identified by ``locator``.</doc>
<arguments>
<arg>${login_btn}</arg>
</arguments>
<msg timestamp="20210319 11:10:56.953" level="INFO">Clicking element 'xpath=//*[@id="loginForm"]/button'.</msg>
<status status="PASS" starttime="20210319 11:10:56.953" endtime="20210319 11:10:57.203"></status>
</kw>
<kw name="Click Element" library="Selenium2Library">
<doc>Click the element identified by ``locator``.</doc>
<arguments>
<arg>xpath=//*[@id="details-button"]</arg>
</arguments>
<msg timestamp="20210319 11:10:57.204" level="INFO">Clicking element 'xpath=//*[@id="details-button"]'.</msg>
<status status="PASS" starttime="20210319 11:10:57.204" endtime="20210319 11:10:57.249"></status>
</kw>
<kw name="Click Element" library="Selenium2Library">
<doc>Click the element identified by ``locator``.</doc>
<arguments>
<arg>xpath=//*[@id="proceed-link"]</arg>
</arguments>
<msg timestamp="20210319 11:10:57.249" level="INFO">Clicking element 'xpath=//*[@id="proceed-link"]'.</msg>
<status status="PASS" starttime="20210319 11:10:57.249" endtime="20210319 11:10:58.204"></status>
</kw>
<status status="PASS" starttime="20210319 11:10:55.791" endtime="20210319 11:10:58.205"></status>
</kw>
<kw name="AND Go to activity page">
<kw name="Go To" library="Selenium2Library">
<doc>Navigates the current browser window to the provided ``url``.</doc>
<arguments>
<arg>https://localhost/gami_ossd/index.php/Source_manager/index/Activity</arg>
</arguments>
<msg timestamp="20210319 11:10:58.207" level="INFO">Opening url 'https://localhost/gami_ossd/index.php/Source_manager/index/Activity'</msg>
<status status="PASS" starttime="20210319 11:10:58.206" endtime="20210319 11:10:58.820"></status>
</kw>
<status status="PASS" starttime="20210319 11:10:58.206" endtime="20210319 11:10:58.820"></status>
</kw>
<kw name="AND Add activity">
<kw name="Click Element" library="Selenium2Library">
<doc>Click the element identified by ``locator``.</doc>
<arguments>
<arg>xpath=/html/body/div[1]/div[2]/section[2]/div/div[2]/div/div[1]/button[1]</arg>
</arguments>
<msg timestamp="20210319 11:10:58.821" level="INFO">Clicking element 'xpath=/html/body/div[1]/div[2]/section[2]/div/div[2]/div/div[1]/button[1]'.</msg>
<status status="PASS" starttime="20210319 11:10:58.821" endtime="20210319 11:10:58.918"></status>
</kw>
<kw name="Sleep" library="BuiltIn">
<doc>Pauses the test executed for the given time.</doc>
<arguments>
<arg>1s</arg>
</arguments>
<msg timestamp="20210319 11:10:59.928" level="INFO">Slept 1 second</msg>
<status status="PASS" starttime="20210319 11:10:58.918" endtime="20210319 11:10:59.928"></status>
</kw>
<status status="PASS" starttime="20210319 11:10:58.821" endtime="20210319 11:10:59.928"></status>
</kw>
<kw name="AND Input name activity &quot;&quot;">
<kw name="Input Text" library="Selenium2Library">
<doc>Types the given ``text`` into the text field identified by ``locator``.</doc>
<arguments>
<arg>xpath=//*[@id="name"]</arg>
<arg>${name}</arg>
</arguments>
<msg timestamp="20210319 11:10:59.929" level="INFO">Typing text '' into text field 'xpath=//*[@id="name"]'.</msg>
<status status="PASS" starttime="20210319 11:10:59.929" endtime="20210319 11:10:59.995"></status>
</kw>
<kw name="Sleep" library="BuiltIn">
<doc>Pauses the test executed for the given time.</doc>
<arguments>
<arg>1s</arg>
</arguments>
<msg timestamp="20210319 11:11:01.006" level="INFO">Slept 1 second</msg>
<status status="PASS" starttime="20210319 11:10:59.996" endtime="20210319 11:11:01.006"></status>
</kw>
<status status="PASS" starttime="20210319 11:10:59.929" endtime="20210319 11:11:01.006"></status>
</kw>
<kw name="AND Input time start activity &quot;07:00&quot;">
<kw name="Input Text" library="Selenium2Library">
<doc>Types the given ``text`` into the text field identified by ``locator``.</doc>
<arguments>
<arg>xpath=//*[@id="time_start"]</arg>
<arg>${ts}</arg>
</arguments>
<msg timestamp="20210319 11:11:01.007" level="INFO">Typing text '07:00' into text field 'xpath=//*[@id="time_start"]'.</msg>
<status status="PASS" starttime="20210319 11:11:01.007" endtime="20210319 11:11:01.088"></status>
</kw>
<kw name="Sleep" library="BuiltIn">
<doc>Pauses the test executed for the given time.</doc>
<arguments>
<arg>1s</arg>
</arguments>
<msg timestamp="20210319 11:11:02.096" level="INFO">Slept 1 second</msg>
<status status="PASS" starttime="20210319 11:11:01.088" endtime="20210319 11:11:02.096"></status>
</kw>
<status status="PASS" starttime="20210319 11:11:01.007" endtime="20210319 11:11:02.096"></status>
</kw>
<kw name="AND Input time end activity &quot;09:00&quot;">
<kw name="Input Text" library="Selenium2Library">
<doc>Types the given ``text`` into the text field identified by ``locator``.</doc>
<arguments>
<arg>xpath=//*[@id="time_end"]</arg>
<arg>${tn}</arg>
</arguments>
<msg timestamp="20210319 11:11:02.097" level="INFO">Typing text '09:00' into text field 'xpath=//*[@id="time_end"]'.</msg>
<status status="PASS" starttime="20210319 11:11:02.097" endtime="20210319 11:11:02.172"></status>
</kw>
<kw name="Sleep" library="BuiltIn">
<doc>Pauses the test executed for the given time.</doc>
<arguments>
<arg>1s</arg>
</arguments>
<msg timestamp="20210319 11:11:03.184" level="INFO">Slept 1 second</msg>
<status status="PASS" starttime="20210319 11:11:02.172" endtime="20210319 11:11:03.184"></status>
</kw>
<status status="PASS" starttime="20210319 11:11:02.097" endtime="20210319 11:11:03.184"></status>
</kw>
<kw name="AND Input date start activity &quot;2020/01/03&quot;">
<kw name="Input Text" library="Selenium2Library">
<doc>Types the given ``text`` into the text field identified by ``locator``.</doc>
<arguments>
<arg>xpath=//*[@id="date_start"]</arg>
<arg>${ds}</arg>
</arguments>
<msg timestamp="20210319 11:11:03.185" level="INFO">Typing text '2020/01/03' into text field 'xpath=//*[@id="date_start"]'.</msg>
<status status="PASS" starttime="20210319 11:11:03.185" endtime="20210319 11:11:03.265"></status>
</kw>
<kw name="Sleep" library="BuiltIn">
<doc>Pauses the test executed for the given time.</doc>
<arguments>
<arg>1s</arg>
</arguments>
<msg timestamp="20210319 11:11:04.278" level="INFO">Slept 1 second</msg>
<status status="PASS" starttime="20210319 11:11:03.265" endtime="20210319 11:11:04.278"></status>
</kw>
<status status="PASS" starttime="20210319 11:11:03.185" endtime="20210319 11:11:04.278"></status>
</kw>
<kw name="AND Input date end activity &quot;2021/01/03&quot;">
<kw name="Input Text" library="Selenium2Library">
<doc>Types the given ``text`` into the text field identified by ``locator``.</doc>
<arguments>
<arg>xpath=//*[@id="date_end"]</arg>
<arg>${dn}</arg>
</arguments>
<msg timestamp="20210319 11:11:04.281" level="INFO">Typing text '2021/01/03' into text field 'xpath=//*[@id="date_end"]'.</msg>
<status status="PASS" starttime="20210319 11:11:04.280" endtime="20210319 11:11:04.392"></status>
</kw>
<kw name="Sleep" library="BuiltIn">
<doc>Pauses the test executed for the given time.</doc>
<arguments>
<arg>1s</arg>
</arguments>
<msg timestamp="20210319 11:11:05.400" level="INFO">Slept 1 second</msg>
<status status="PASS" starttime="20210319 11:11:04.392" endtime="20210319 11:11:05.400"></status>
</kw>
<status status="PASS" starttime="20210319 11:11:04.279" endtime="20210319 11:11:05.400"></status>
</kw>
<kw name="THEN Submit add activity">
<kw name="Click Element" library="Selenium2Library">
<doc>Click the element identified by ``locator``.</doc>
<arguments>
<arg>xpath=//*[@id="addRowBtn"]</arg>
</arguments>
<msg timestamp="20210319 11:11:05.401" level="INFO">Clicking element 'xpath=//*[@id="addRowBtn"]'.</msg>
<status status="PASS" starttime="20210319 11:11:05.401" endtime="20210319 11:11:05.452"></status>
</kw>
<kw name="Sleep" library="BuiltIn">
<doc>Pauses the test executed for the given time.</doc>
<arguments>
<arg>1s</arg>
</arguments>
<msg timestamp="20210319 11:11:06.459" level="INFO">Slept 1 second</msg>
<status status="PASS" starttime="20210319 11:11:05.452" endtime="20210319 11:11:06.459"></status>
</kw>
<status status="PASS" starttime="20210319 11:11:05.401" endtime="20210319 11:11:06.459"></status>
</kw>
<kw name="Close Browser" library="Selenium2Library" type="teardown">
<doc>Closes the current browser.</doc>
<status status="PASS" starttime="20210319 11:11:06.460" endtime="20210319 11:11:08.581"></status>
</kw>
<doc>การเพิ่มกิจกรรมกรณีไม่ใส่ชื่อข้อมูล</doc>
<tags>
<tag>FAIL</tag>
</tags>
<status status="PASS" starttime="20210319 11:10:53.260" endtime="20210319 11:11:08.582" critical="yes"></status>
</test>
<test id="s1-t3" name="SCM-activity-TC1-03">
<kw name="GIVEN Open web browser">
<kw name="Open Browser" library="Selenium2Library">
<doc>Opens a new browser instance to the optional ``url``.</doc>
<arguments>
<arg>${url}</arg>
<arg>chrome</arg>
</arguments>
<msg timestamp="20210319 11:11:08.587" level="INFO">Opening browser 'chrome' to base url 'http://localhost/gami_ossd/'.</msg>
<status status="PASS" starttime="20210319 11:11:08.586" endtime="20210319 11:11:11.089"></status>
</kw>
<kw name="Maximize Browser Window" library="Selenium2Library">
<doc>Maximizes current browser window.</doc>
<status status="PASS" starttime="20210319 11:11:11.089" endtime="20210319 11:11:11.222"></status>
</kw>
<status status="PASS" starttime="20210319 11:11:08.586" endtime="20210319 11:11:11.222"></status>
</kw>
<kw name="WHEN Login with &quot;60160169&quot; &quot;60160169&quot;">
<kw name="Input Text" library="Selenium2Library">
<doc>Types the given ``text`` into the text field identified by ``locator``.</doc>
<arguments>
<arg>${login_input_username}</arg>
<arg>${username}</arg>
</arguments>
<msg timestamp="20210319 11:11:11.222" level="INFO">Typing text '60160169' into text field 'xpath=//*[@id="inputEmail"]'.</msg>
<status status="PASS" starttime="20210319 11:11:11.222" endtime="20210319 11:11:11.289"></status>
</kw>
<kw name="Input Password" library="Selenium2Library">
<doc>Types the given password into the text field identified by ``locator``.</doc>
<arguments>
<arg>${login_input_password}</arg>
<arg>${password}</arg>
</arguments>
<msg timestamp="20210319 11:11:11.289" level="INFO">Typing password into text field 'xpath=//*[@id="inputPassword"]'.</msg>
<status status="PASS" starttime="20210319 11:11:11.289" endtime="20210319 11:11:11.360"></status>
</kw>
<kw name="Sleep" library="BuiltIn">
<doc>Pauses the test executed for the given time.</doc>
<arguments>
<arg>1s</arg>
</arguments>
<msg timestamp="20210319 11:11:12.372" level="INFO">Slept 1 second</msg>
<status status="PASS" starttime="20210319 11:11:11.360" endtime="20210319 11:11:12.372"></status>
</kw>
<kw name="Click Element" library="Selenium2Library">
<doc>Click the element identified by ``locator``.</doc>
<arguments>
<arg>${login_btn}</arg>
</arguments>
<msg timestamp="20210319 11:11:12.372" level="INFO">Clicking element 'xpath=//*[@id="loginForm"]/button'.</msg>
<status status="PASS" starttime="20210319 11:11:12.372" endtime="20210319 11:11:12.630"></status>
</kw>
<kw name="Click Element" library="Selenium2Library">
<doc>Click the element identified by ``locator``.</doc>
<arguments>
<arg>xpath=//*[@id="details-button"]</arg>
</arguments>
<msg timestamp="20210319 11:11:12.631" level="INFO">Clicking element 'xpath=//*[@id="details-button"]'.</msg>
<status status="PASS" starttime="20210319 11:11:12.630" endtime="20210319 11:11:12.674"></status>
</kw>
<kw name="Click Element" library="Selenium2Library">
<doc>Click the element identified by ``locator``.</doc>
<arguments>
<arg>xpath=//*[@id="proceed-link"]</arg>
</arguments>
<msg timestamp="20210319 11:11:12.675" level="INFO">Clicking element 'xpath=//*[@id="proceed-link"]'.</msg>
<status status="PASS" starttime="20210319 11:11:12.674" endtime="20210319 11:11:13.742"></status>
</kw>
<status status="PASS" starttime="20210319 11:11:11.222" endtime="20210319 11:11:13.742"></status>
</kw>
<kw name="AND Go to activity page">
<kw name="Go To" library="Selenium2Library">
<doc>Navigates the current browser window to the provided ``url``.</doc>
<arguments>
<arg>https://localhost/gami_ossd/index.php/Source_manager/index/Activity</arg>
</arguments>
<msg timestamp="20210319 11:11:13.744" level="INFO">Opening url 'https://localhost/gami_ossd/index.php/Source_manager/index/Activity'</msg>
<status status="PASS" starttime="20210319 11:11:13.744" endtime="20210319 11:11:14.304"></status>
</kw>
<status status="PASS" starttime="20210319 11:11:13.743" endtime="20210319 11:11:14.304"></status>
</kw>
<kw name="AND Add activity">
<kw name="Click Element" library="Selenium2Library">
<doc>Click the element identified by ``locator``.</doc>
<arguments>
<arg>xpath=/html/body/div[1]/div[2]/section[2]/div/div[2]/div/div[1]/button[1]</arg>
</arguments>
<msg timestamp="20210319 11:11:14.305" level="INFO">Clicking element 'xpath=/html/body/div[1]/div[2]/section[2]/div/div[2]/div/div[1]/button[1]'.</msg>
<status status="PASS" starttime="20210319 11:11:14.305" endtime="20210319 11:11:14.405"></status>
</kw>
<kw name="Sleep" library="BuiltIn">
<doc>Pauses the test executed for the given time.</doc>
<arguments>
<arg>1s</arg>
</arguments>
<msg timestamp="20210319 11:11:15.416" level="INFO">Slept 1 second</msg>
<status status="PASS" starttime="20210319 11:11:14.405" endtime="20210319 11:11:15.416"></status>
</kw>
<status status="PASS" starttime="20210319 11:11:14.305" endtime="20210319 11:11:15.416"></status>
</kw>
<kw name="AND Input name activity &quot;New activity&quot;">
<kw name="Input Text" library="Selenium2Library">
<doc>Types the given ``text`` into the text field identified by ``locator``.</doc>
<arguments>
<arg>xpath=//*[@id="name"]</arg>
<arg>${name}</arg>
</arguments>
<msg timestamp="20210319 11:11:15.417" level="INFO">Typing text 'New activity' into text field 'xpath=//*[@id="name"]'.</msg>
<status status="PASS" starttime="20210319 11:11:15.417" endtime="20210319 11:11:15.499"></status>
</kw>
<kw name="Sleep" library="BuiltIn">
<doc>Pauses the test executed for the given time.</doc>
<arguments>
<arg>1s</arg>
</arguments>
<msg timestamp="20210319 11:11:16.506" level="INFO">Slept 1 second</msg>
<status status="PASS" starttime="20210319 11:11:15.499" endtime="20210319 11:11:16.506"></status>
</kw>
<status status="PASS" starttime="20210319 11:11:15.417" endtime="20210319 11:11:16.506"></status>
</kw>
<kw name="AND Input time start activity &quot;&quot;">
<kw name="Input Text" library="Selenium2Library">
<doc>Types the given ``text`` into the text field identified by ``locator``.</doc>
<arguments>
<arg>xpath=//*[@id="time_start"]</arg>
<arg>${ts}</arg>
</arguments>
<msg timestamp="20210319 11:11:16.507" level="INFO">Typing text '' into text field 'xpath=//*[@id="time_start"]'.</msg>
<status status="PASS" starttime="20210319 11:11:16.507" endtime="20210319 11:11:16.576"></status>
</kw>
<kw name="Sleep" library="BuiltIn">
<doc>Pauses the test executed for the given time.</doc>
<arguments>
<arg>1s</arg>
</arguments>
<msg timestamp="20210319 11:11:17.581" level="INFO">Slept 1 second</msg>
<status status="PASS" starttime="20210319 11:11:16.576" endtime="20210319 11:11:17.581"></status>
</kw>
<status status="PASS" starttime="20210319 11:11:16.507" endtime="20210319 11:11:17.581"></status>
</kw>
<kw name="AND Input time end activity &quot;09:00&quot;">
<kw name="Input Text" library="Selenium2Library">
<doc>Types the given ``text`` into the text field identified by ``locator``.</doc>
<arguments>
<arg>xpath=//*[@id="time_end"]</arg>
<arg>${tn}</arg>
</arguments>
<msg timestamp="20210319 11:11:17.582" level="INFO">Typing text '09:00' into text field 'xpath=//*[@id="time_end"]'.</msg>
<status status="PASS" starttime="20210319 11:11:17.582" endtime="20210319 11:11:17.683"></status>
</kw>
<kw name="Sleep" library="BuiltIn">
<doc>Pauses the test executed for the given time.</doc>
<arguments>
<arg>1s</arg>
</arguments>
<msg timestamp="20210319 11:11:18.694" level="INFO">Slept 1 second</msg>
<status status="PASS" starttime="20210319 11:11:17.684" endtime="20210319 11:11:18.694"></status>
</kw>
<status status="PASS" starttime="20210319 11:11:17.582" endtime="20210319 11:11:18.694"></status>
</kw>
<kw name="AND Input date start activity &quot;2020/01/03&quot;">
<kw name="Input Text" library="Selenium2Library">
<doc>Types the given ``text`` into the text field identified by ``locator``.</doc>
<arguments>
<arg>xpath=//*[@id="date_start"]</arg>
<arg>${ds}</arg>
</arguments>
<msg timestamp="20210319 11:11:18.695" level="INFO">Typing text '2020/01/03' into text field 'xpath=//*[@id="date_start"]'.</msg>
<status status="PASS" starttime="20210319 11:11:18.695" endtime="20210319 11:11:18.794"></status>
</kw>
<kw name="Sleep" library="BuiltIn">
<doc>Pauses the test executed for the given time.</doc>
<arguments>
<arg>1s</arg>
</arguments>
<msg timestamp="20210319 11:11:19.799" level="INFO">Slept 1 second</msg>
<status status="PASS" starttime="20210319 11:11:18.794" endtime="20210319 11:11:19.799"></status>
</kw>
<status status="PASS" starttime="20210319 11:11:18.694" endtime="20210319 11:11:19.799"></status>
</kw>
<kw name="AND Input date end activity &quot;2021/01/03&quot;">
<kw name="Input Text" library="Selenium2Library">
<doc>Types the given ``text`` into the text field identified by ``locator``.</doc>
<arguments>
<arg>xpath=//*[@id="date_end"]</arg>
<arg>${dn}</arg>
</arguments>
<msg timestamp="20210319 11:11:19.800" level="INFO">Typing text '2021/01/03' into text field 'xpath=//*[@id="date_end"]'.</msg>
<status status="PASS" starttime="20210319 11:11:19.800" endtime="20210319 11:11:19.907"></status>
</kw>
<kw name="Sleep" library="BuiltIn">
<doc>Pauses the test executed for the given time.</doc>
<arguments>
<arg>1s</arg>
</arguments>
<msg timestamp="20210319 11:11:20.922" level="INFO">Slept 1 second</msg>
<status status="PASS" starttime="20210319 11:11:19.907" endtime="20210319 11:11:20.922"></status>
</kw>
<status status="PASS" starttime="20210319 11:11:19.800" endtime="20210319 11:11:20.922"></status>
</kw>
<kw name="THEN Submit add activity">
<kw name="Click Element" library="Selenium2Library">
<doc>Click the element identified by ``locator``.</doc>
<arguments>
<arg>xpath=//*[@id="addRowBtn"]</arg>
</arguments>
<msg timestamp="20210319 11:11:20.923" level="INFO">Clicking element 'xpath=//*[@id="addRowBtn"]'.</msg>
<status status="PASS" starttime="20210319 11:11:20.923" endtime="20210319 11:11:20.966"></status>
</kw>
<kw name="Sleep" library="BuiltIn">
<doc>Pauses the test executed for the given time.</doc>
<arguments>
<arg>1s</arg>
</arguments>
<msg timestamp="20210319 11:11:21.967" level="INFO">Slept 1 second</msg>
<status status="PASS" starttime="20210319 11:11:20.966" endtime="20210319 11:11:21.967"></status>
</kw>
<status status="PASS" starttime="20210319 11:11:20.923" endtime="20210319 11:11:21.967"></status>
</kw>
<kw name="Close Browser" library="Selenium2Library" type="teardown">
<doc>Closes the current browser.</doc>
<status status="PASS" starttime="20210319 11:11:21.968" endtime="20210319 11:11:24.101"></status>
</kw>
<doc>การเพิ่มกิจกรรมกรณีไม่ใส่เวลาเริ่มต้น</doc>
<tags>
<tag>FAIL</tag>
</tags>
<status status="PASS" starttime="20210319 11:11:08.584" endtime="20210319 11:11:24.101" critical="yes"></status>
</test>
<test id="s1-t4" name="SCM-activity-TC1-04">
<kw name="GIVEN Open web browser">
<kw name="Open Browser" library="Selenium2Library">
<doc>Opens a new browser instance to the optional ``url``.</doc>
<arguments>
<arg>${url}</arg>
<arg>chrome</arg>
</arguments>
<msg timestamp="20210319 11:11:24.107" level="INFO">Opening browser 'chrome' to base url 'http://localhost/gami_ossd/'.</msg>
<status status="PASS" starttime="20210319 11:11:24.106" endtime="20210319 11:11:26.582"></status>
</kw>
<kw name="Maximize Browser Window" library="Selenium2Library">
<doc>Maximizes current browser window.</doc>
<status status="PASS" starttime="20210319 11:11:26.582" endtime="20210319 11:11:26.711"></status>
</kw>
<status status="PASS" starttime="20210319 11:11:24.106" endtime="20210319 11:11:26.711"></status>
</kw>
<kw name="WHEN Login with &quot;60160169&quot; &quot;60160169&quot;">
<kw name="Input Text" library="Selenium2Library">
<doc>Types the given ``text`` into the text field identified by ``locator``.</doc>
<arguments>
<arg>${login_input_username}</arg>
<arg>${username}</arg>
</arguments>
<msg timestamp="20210319 11:11:26.712" level="INFO">Typing text '60160169' into text field 'xpath=//*[@id="inputEmail"]'.</msg>
<status status="PASS" starttime="20210319 11:11:26.712" endtime="20210319 11:11:26.780"></status>
</kw>
<kw name="Input Password" library="Selenium2Library">
<doc>Types the given password into the text field identified by ``locator``.</doc>
<arguments>
<arg>${login_input_password}</arg>
<arg>${password}</arg>
</arguments>
<msg timestamp="20210319 11:11:26.780" level="INFO">Typing password into text field 'xpath=//*[@id="inputPassword"]'.</msg>
<status status="PASS" starttime="20210319 11:11:26.780" endtime="20210319 11:11:26.858"></status>
</kw>
<kw name="Sleep" library="BuiltIn">
<doc>Pauses the test executed for the given time.</doc>
<arguments>
<arg>1s</arg>
</arguments>
<msg timestamp="20210319 11:11:27.858" level="INFO">Slept 1 second</msg>
<status status="PASS" starttime="20210319 11:11:26.858" endtime="20210319 11:11:27.858"></status>
</kw>
<kw name="Click Element" library="Selenium2Library">
<doc>Click the element identified by ``locator``.</doc>
<arguments>
<arg>${login_btn}</arg>
</arguments>
<msg timestamp="20210319 11:11:27.858" level="INFO">Clicking element 'xpath=//*[@id="loginForm"]/button'.</msg>
<status status="PASS" starttime="20210319 11:11:27.858" endtime="20210319 11:11:28.114"></status>
</kw>
<kw name="Click Element" library="Selenium2Library">
<doc>Click the element identified by ``locator``.</doc>
<arguments>
<arg>xpath=//*[@id="details-button"]</arg>
</arguments>
<msg timestamp="20210319 11:11:28.115" level="INFO">Clicking element 'xpath=//*[@id="details-button"]'.</msg>
<status status="PASS" starttime="20210319 11:11:28.114" endtime="20210319 11:11:28.161"></status>
</kw>
<kw name="Click Element" library="Selenium2Library">
<doc>Click the element identified by ``locator``.</doc>
<arguments>
<arg>xpath=//*[@id="proceed-link"]</arg>
</arguments>
<msg timestamp="20210319 11:11:28.161" level="INFO">Clicking element 'xpath=//*[@id="proceed-link"]'.</msg>
<status status="PASS" starttime="20210319 11:11:28.161" endtime="20210319 11:11:29.396"></status>
</kw>
<status status="PASS" starttime="20210319 11:11:26.711" endtime="20210319 11:11:29.396"></status>
</kw>
<kw name="AND Go to activity page">
<kw name="Go To" library="Selenium2Library">
<doc>Navigates the current browser window to the provided ``url``.</doc>
<arguments>
<arg>https://localhost/gami_ossd/index.php/Source_manager/index/Activity</arg>
</arguments>
<msg timestamp="20210319 11:11:29.397" level="INFO">Opening url 'https://localhost/gami_ossd/index.php/Source_manager/index/Activity'</msg>
<status status="PASS" starttime="20210319 11:11:29.397" endtime="20210319 11:11:30.085"></status>
</kw>
<status status="PASS" starttime="20210319 11:11:29.397" endtime="20210319 11:11:30.085"></status>
</kw>
<kw name="AND Add activity">
<kw name="Click Element" library="Selenium2Library">
<doc>Click the element identified by ``locator``.</doc>
<arguments>
<arg>xpath=/html/body/div[1]/div[2]/section[2]/div/div[2]/div/div[1]/button[1]</arg>
</arguments>
<msg timestamp="20210319 11:11:30.088" level="INFO">Clicking element 'xpath=/html/body/div[1]/div[2]/section[2]/div/div[2]/div/div[1]/button[1]'.</msg>
<status status="PASS" starttime="20210319 11:11:30.087" endtime="20210319 11:11:30.214"></status>
</kw>
<kw name="Sleep" library="BuiltIn">
<doc>Pauses the test executed for the given time.</doc>
<arguments>
<arg>1s</arg>
</arguments>
<msg timestamp="20210319 11:11:31.224" level="INFO">Slept 1 second</msg>
<status status="PASS" starttime="20210319 11:11:30.214" endtime="20210319 11:11:31.224"></status>
</kw>
<status status="PASS" starttime="20210319 11:11:30.086" endtime="20210319 11:11:31.224"></status>
</kw>
<kw name="AND Input name activity &quot;New activity&quot;">
<kw name="Input Text" library="Selenium2Library">
<doc>Types the given ``text`` into the text field identified by ``locator``.</doc>
<arguments>
<arg>xpath=//*[@id="name"]</arg>
<arg>${name}</arg>
</arguments>
<msg timestamp="20210319 11:11:31.225" level="INFO">Typing text 'New activity' into text field 'xpath=//*[@id="name"]'.</msg>
<status status="PASS" starttime="20210319 11:11:31.225" endtime="20210319 11:11:31.305"></status>
</kw>
<kw name="Sleep" library="BuiltIn">
<doc>Pauses the test executed for the given time.</doc>
<arguments>
<arg>1s</arg>
</arguments>
<msg timestamp="20210319 11:11:32.314" level="INFO">Slept 1 second</msg>
<status status="PASS" starttime="20210319 11:11:31.306" endtime="20210319 11:11:32.314"></status>
</kw>
<status status="PASS" starttime="20210319 11:11:31.225" endtime="20210319 11:11:32.314"></status>
</kw>
<kw name="AND Input time start activity &quot;07:00&quot;">
<kw name="Input Text" library="Selenium2Library">
<doc>Types the given ``text`` into the text field identified by ``locator``.</doc>
<arguments>
<arg>xpath=//*[@id="time_start"]</arg>
<arg>${ts}</arg>
</arguments>
<msg timestamp="20210319 11:11:32.314" level="INFO">Typing text '07:00' into text field 'xpath=//*[@id="time_start"]'.</msg>
<status status="PASS" starttime="20210319 11:11:32.314" endtime="20210319 11:11:32.388"></status>
</kw>
<kw name="Sleep" library="BuiltIn">
<doc>Pauses the test executed for the given time.</doc>
<arguments>
<arg>1s</arg>
</arguments>
<msg timestamp="20210319 11:11:33.393" level="INFO">Slept 1 second</msg>
<status status="PASS" starttime="20210319 11:11:32.389" endtime="20210319 11:11:33.393"></status>
</kw>
<status status="PASS" starttime="20210319 11:11:32.314" endtime="20210319 11:11:33.393"></status>
</kw>
<kw name="AND Input time end activity &quot;&quot;">
<kw name="Input Text" library="Selenium2Library">
<doc>Types the given ``text`` into the text field identified by ``locator``.</doc>
<arguments>
<arg>xpath=//*[@id="time_end"]</arg>
<arg>${tn}</arg>
</arguments>
<msg timestamp="20210319 11:11:33.394" level="INFO">Typing text '' into text field 'xpath=//*[@id="time_end"]'.</msg>
<status status="PASS" starttime="20210319 11:11:33.394" endtime="20210319 11:11:33.464"></status>
</kw>
<kw name="Sleep" library="BuiltIn">
<doc>Pauses the test executed for the given time.</doc>
<arguments>
<arg>1s</arg>
</arguments>
<msg timestamp="20210319 11:11:34.466" level="INFO">Slept 1 second</msg>
<status status="PASS" starttime="20210319 11:11:33.464" endtime="20210319 11:11:34.466"></status>
</kw>
<status status="PASS" starttime="20210319 11:11:33.394" endtime="20210319 11:11:34.466"></status>
</kw>
<kw name="AND Input date start activity &quot;2020/01/03&quot;">
<kw name="Input Text" library="Selenium2Library">
<doc>Types the given ``text`` into the text field identified by ``locator``.</doc>
<arguments>
<arg>xpath=//*[@id="date_start"]</arg>
<arg>${ds}</arg>
</arguments>
<msg timestamp="20210319 11:11:34.467" level="INFO">Typing text '2020/01/03' into text field 'xpath=//*[@id="date_start"]'.</msg>
<status status="PASS" starttime="20210319 11:11:34.467" endtime="20210319 11:11:34.549"></status>
</kw>
<kw name="Sleep" library="BuiltIn">
<doc>Pauses the test executed for the given time.</doc>
<arguments>
<arg>1s</arg>
</arguments>
<msg timestamp="20210319 11:11:35.562" level="INFO">Slept 1 second</msg>
<status status="PASS" starttime="20210319 11:11:34.549" endtime="20210319 11:11:35.562"></status>
</kw>
<status status="PASS" starttime="20210319 11:11:34.467" endtime="20210319 11:11:35.562"></status>
</kw>
<kw name="AND Input date end activity &quot;2021/01/03&quot;">
<kw name="Input Text" library="Selenium2Library">
<doc>Types the given ``text`` into the text field identified by ``locator``.</doc>
<arguments>
<arg>xpath=//*[@id="date_end"]</arg>
<arg>${dn}</arg>
</arguments>
<msg timestamp="20210319 11:11:35.563" level="INFO">Typing text '2021/01/03' into text field 'xpath=//*[@id="date_end"]'.</msg>
<status status="PASS" starttime="20210319 11:11:35.563" endtime="20210319 11:11:35.641"></status>
</kw>
<kw name="Sleep" library="BuiltIn">
<doc>Pauses the test executed for the given time.</doc>
<arguments>
<arg>1s</arg>
</arguments>
<msg timestamp="20210319 11:11:36.655" level="INFO">Slept 1 second</msg>
<status status="PASS" starttime="20210319 11:11:35.641" endtime="20210319 11:11:36.655"></status>
</kw>
<status status="PASS" starttime="20210319 11:11:35.563" endtime="20210319 11:11:36.655"></status>
</kw>
<kw name="THEN Submit add activity">
<kw name="Click Element" library="Selenium2Library">
<doc>Click the element identified by ``locator``.</doc>
<arguments>
<arg>xpath=//*[@id="addRowBtn"]</arg>
</arguments>
<msg timestamp="20210319 11:11:36.656" level="INFO">Clicking element 'xpath=//*[@id="addRowBtn"]'.</msg>
<status status="PASS" starttime="20210319 11:11:36.656" endtime="20210319 11:11:36.701"></status>
</kw>
<kw name="Sleep" library="BuiltIn">
<doc>Pauses the test executed for the given time.</doc>
<arguments>
<arg>1s</arg>
</arguments>
<msg timestamp="20210319 11:11:37.715" level="INFO">Slept 1 second</msg>
<status status="PASS" starttime="20210319 11:11:36.701" endtime="20210319 11:11:37.715"></status>
</kw>
<status status="PASS" starttime="20210319 11:11:36.655" endtime="20210319 11:11:37.715"></status>
</kw>
<kw name="Close Browser" library="Selenium2Library" type="teardown">
<doc>Closes the current browser.</doc>
<status status="PASS" starttime="20210319 11:11:37.716" endtime="20210319 11:11:39.854"></status>
</kw>
<doc>การเพิ่มกิจกรรมกรณีไม่ใส่เวลาสิ้นสุด</doc>
<tags>
<tag>FAIL</tag>
</tags>
<status status="PASS" starttime="20210319 11:11:24.103" endtime="20210319 11:11:39.854" critical="yes"></status>
</test>
<test id="s1-t5" name="SCM-activity-TC1-05">
<kw name="GIVEN Open web browser">
<kw name="Open Browser" library="Selenium2Library">
<doc>Opens a new browser instance to the optional ``url``.</doc>
<arguments>
<arg>${url}</arg>
<arg>chrome</arg>
</arguments>
<msg timestamp="20210319 11:11:39.858" level="INFO">Opening browser 'chrome' to base url 'http://localhost/gami_ossd/'.</msg>
<status status="PASS" starttime="20210319 11:11:39.858" endtime="20210319 11:11:42.286"></status>
</kw>
<kw name="Maximize Browser Window" library="Selenium2Library">
<doc>Maximizes current browser window.</doc>
<status status="PASS" starttime="20210319 11:11:42.286" endtime="20210319 11:11:42.408"></status>
</kw>
<status status="PASS" starttime="20210319 11:11:39.858" endtime="20210319 11:11:42.408"></status>
</kw>
<kw name="WHEN Login with &quot;60160169&quot; &quot;60160169&quot;">
<kw name="Input Text" library="Selenium2Library">
<doc>Types the given ``text`` into the text field identified by ``locator``.</doc>
<arguments>
<arg>${login_input_username}</arg>
<arg>${username}</arg>
</arguments>
<msg timestamp="20210319 11:11:42.409" level="INFO">Typing text '60160169' into text field 'xpath=//*[@id="inputEmail"]'.</msg>
<status status="PASS" starttime="20210319 11:11:42.409" endtime="20210319 11:11:42.476"></status>
</kw>
<kw name="Input Password" library="Selenium2Library">
<doc>Types the given password into the text field identified by ``locator``.</doc>
<arguments>
<arg>${login_input_password}</arg>
<arg>${password}</arg>
</arguments>
<msg timestamp="20210319 11:11:42.476" level="INFO">Typing password into text field 'xpath=//*[@id="inputPassword"]'.</msg>
<status status="PASS" starttime="20210319 11:11:42.476" endtime="20210319 11:11:42.550"></status>
</kw>
<kw name="Sleep" library="BuiltIn">
<doc>Pauses the test executed for the given time.</doc>
<arguments>
<arg>1s</arg>
</arguments>
<msg timestamp="20210319 11:11:43.550" level="INFO">Slept 1 second</msg>
<status status="PASS" starttime="20210319 11:11:42.550" endtime="20210319 11:11:43.550"></status>
</kw>
<kw name="Click Element" library="Selenium2Library">
<doc>Click the element identified by ``locator``.</doc>
<arguments>
<arg>${login_btn}</arg>
</arguments>
<msg timestamp="20210319 11:11:43.551" level="INFO">Clicking element 'xpath=//*[@id="loginForm"]/button'.</msg>
<status status="PASS" starttime="20210319 11:11:43.550" endtime="20210319 11:11:43.799"></status>
</kw>
<kw name="Click Element" library="Selenium2Library">
<doc>Click the element identified by ``locator``.</doc>
<arguments>
<arg>xpath=//*[@id="details-button"]</arg>
</arguments>
<msg timestamp="20210319 11:11:43.800" level="INFO">Clicking element 'xpath=//*[@id="details-button"]'.</msg>
<status status="PASS" starttime="20210319 11:11:43.800" endtime="20210319 11:11:43.850"></status>
</kw>
<kw name="Click Element" library="Selenium2Library">
<doc>Click the element identified by ``locator``.</doc>
<arguments>
<arg>xpath=//*[@id="proceed-link"]</arg>
</arguments>
<msg timestamp="20210319 11:11:43.850" level="INFO">Clicking element 'xpath=//*[@id="proceed-link"]'.</msg>
<status status="PASS" starttime="20210319 11:11:43.850" endtime="20210319 11:11:44.972"></status>
</kw>
<status status="PASS" starttime="20210319 11:11:42.408" endtime="20210319 11:11:44.972"></status>
</kw>
<kw name="AND Go to activity page">
<kw name="Go To" library="Selenium2Library">
<doc>Navigates the current browser window to the provided ``url``.</doc>
<arguments>
<arg>https://localhost/gami_ossd/index.php/Source_manager/index/Activity</arg>
</arguments>
<msg timestamp="20210319 11:11:44.974" level="INFO">Opening url 'https://localhost/gami_ossd/index.php/Source_manager/index/Activity'</msg>
<status status="PASS" starttime="20210319 11:11:44.974" endtime="20210319 11:11:45.547"></status>
</kw>
<status status="PASS" starttime="20210319 11:11:44.973" endtime="20210319 11:11:45.547"></status>
</kw>
<kw name="AND Add activity">
<kw name="Click Element" library="Selenium2Library">
<doc>Click the element identified by ``locator``.</doc>
<arguments>
<arg>xpath=/html/body/div[1]/div[2]/section[2]/div/div[2]/div/div[1]/button[1]</arg>
</arguments>
<msg timestamp="20210319 11:11:45.549" level="INFO">Clicking element 'xpath=/html/body/div[1]/div[2]/section[2]/div/div[2]/div/div[1]/button[1]'.</msg>
<status status="PASS" starttime="20210319 11:11:45.548" endtime="20210319 11:11:45.640"></status>
</kw>
<kw name="Sleep" library="BuiltIn">
<doc>Pauses the test executed for the given time.</doc>
<arguments>
<arg>1s</arg>
</arguments>
<msg timestamp="20210319 11:11:46.650" level="INFO">Slept 1 second</msg>
<status status="PASS" starttime="20210319 11:11:45.640" endtime="20210319 11:11:46.650"></status>
</kw>
<status status="PASS" starttime="20210319 11:11:45.548" endtime="20210319 11:11:46.650"></status>
</kw>
<kw name="AND Input name activity &quot;New activity&quot;">
<kw name="Input Text" library="Selenium2Library">
<doc>Types the given ``text`` into the text field identified by ``locator``.</doc>
<arguments>
<arg>xpath=//*[@id="name"]</arg>
<arg>${name}</arg>
</arguments>
<msg timestamp="20210319 11:11:46.651" level="INFO">Typing text 'New activity' into text field 'xpath=//*[@id="name"]'.</msg>
<status status="PASS" starttime="20210319 11:11:46.651" endtime="20210319 11:11:46.730"></status>
</kw>
<kw name="Sleep" library="BuiltIn">
<doc>Pauses the test executed for the given time.</doc>
<arguments>
<arg>1s</arg>
</arguments>
<msg timestamp="20210319 11:11:47.740" level="INFO">Slept 1 second</msg>
<status status="PASS" starttime="20210319 11:11:46.731" endtime="20210319 11:11:47.740"></status>
</kw>
<status status="PASS" starttime="20210319 11:11:46.651" endtime="20210319 11:11:47.740"></status>
</kw>
<kw name="AND Input time start activity &quot;07:00&quot;">
<kw name="Input Text" library="Selenium2Library">
<doc>Types the given ``text`` into the text field identified by ``locator``.</doc>
<arguments>
<arg>xpath=//*[@id="time_start"]</arg>
<arg>${ts}</arg>
</arguments>
<msg timestamp="20210319 11:11:47.742" level="INFO">Typing text '07:00' into text field 'xpath=//*[@id="time_start"]'.</msg>
<status status="PASS" starttime="20210319 11:11:47.742" endtime="20210319 11:11:47.813"></status>
</kw>
<kw name="Sleep" library="BuiltIn">
<doc>Pauses the test executed for the given time.</doc>
<arguments>
<arg>1s</arg>
</arguments>
<msg timestamp="20210319 11:11:48.819" level="INFO">Slept 1 second</msg>
<status status="PASS" starttime="20210319 11:11:47.814" endtime="20210319 11:11:48.819"></status>
</kw>
<status status="PASS" starttime="20210319 11:11:47.742" endtime="20210319 11:11:48.819"></status>
</kw>
<kw name="AND Input time end activity &quot;09:00&quot;">
<kw name="Input Text" library="Selenium2Library">
<doc>Types the given ``text`` into the text field identified by ``locator``.</doc>
<arguments>
<arg>xpath=//*[@id="time_end"]</arg>
<arg>${tn}</arg>
</arguments>
<msg timestamp="20210319 11:11:48.820" level="INFO">Typing text '09:00' into text field 'xpath=//*[@id="time_end"]'.</msg>
<status status="PASS" starttime="20210319 11:11:48.820" endtime="20210319 11:11:48.900"></status>
</kw>
<kw name="Sleep" library="BuiltIn">
<doc>Pauses the test executed for the given time.</doc>
<arguments>
<arg>1s</arg>
</arguments>
<msg timestamp="20210319 11:11:49.913" level="INFO">Slept 1 second</msg>
<status status="PASS" starttime="20210319 11:11:48.901" endtime="20210319 11:11:49.913"></status>
</kw>
<status status="PASS" starttime="20210319 11:11:48.820" endtime="20210319 11:11:49.913"></status>
</kw>
<kw name="AND Input date start activity &quot;&quot;">
<kw name="Input Text" library="Selenium2Library">
<doc>Types the given ``text`` into the text field identified by ``locator``.</doc>
<arguments>
<arg>xpath=//*[@id="date_start"]</arg>
<arg>${ds}</arg>
</arguments>
<msg timestamp="20210319 11:11:49.915" level="INFO">Typing text '' into text field 'xpath=//*[@id="date_start"]'.</msg>
<status status="PASS" starttime="20210319 11:11:49.914" endtime="20210319 11:11:49.988"></status>
</kw>
<kw name="Sleep" library="BuiltIn">
<doc>Pauses the test executed for the given time.</doc>
<arguments>
<arg>1s</arg>
</arguments>
<msg timestamp="20210319 11:11:51.005" level="INFO">Slept 1 second</msg>
<status status="PASS" starttime="20210319 11:11:49.989" endtime="20210319 11:11:51.005"></status>
</kw>
<status status="PASS" starttime="20210319 11:11:49.914" endtime="20210319 11:11:51.005"></status>
</kw>
<kw name="AND Input date end activity &quot;2021/01/03&quot;">
<kw name="Input Text" library="Selenium2Library">
<doc>Types the given ``text`` into the text field identified by ``locator``.</doc>
<arguments>
<arg>xpath=//*[@id="date_end"]</arg>
<arg>${dn}</arg>
</arguments>
<msg timestamp="20210319 11:11:51.006" level="INFO">Typing text '2021/01/03' into text field 'xpath=//*[@id="date_end"]'.</msg>
<status status="PASS" starttime="20210319 11:11:51.006" endtime="20210319 11:11:51.085"></status>
</kw>
<kw name="Sleep" library="BuiltIn">
<doc>Pauses the test executed for the given time.</doc>
<arguments>
<arg>1s</arg>
</arguments>
<msg timestamp="20210319 11:11:52.099" level="INFO">Slept 1 second</msg>
<status status="PASS" starttime="20210319 11:11:51.085" endtime="20210319 11:11:52.099"></status>
</kw>
<status status="PASS" starttime="20210319 11:11:51.005" endtime="20210319 11:11:52.099"></status>
</kw>
<kw name="THEN Submit add activity">
<kw name="Click Element" library="Selenium2Library">
<doc>Click the element identified by ``locator``.</doc>
<arguments>
<arg>xpath=//*[@id="addRowBtn"]</arg>
</arguments>
<msg timestamp="20210319 11:11:52.100" level="INFO">Clicking element 'xpath=//*[@id="addRowBtn"]'.</msg>
<status status="PASS" starttime="20210319 11:11:52.100" endtime="20210319 11:11:52.151"></status>
</kw>
<kw name="Sleep" library="BuiltIn">
<doc>Pauses the test executed for the given time.</doc>
<arguments>
<arg>1s</arg>
</arguments>
<msg timestamp="20210319 11:11:53.160" level="INFO">Slept 1 second</msg>
<status status="PASS" starttime="20210319 11:11:52.151" endtime="20210319 11:11:53.160"></status>
</kw>
<status status="PASS" starttime="20210319 11:11:52.100" endtime="20210319 11:11:53.160"></status>
</kw>
<kw name="Close Browser" library="Selenium2Library" type="teardown">
<doc>Closes the current browser.</doc>
<status status="PASS" starttime="20210319 11:11:53.161" endtime="20210319 11:11:55.278"></status>
</kw>
<doc>การเพิ่มกิจกรรมกรณีไม่ใส่วันที่เริ่มต้น</doc>
<tags>
<tag>FAIL</tag>
</tags>
<status status="PASS" starttime="20210319 11:11:39.856" endtime="20210319 11:11:55.278" critical="yes"></status>
</test>
<test id="s1-t6" name="SCM-activity-TC1-06">
<kw name="GIVEN Open web browser">
<kw name="Open Browser" library="Selenium2Library">
<doc>Opens a new browser instance to the optional ``url``.</doc>
<arguments>
<arg>${url}</arg>
<arg>chrome</arg>
</arguments>
<msg timestamp="20210319 11:11:55.282" level="INFO">Opening browser 'chrome' to base url 'http://localhost/gami_ossd/'.</msg>
<status status="PASS" starttime="20210319 11:11:55.282" endtime="20210319 11:11:57.692"></status>
</kw>
<kw name="Maximize Browser Window" library="Selenium2Library">
<doc>Maximizes current browser window.</doc>
<status status="PASS" starttime="20210319 11:11:57.692" endtime="20210319 11:11:57.827"></status>
</kw>
<status status="PASS" starttime="20210319 11:11:55.282" endtime="20210319 11:11:57.827"></status>
</kw>
<kw name="WHEN Login with &quot;60160169&quot; &quot;60160169&quot;">
<kw name="Input Text" library="Selenium2Library">
<doc>Types the given ``text`` into the text field identified by ``locator``.</doc>
<arguments>
<arg>${login_input_username}</arg>
<arg>${username}</arg>
</arguments>
<msg timestamp="20210319 11:11:57.828" level="INFO">Typing text '60160169' into text field 'xpath=//*[@id="inputEmail"]'.</msg>
<status status="PASS" starttime="20210319 11:11:57.827" endtime="20210319 11:11:57.892"></status>
</kw>
<kw name="Input Password" library="Selenium2Library">
<doc>Types the given password into the text field identified by ``locator``.</doc>
<arguments>
<arg>${login_input_password}</arg>
<arg>${password}</arg>
</arguments>
<msg timestamp="20210319 11:11:57.892" level="INFO">Typing password into text field 'xpath=//*[@id="inputPassword"]'.</msg>
<status status="PASS" starttime="20210319 11:11:57.892" endtime="20210319 11:11:57.963"></status>
</kw>
<kw name="Sleep" library="BuiltIn">
<doc>Pauses the test executed for the given time.</doc>
<arguments>
<arg>1s</arg>
</arguments>
<msg timestamp="20210319 11:11:58.963" level="INFO">Slept 1 second</msg>
<status status="PASS" starttime="20210319 11:11:57.963" endtime="20210319 11:11:58.963"></status>
</kw>
<kw name="Click Element" library="Selenium2Library">
<doc>Click the element identified by ``locator``.</doc>
<arguments>
<arg>${login_btn}</arg>
</arguments>
<msg timestamp="20210319 11:11:58.963" level="INFO">Clicking element 'xpath=//*[@id="loginForm"]/button'.</msg>
<status status="PASS" starttime="20210319 11:11:58.963" endtime="20210319 11:11:59.213"></status>
</kw>
<kw name="Click Element" library="Selenium2Library">
<doc>Click the element identified by ``locator``.</doc>
<arguments>
<arg>xpath=//*[@id="details-button"]</arg>
</arguments>
<msg timestamp="20210319 11:11:59.214" level="INFO">Clicking element 'xpath=//*[@id="details-button"]'.</msg>
<status status="PASS" starttime="20210319 11:11:59.213" endtime="20210319 11:11:59.261"></status>
</kw>
<kw name="Click Element" library="Selenium2Library">
<doc>Click the element identified by ``locator``.</doc>
<arguments>
<arg>xpath=//*[@id="proceed-link"]</arg>
</arguments>
<msg timestamp="20210319 11:11:59.261" level="INFO">Clicking element 'xpath=//*[@id="proceed-link"]'.</msg>
<status status="PASS" starttime="20210319 11:11:59.261" endtime="20210319 11:12:00.449"></status>
</kw>
<status status="PASS" starttime="20210319 11:11:57.827" endtime="20210319 11:12:00.449"></status>
</kw>
<kw name="AND Go to activity page">
<kw name="Go To" library="Selenium2Library">
<doc>Navigates the current browser window to the provided ``url``.</doc>
<arguments>
<arg>https://localhost/gami_ossd/index.php/Source_manager/index/Activity</arg>
</arguments>
<msg timestamp="20210319 11:12:00.450" level="INFO">Opening url 'https://localhost/gami_ossd/index.php/Source_manager/index/Activity'</msg>
<status status="PASS" starttime="20210319 11:12:00.450" endtime="20210319 11:12:01.097"></status>
</kw>
<status status="PASS" starttime="20210319 11:12:00.449" endtime="20210319 11:12:01.097"></status>
</kw>
<kw name="AND Add activity">
<kw name="Click Element" library="Selenium2Library">
<doc>Click the element identified by ``locator``.</doc>
<arguments>
<arg>xpath=/html/body/div[1]/div[2]/section[2]/div/div[2]/div/div[1]/button[1]</arg>
</arguments>
<msg timestamp="20210319 11:12:01.099" level="INFO">Clicking element 'xpath=/html/body/div[1]/div[2]/section[2]/div/div[2]/div/div[1]/button[1]'.</msg>
<status status="PASS" starttime="20210319 11:12:01.099" endtime="20210319 11:12:01.227"></status>
</kw>
<kw name="Sleep" library="BuiltIn">
<doc>Pauses the test executed for the given time.</doc>
<arguments>
<arg>1s</arg>
</arguments>
<msg timestamp="20210319 11:12:02.227" level="INFO">Slept 1 second</msg>
<status status="PASS" starttime="20210319 11:12:01.227" endtime="20210319 11:12:02.227"></status>
</kw>
<status status="PASS" starttime="20210319 11:12:01.098" endtime="20210319 11:12:02.227"></status>
</kw>
<kw name="AND Input name activity &quot;New activity&quot;">
<kw name="Input Text" library="Selenium2Library">
<doc>Types the given ``text`` into the text field identified by ``locator``.</doc>
<arguments>
<arg>xpath=//*[@id="name"]</arg>
<arg>${name}</arg>
</arguments>
<msg timestamp="20210319 11:12:02.228" level="INFO">Typing text 'New activity' into text field 'xpath=//*[@id="name"]'.</msg>
<status status="PASS" starttime="20210319 11:12:02.228" endtime="20210319 11:12:02.306"></status>
</kw>
<kw name="Sleep" library="BuiltIn">
<doc>Pauses the test executed for the given time.</doc>
<arguments>
<arg>1s</arg>
</arguments>
<msg timestamp="20210319 11:12:03.322" level="INFO">Slept 1 second</msg>
<status status="PASS" starttime="20210319 11:12:02.306" endtime="20210319 11:12:03.322"></status>
</kw>
<status status="PASS" starttime="20210319 11:12:02.228" endtime="20210319 11:12:03.322"></status>
</kw>
<kw name="AND Input time start activity &quot;07:00&quot;">
<kw name="Input Text" library="Selenium2Library">
<doc>Types the given ``text`` into the text field identified by ``locator``.</doc>
<arguments>
<arg>xpath=//*[@id="time_start"]</arg>
<arg>${ts}</arg>
</arguments>
<msg timestamp="20210319 11:12:03.323" level="INFO">Typing text '07:00' into text field 'xpath=//*[@id="time_start"]'.</msg>
<status status="PASS" starttime="20210319 11:12:03.323" endtime="20210319 11:12:03.395"></status>
</kw>
<kw name="Sleep" library="BuiltIn">
<doc>Pauses the test executed for the given time.</doc>
<arguments>
<arg>1s</arg>
</arguments>
<msg timestamp="20210319 11:12:04.396" level="INFO">Slept 1 second</msg>
<status status="PASS" starttime="20210319 11:12:03.395" endtime="20210319 11:12:04.396"></status>
</kw>
<status status="PASS" starttime="20210319 11:12:03.323" endtime="20210319 11:12:04.396"></status>
</kw>
<kw name="AND Input time end activity &quot;09:00&quot;">
<kw name="Input Text" library="Selenium2Library">
<doc>Types the given ``text`` into the text field identified by ``locator``.</doc>
<arguments>
<arg>xpath=//*[@id="time_end"]</arg>
<arg>${tn}</arg>
</arguments>
<msg timestamp="20210319 11:12:04.397" level="INFO">Typing text '09:00' into text field 'xpath=//*[@id="time_end"]'.</msg>
<status status="PASS" starttime="20210319 11:12:04.397" endtime="20210319 11:12:04.467"></status>
</kw>
<kw name="Sleep" library="BuiltIn">
<doc>Pauses the test executed for the given time.</doc>
<arguments>
<arg>1s</arg>
</arguments>
<msg timestamp="20210319 11:12:05.475" level="INFO">Slept 1 second</msg>
<status status="PASS" starttime="20210319 11:12:04.467" endtime="20210319 11:12:05.475"></status>
</kw>
<status status="PASS" starttime="20210319 11:12:04.397" endtime="20210319 11:12:05.475"></status>
</kw>
<kw name="AND Input date start activity &quot;2020/01/03&quot;">
<kw name="Input Text" library="Selenium2Library">
<doc>Types the given ``text`` into the text field identified by ``locator``.</doc>
<arguments>
<arg>xpath=//*[@id="date_start"]</arg>
<arg>${ds}</arg>
</arguments>
<msg timestamp="20210319 11:12:05.476" level="INFO">Typing text '2020/01/03' into text field 'xpath=//*[@id="date_start"]'.</msg>
<status status="PASS" starttime="20210319 11:12:05.476" endtime="20210319 11:12:05.559"></status>
</kw>
<kw name="Sleep" library="BuiltIn">
<doc>Pauses the test executed for the given time.</doc>
<arguments>
<arg>1s</arg>
</arguments>
<msg timestamp="20210319 11:12:06.562" level="INFO">Slept 1 second</msg>
<status status="PASS" starttime="20210319 11:12:05.559" endtime="20210319 11:12:06.562"></status>
</kw>
<status status="PASS" starttime="20210319 11:12:05.476" endtime="20210319 11:12:06.562"></status>
</kw>
<kw name="AND Input date end activity &quot;&quot;">
<kw name="Input Text" library="Selenium2Library">
<doc>Types the given ``text`` into the text field identified by ``locator``.</doc>
<arguments>
<arg>xpath=//*[@id="date_end"]</arg>
<arg>${dn}</arg>
</arguments>
<msg timestamp="20210319 11:12:06.563" level="INFO">Typing text '' into text field 'xpath=//*[@id="date_end"]'.</msg>
<status status="PASS" starttime="20210319 11:12:06.563" endtime="20210319 11:12:06.630"></status>
</kw>
<kw name="Sleep" library="BuiltIn">
<doc>Pauses the test executed for the given time.</doc>
<arguments>
<arg>1s</arg>
</arguments>
<msg timestamp="20210319 11:12:07.639" level="INFO">Slept 1 second</msg>
<status status="PASS" starttime="20210319 11:12:06.630" endtime="20210319 11:12:07.639"></status>
</kw>
<status status="PASS" starttime="20210319 11:12:06.563" endtime="20210319 11:12:07.639"></status>
</kw>
<kw name="THEN Submit add activity">
<kw name="Click Element" library="Selenium2Library">
<doc>Click the element identified by ``locator``.</doc>
<arguments>
<arg>xpath=//*[@id="addRowBtn"]</arg>
</arguments>
<msg timestamp="20210319 11:12:07.640" level="INFO">Clicking element 'xpath=//*[@id="addRowBtn"]'.</msg>
<status status="PASS" starttime="20210319 11:12:07.640" endtime="20210319 11:12:07.683"></status>
</kw>
<kw name="Sleep" library="BuiltIn">
<doc>Pauses the test executed for the given time.</doc>
<arguments>
<arg>1s</arg>
</arguments>
<msg timestamp="20210319 11:12:08.688" level="INFO">Slept 1 second</msg>
<status status="PASS" starttime="20210319 11:12:07.683" endtime="20210319 11:12:08.688"></status>
</kw>
<status status="PASS" starttime="20210319 11:12:07.640" endtime="20210319 11:12:08.688"></status>
</kw>
<kw name="Close Browser" library="Selenium2Library" type="teardown">
<doc>Closes the current browser.</doc>
<status status="PASS" starttime="20210319 11:12:08.689" endtime="20210319 11:12:10.832"></status>
</kw>
<doc>การเพิ่มกิจกรรมกรณีไม่ใส่วันที่สิ้นสุด</doc>
<tags>
<tag>FAIL</tag>
</tags>
<status status="PASS" starttime="20210319 11:11:55.280" endtime="20210319 11:12:10.833" critical="yes"></status>
</test>
<test id="s1-t7" name="SCM-activity-TC2-01">
<kw name="GIVEN Open web browser">
<kw name="Open Browser" library="Selenium2Library">
<doc>Opens a new browser instance to the optional ``url``.</doc>
<arguments>
<arg>${url}</arg>
<arg>chrome</arg>
</arguments>
<msg timestamp="20210319 11:12:10.836" level="INFO">Opening browser 'chrome' to base url 'http://localhost/gami_ossd/'.</msg>
<status status="PASS" starttime="20210319 11:12:10.836" endtime="20210319 11:12:13.287"></status>
</kw>
<kw name="Maximize Browser Window" library="Selenium2Library">
<doc>Maximizes current browser window.</doc>
<status status="PASS" starttime="20210319 11:12:13.288" endtime="20210319 11:12:13.409"></status>
</kw>
<status status="PASS" starttime="20210319 11:12:10.836" endtime="20210319 11:12:13.409"></status>
</kw>
<kw name="WHEN Login with &quot;59160161&quot; &quot;59160161&quot;">
<kw name="Input Text" library="Selenium2Library">
<doc>Types the given ``text`` into the text field identified by ``locator``.</doc>
<arguments>
<arg>${login_input_username}</arg>
<arg>${username}</arg>
</arguments>
<msg timestamp="20210319 11:12:13.410" level="INFO">Typing text '59160161' into text field 'xpath=//*[@id="inputEmail"]'.</msg>
<status status="PASS" starttime="20210319 11:12:13.410" endtime="20210319 11:12:13.474"></status>
</kw>
<kw name="Input Password" library="Selenium2Library">
<doc>Types the given password into the text field identified by ``locator``.</doc>
<arguments>
<arg>${login_input_password}</arg>
<arg>${password}</arg>
</arguments>
<msg timestamp="20210319 11:12:13.474" level="INFO">Typing password into text field 'xpath=//*[@id="inputPassword"]'.</msg>
<status status="PASS" starttime="20210319 11:12:13.474" endtime="20210319 11:12:13.546"></status>
</kw>
<kw name="Sleep" library="BuiltIn">
<doc>Pauses the test executed for the given time.</doc>
<arguments>
<arg>1s</arg>
</arguments>
<msg timestamp="20210319 11:12:14.560" level="INFO">Slept 1 second</msg>
<status status="PASS" starttime="20210319 11:12:13.546" endtime="20210319 11:12:14.560"></status>
</kw>
<kw name="Click Element" library="Selenium2Library">
<doc>Click the element identified by ``locator``.</doc>
<arguments>
<arg>${login_btn}</arg>
</arguments>
<msg timestamp="20210319 11:12:14.560" level="INFO">Clicking element 'xpath=//*[@id="loginForm"]/button'.</msg>
<status status="PASS" starttime="20210319 11:12:14.560" endtime="20210319 11:12:14.816"></status>
</kw>
<kw name="Click Element" library="Selenium2Library">
<doc>Click the element identified by ``locator``.</doc>
<arguments>
<arg>xpath=//*[@id="details-button"]</arg>
</arguments>
<msg timestamp="20210319 11:12:14.816" level="INFO">Clicking element 'xpath=//*[@id="details-button"]'.</msg>
<status status="PASS" starttime="20210319 11:12:14.816" endtime="20210319 11:12:14.862"></status>
</kw>
<kw name="Click Element" library="Selenium2Library">
<doc>Click the element identified by ``locator``.</doc>
<arguments>
<arg>xpath=//*[@id="proceed-link"]</arg>
</arguments>
<msg timestamp="20210319 11:12:14.862" level="INFO">Clicking element 'xpath=//*[@id="proceed-link"]'.</msg>
<status status="PASS" starttime="20210319 11:12:14.862" endtime="20210319 11:12:15.879"></status>
</kw>
<status status="PASS" starttime="20210319 11:12:13.410" endtime="20210319 11:12:15.879"></status>
</kw>
<kw name="AND Go to activity page">
<kw name="Go To" library="Selenium2Library">
<doc>Navigates the current browser window to the provided ``url``.</doc>
<arguments>
<arg>https://localhost/gami_ossd/index.php/Source_manager/index/Activity</arg>
</arguments>
<msg timestamp="20210319 11:12:15.880" level="INFO">Opening url 'https://localhost/gami_ossd/index.php/Source_manager/index/Activity'</msg>
<status status="PASS" starttime="20210319 11:12:15.880" endtime="20210319 11:12:16.453"></status>
</kw>
<status status="PASS" starttime="20210319 11:12:15.880" endtime="20210319 11:12:16.453"></status>
</kw>
<kw name="AND Add activity">
<kw name="Click Element" library="Selenium2Library">
<doc>Click the element identified by ``locator``.</doc>
<arguments>
<arg>xpath=/html/body/div[1]/div[2]/section[2]/div/div[2]/div/div[1]/button[1]</arg>
</arguments>
<msg timestamp="20210319 11:12:16.454" level="INFO">Clicking element 'xpath=/html/body/div[1]/div[2]/section[2]/div/div[2]/div/div[1]/button[1]'.</msg>
<status status="PASS" starttime="20210319 11:12:16.454" endtime="20210319 11:12:16.544"></status>
</kw>
<kw name="Sleep" library="BuiltIn">
<doc>Pauses the test executed for the given time.</doc>
<arguments>
<arg>1s</arg>
</arguments>
<msg timestamp="20210319 11:12:17.556" level="INFO">Slept 1 second</msg>
<status status="PASS" starttime="20210319 11:12:16.544" endtime="20210319 11:12:17.556"></status>
</kw>
<status status="PASS" starttime="20210319 11:12:16.454" endtime="20210319 11:12:17.556"></status>
</kw>
<kw name="AND Input name activity &quot;New activity&quot;">
<kw name="Input Text" library="Selenium2Library">
<doc>Types the given ``text`` into the text field identified by ``locator``.</doc>
<arguments>
<arg>xpath=//*[@id="name"]</arg>
<arg>${name}</arg>
</arguments>
<msg timestamp="20210319 11:12:17.558" level="INFO">Typing text 'New activity' into text field 'xpath=//*[@id="name"]'.</msg>
<status status="PASS" starttime="20210319 11:12:17.557" endtime="20210319 11:12:17.650"></status>
</kw>
<kw name="Sleep" library="BuiltIn">
<doc>Pauses the test executed for the given time.</doc>
<arguments>
<arg>1s</arg>
</arguments>
<msg timestamp="20210319 11:12:18.662" level="INFO">Slept 1 second</msg>
<status status="PASS" starttime="20210319 11:12:17.650" endtime="20210319 11:12:18.662"></status>
</kw>
<status status="PASS" starttime="20210319 11:12:17.557" endtime="20210319 11:12:18.662"></status>
</kw>
<kw name="AND Input time start activity &quot;07:00&quot;">
<kw name="Input Text" library="Selenium2Library">
<doc>Types the given ``text`` into the text field identified by ``locator``.</doc>
<arguments>
<arg>xpath=//*[@id="time_start"]</arg>
<arg>${ts}</arg>
</arguments>
<msg timestamp="20210319 11:12:18.663" level="INFO">Typing text '07:00' into text field 'xpath=//*[@id="time_start"]'.</msg>
<status status="PASS" starttime="20210319 11:12:18.663" endtime="20210319 11:12:18.746"></status>
</kw>
<kw name="Sleep" library="BuiltIn">
<doc>Pauses the test executed for the given time.</doc>
<arguments>
<arg>1s</arg>
</arguments>
<msg timestamp="20210319 11:12:19.755" level="INFO">Slept 1 second</msg>
<status status="PASS" starttime="20210319 11:12:18.746" endtime="20210319 11:12:19.755"></status>
</kw>
<status status="PASS" starttime="20210319 11:12:18.663" endtime="20210319 11:12:19.755"></status>
</kw>
<kw name="AND Input time end activity &quot;09:00&quot;">
<kw name="Input Text" library="Selenium2Library">
<doc>Types the given ``text`` into the text field identified by ``locator``.</doc>
<arguments>
<arg>xpath=//*[@id="time_end"]</arg>
<arg>${tn}</arg>
</arguments>
<msg timestamp="20210319 11:12:19.757" level="INFO">Typing text '09:00' into text field 'xpath=//*[@id="time_end"]'.</msg>
<status status="PASS" starttime="20210319 11:12:19.756" endtime="20210319 11:12:19.840"></status>
</kw>
<kw name="Sleep" library="BuiltIn">
<doc>Pauses the test executed for the given time.</doc>
<arguments>
<arg>1s</arg>
</arguments>
<msg timestamp="20210319 11:12:20.847" level="INFO">Slept 1 second</msg>
<status status="PASS" starttime="20210319 11:12:19.840" endtime="20210319 11:12:20.847"></status>
</kw>
<status status="PASS" starttime="20210319 11:12:19.756" endtime="20210319 11:12:20.847"></status>
</kw>
<kw name="AND Input date start activity &quot;2020/01/03&quot;">
<kw name="Input Text" library="Selenium2Library">
<doc>Types the given ``text`` into the text field identified by ``locator``.</doc>
<arguments>
<arg>xpath=//*[@id="date_start"]</arg>
<arg>${ds}</arg>
</arguments>
<msg timestamp="20210319 11:12:20.848" level="INFO">Typing text '2020/01/03' into text field 'xpath=//*[@id="date_start"]'.</msg>
<status status="PASS" starttime="20210319 11:12:20.848" endtime="20210319 11:12:20.927"></status>
</kw>
<kw name="Sleep" library="BuiltIn">
<doc>Pauses the test executed for the given time.</doc>
<arguments>
<arg>1s</arg>
</arguments>
<msg timestamp="20210319 11:12:21.941" level="INFO">Slept 1 second</msg>
<status status="PASS" starttime="20210319 11:12:20.928" endtime="20210319 11:12:21.941"></status>
</kw>
<status status="PASS" starttime="20210319 11:12:20.848" endtime="20210319 11:12:21.941"></status>
</kw>
<kw name="AND Input date end activity &quot;2021/01/03&quot;">
<kw name="Input Text" library="Selenium2Library">
<doc>Types the given ``text`` into the text field identified by ``locator``.</doc>
<arguments>
<arg>xpath=//*[@id="date_end"]</arg>
<arg>${dn}</arg>
</arguments>
<msg timestamp="20210319 11:12:21.942" level="INFO">Typing text '2021/01/03' into text field 'xpath=//*[@id="date_end"]'.</msg>
<status status="PASS" starttime="20210319 11:12:21.942" endtime="20210319 11:12:22.019"></status>
</kw>
<kw name="Sleep" library="BuiltIn">
<doc>Pauses the test executed for the given time.</doc>
<arguments>
<arg>1s</arg>
</arguments>
<msg timestamp="20210319 11:12:23.032" level="INFO">Slept 1 second</msg>
<status status="PASS" starttime="20210319 11:12:22.019" endtime="20210319 11:12:23.032"></status>
</kw>
<status status="PASS" starttime="20210319 11:12:21.942" endtime="20210319 11:12:23.032"></status>
</kw>
<kw name="THEN Submit add activity">
<kw name="Click Element" library="Selenium2Library">
<doc>Click the element identified by ``locator``.</doc>
<arguments>
<arg>xpath=//*[@id="addRowBtn"]</arg>
</arguments>
<msg timestamp="20210319 11:12:23.033" level="INFO">Clicking element 'xpath=//*[@id="addRowBtn"]'.</msg>
<status status="PASS" starttime="20210319 11:12:23.033" endtime="20210319 11:12:23.408"></status>
</kw>
<kw name="Sleep" library="BuiltIn">
<doc>Pauses the test executed for the given time.</doc>
<arguments>
<arg>1s</arg>
</arguments>
<msg timestamp="20210319 11:12:24.416" level="INFO">Slept 1 second</msg>
<status status="PASS" starttime="20210319 11:12:23.408" endtime="20210319 11:12:24.416"></status>
</kw>
<status status="PASS" starttime="20210319 11:12:23.033" endtime="20210319 11:12:24.416"></status>
</kw>
<kw name="Close Browser" library="Selenium2Library" type="teardown">
<doc>Closes the current browser.</doc>
<status status="PASS" starttime="20210319 11:12:24.416" endtime="20210319 11:12:26.525"></status>
</kw>
<doc>การเพิ่มกิจกรรม</doc>
<tags>
<tag>PASS</tag>
</tags>
<status status="PASS" starttime="20210319 11:12:10.835" endtime="20210319 11:12:26.526" critical="yes"></status>
</test>
<test id="s1-t8" name="SCM-activity-TC2-02">
<kw name="GIVEN Open web browser">
<kw name="Open Browser" library="Selenium2Library">
<doc>Opens a new browser instance to the optional ``url``.</doc>
<arguments>
<arg>${url}</arg>
<arg>chrome</arg>
</arguments>
<msg timestamp="20210319 11:12:26.529" level="INFO">Opening browser 'chrome' to base url 'http://localhost/gami_ossd/'.</msg>
<status status="PASS" starttime="20210319 11:12:26.529" endtime="20210319 11:12:28.941"></status>
</kw>
<kw name="Maximize Browser Window" library="Selenium2Library">
<doc>Maximizes current browser window.</doc>
<status status="PASS" starttime="20210319 11:12:28.941" endtime="20210319 11:12:29.064"></status>
</kw>
<status status="PASS" starttime="20210319 11:12:26.528" endtime="20210319 11:12:29.065"></status>
</kw>
<kw name="WHEN Login with &quot;59160161&quot; &quot;59160161&quot;">
<kw name="Input Text" library="Selenium2Library">
<doc>Types the given ``text`` into the text field identified by ``locator``.</doc>
<arguments>
<arg>${login_input_username}</arg>
<arg>${username}</arg>
</arguments>
<msg timestamp="20210319 11:12:29.066" level="INFO">Typing text '59160161' into text field 'xpath=//*[@id="inputEmail"]'.</msg>
<status status="PASS" starttime="20210319 11:12:29.066" endtime="20210319 11:12:29.130"></status>
</kw>
<kw name="Input Password" library="Selenium2Library">
<doc>Types the given password into the text field identified by ``locator``.</doc>
<arguments>
<arg>${login_input_password}</arg>
<arg>${password}</arg>
</arguments>
<msg timestamp="20210319 11:12:29.130" level="INFO">Typing password into text field 'xpath=//*[@id="inputPassword"]'.</msg>
<status status="PASS" starttime="20210319 11:12:29.130" endtime="20210319 11:12:29.205"></status>
</kw>
<kw name="Sleep" library="BuiltIn">
<doc>Pauses the test executed for the given time.</doc>
<arguments>
<arg>1s</arg>
</arguments>
<msg timestamp="20210319 11:12:30.213" level="INFO">Slept 1 second</msg>
<status status="PASS" starttime="20210319 11:12:29.206" endtime="20210319 11:12:30.213"></status>
</kw>
<kw name="Click Element" library="Selenium2Library">
<doc>Click the element identified by ``locator``.</doc>
<arguments>
<arg>${login_btn}</arg>
</arguments>
<msg timestamp="20210319 11:12:30.213" level="INFO">Clicking element 'xpath=//*[@id="loginForm"]/button'.</msg>
<status status="PASS" starttime="20210319 11:12:30.213" endtime="20210319 11:12:30.488"></status>
</kw>
<kw name="Click Element" library="Selenium2Library">
<doc>Click the element identified by ``locator``.</doc>
<arguments>
<arg>xpath=//*[@id="details-button"]</arg>
</arguments>
<msg timestamp="20210319 11:12:30.488" level="INFO">Clicking element 'xpath=//*[@id="details-button"]'.</msg>
<status status="PASS" starttime="20210319 11:12:30.488" endtime="20210319 11:12:30.537"></status>
</kw>
<kw name="Click Element" library="Selenium2Library">
<doc>Click the element identified by ``locator``.</doc>
<arguments>
<arg>xpath=//*[@id="proceed-link"]</arg>
</arguments>
<msg timestamp="20210319 11:12:30.537" level="INFO">Clicking element 'xpath=//*[@id="proceed-link"]'.</msg>
<status status="PASS" starttime="20210319 11:12:30.537" endtime="20210319 11:12:31.577"></status>
</kw>
<status status="PASS" starttime="20210319 11:12:29.066" endtime="20210319 11:12:31.577"></status>
</kw>
<kw name="AND Go to activity page">
<kw name="Go To" library="Selenium2Library">
<doc>Navigates the current browser window to the provided ``url``.</doc>
<arguments>
<arg>https://localhost/gami_ossd/index.php/Source_manager/index/Activity</arg>
</arguments>
<msg timestamp="20210319 11:12:31.578" level="INFO">Opening url 'https://localhost/gami_ossd/index.php/Source_manager/index/Activity'</msg>
<status status="PASS" starttime="20210319 11:12:31.578" endtime="20210319 11:12:32.198"></status>
</kw>
<status status="PASS" starttime="20210319 11:12:31.577" endtime="20210319 11:12:32.198"></status>
</kw>
<kw name="AND Edit activity">
<kw name="Sleep" library="BuiltIn">
<doc>Pauses the test executed for the given time.</doc>
<arguments>
<arg>1s</arg>
</arguments>
<msg timestamp="20210319 11:12:33.205" level="INFO">Slept 1 second</msg>
<status status="PASS" starttime="20210319 11:12:32.199" endtime="20210319 11:12:33.205"></status>
</kw>
<kw name="Click Element" library="Selenium2Library">
<doc>Click the element identified by ``locator``.</doc>
<arguments>
<arg>xpath=//*[@id="example"]/tbody/tr[2]</arg>
</arguments>
<msg timestamp="20210319 11:12:33.205" level="INFO">Clicking element 'xpath=//*[@id="example"]/tbody/tr[2]'.</msg>
<status status="PASS" starttime="20210319 11:12:33.205" endtime="20210319 11:12:33.250"></status>
</kw>
<kw name="Sleep" library="BuiltIn">
<doc>Pauses the test executed for the given time.</doc>
<arguments>
<arg>1s</arg>
</arguments>
<msg timestamp="20210319 11:12:34.266" level="INFO">Slept 1 second</msg>
<status status="PASS" starttime="20210319 11:12:33.250" endtime="20210319 11:12:34.266"></status>
</kw>
<kw name="Click Element" library="Selenium2Library">
<doc>Click the element identified by ``locator``.</doc>
<arguments>
<arg>xpath=//*[@id="example_wrapper"]/div[1]/button[2]</arg>
</arguments>
<msg timestamp="20210319 11:12:34.266" level="INFO">Clicking element 'xpath=//*[@id="example_wrapper"]/div[1]/button[2]'.</msg>
<status status="PASS" starttime="20210319 11:12:34.266" endtime="20210319 11:12:34.343"></status>
</kw>
<kw name="Sleep" library="BuiltIn">
<doc>Pauses the test executed for the given time.</doc>
<arguments>
<arg>1s</arg>
</arguments>
<msg timestamp="20210319 11:12:35.353" level="INFO">Slept 1 second</msg>
<status status="PASS" starttime="20210319 11:12:34.343" endtime="20210319 11:12:35.353"></status>
</kw>
<status status="PASS" starttime="20210319 11:12:32.198" endtime="20210319 11:12:35.353"></status>
</kw>
<kw name="AND Input name activity &quot;New activity&quot;">
<kw name="Input Text" library="Selenium2Library">
<doc>Types the given ``text`` into the text field identified by ``locator``.</doc>
<arguments>
<arg>xpath=//*[@id="name"]</arg>
<arg>${name}</arg>
</arguments>
<msg timestamp="20210319 11:12:35.354" level="INFO">Typing text 'New activity' into text field 'xpath=//*[@id="name"]'.</msg>
<status status="PASS" starttime="20210319 11:12:35.354" endtime="20210319 11:12:35.436"></status>
</kw>
<kw name="Sleep" library="BuiltIn">
<doc>Pauses the test executed for the given time.</doc>
<arguments>
<arg>1s</arg>
</arguments>
<msg timestamp="20210319 11:12:36.436" level="INFO">Slept 1 second</msg>
<status status="PASS" starttime="20210319 11:12:35.436" endtime="20210319 11:12:36.436"></status>
</kw>
<status status="PASS" starttime="20210319 11:12:35.354" endtime="20210319 11:12:36.436"></status>
</kw>
<kw name="AND Input time start activity &quot;07:00&quot;">
<kw name="Input Text" library="Selenium2Library">
<doc>Types the given ``text`` into the text field identified by ``locator``.</doc>
<arguments>
<arg>xpath=//*[@id="time_start"]</arg>
<arg>${ts}</arg>
</arguments>
<msg timestamp="20210319 11:12:36.437" level="INFO">Typing text '07:00' into text field 'xpath=//*[@id="time_start"]'.</msg>
<status status="PASS" starttime="20210319 11:12:36.437" endtime="20210319 11:12:36.516"></status>
</kw>
<kw name="Sleep" library="BuiltIn">
<doc>Pauses the test executed for the given time.</doc>
<arguments>
<arg>1s</arg>
</arguments>
<msg timestamp="20210319 11:12:37.518" level="INFO">Slept 1 second</msg>
<status status="PASS" starttime="20210319 11:12:36.517" endtime="20210319 11:12:37.518"></status>
</kw>
<status status="PASS" starttime="20210319 11:12:36.437" endtime="20210319 11:12:37.518"></status>
</kw>
<kw name="AND Input time end activity &quot;09:00&quot;">
<kw name="Input Text" library="Selenium2Library">
<doc>Types the given ``text`` into the text field identified by ``locator``.</doc>
<arguments>
<arg>xpath=//*[@id="time_end"]</arg>
<arg>${tn}</arg>
</arguments>
<msg timestamp="20210319 11:12:37.519" level="INFO">Typing text '09:00' into text field 'xpath=//*[@id="time_end"]'.</msg>
<status status="PASS" starttime="20210319 11:12:37.519" endtime="20210319 11:12:37.602"></status>
</kw>
<kw name="Sleep" library="BuiltIn">
<doc>Pauses the test executed for the given time.</doc>
<arguments>
<arg>1s</arg>
</arguments>
<msg timestamp="20210319 11:12:38.611" level="INFO">Slept 1 second</msg>
<status status="PASS" starttime="20210319 11:12:37.602" endtime="20210319 11:12:38.611"></status>
</kw>
<status status="PASS" starttime="20210319 11:12:37.519" endtime="20210319 11:12:38.611"></status>
</kw>
<kw name="AND Input date start activity &quot;2020/01/03&quot;">
<kw name="Input Text" library="Selenium2Library">
<doc>Types the given ``text`` into the text field identified by ``locator``.</doc>
<arguments>
<arg>xpath=//*[@id="date_start"]</arg>
<arg>${ds}</arg>
</arguments>
<msg timestamp="20210319 11:12:38.612" level="INFO">Typing text '2020/01/03' into text field 'xpath=//*[@id="date_start"]'.</msg>
<status status="PASS" starttime="20210319 11:12:38.612" endtime="20210319 11:12:38.692"></status>
</kw>
<kw name="Sleep" library="BuiltIn">
<doc>Pauses the test executed for the given time.</doc>
<arguments>
<arg>1s</arg>
</arguments>
<msg timestamp="20210319 11:12:39.705" level="INFO">Slept 1 second</msg>
<status status="PASS" starttime="20210319 11:12:38.692" endtime="20210319 11:12:39.706"></status>
</kw>
<status status="PASS" starttime="20210319 11:12:38.612" endtime="20210319 11:12:39.706"></status>
</kw>
<kw name="AND Input date end activity &quot;2021/01/03&quot;">
<kw name="Input Text" library="Selenium2Library">
<doc>Types the given ``text`` into the text field identified by ``locator``.</doc>
<arguments>
<arg>xpath=//*[@id="date_end"]</arg>
<arg>${dn}</arg>
</arguments>
<msg timestamp="20210319 11:12:39.707" level="INFO">Typing text '2021/01/03' into text field 'xpath=//*[@id="date_end"]'.</msg>
<status status="PASS" starttime="20210319 11:12:39.707" endtime="20210319 11:12:39.782"></status>
</kw>
<kw name="Sleep" library="BuiltIn">
<doc>Pauses the test executed for the given time.</doc>
<arguments>
<arg>1s</arg>
</arguments>
<msg timestamp="20210319 11:12:40.794" level="INFO">Slept 1 second</msg>
<status status="PASS" starttime="20210319 11:12:39.782" endtime="20210319 11:12:40.794"></status>
</kw>
<status status="PASS" starttime="20210319 11:12:39.706" endtime="20210319 11:12:40.794"></status>
</kw>
<kw name="THEN Submit edit activity">
<kw name="Click Element" library="Selenium2Library">
<doc>Click the element identified by ``locator``.</doc>
<arguments>
<arg>xpath=//*[@id="editRowBtn"]</arg>
</arguments>
<msg timestamp="20210319 11:12:40.796" level="INFO">Clicking element 'xpath=//*[@id="editRowBtn"]'.</msg>
<status status="PASS" starttime="20210319 11:12:40.795" endtime="20210319 11:12:41.138"></status>
</kw>
<status status="PASS" starttime="20210319 11:12:40.795" endtime="20210319 11:12:41.138"></status>
</kw>
<kw name="Close Browser" library="Selenium2Library" type="teardown">
<doc>Closes the current browser.</doc>
<status status="PASS" starttime="20210319 11:12:41.139" endtime="20210319 11:12:43.246"></status>
</kw>
<doc>การแก้ไขกิจกรรม</doc>
<tags>
<tag>PASS</tag>
</tags>
<status status="PASS" starttime="20210319 11:12:26.527" endtime="20210319 11:12:43.247" critical="yes"></status>
</test>
<test id="s1-t9" name="SCM-activity-TC2-03">
<kw name="GIVEN Open web browser">
<kw name="Open Browser" library="Selenium2Library">
<doc>Opens a new browser instance to the optional ``url``.</doc>
<arguments>
<arg>${url}</arg>
<arg>chrome</arg>
</arguments>
<msg timestamp="20210319 11:12:43.250" level="INFO">Opening browser 'chrome' to base url 'http://localhost/gami_ossd/'.</msg>
<status status="PASS" starttime="20210319 11:12:43.250" endtime="20210319 11:12:45.613"></status>
</kw>
<kw name="Maximize Browser Window" library="Selenium2Library">
<doc>Maximizes current browser window.</doc>
<status status="PASS" starttime="20210319 11:12:45.613" endtime="20210319 11:12:45.743"></status>
</kw>
<status status="PASS" starttime="20210319 11:12:43.249" endtime="20210319 11:12:45.743"></status>
</kw>
<kw name="WHEN Login with &quot;59160161&quot; &quot;59160161&quot;">
<kw name="Input Text" library="Selenium2Library">
<doc>Types the given ``text`` into the text field identified by ``locator``.</doc>
<arguments>
<arg>${login_input_username}</arg>
<arg>${username}</arg>
</arguments>
<msg timestamp="20210319 11:12:45.744" level="INFO">Typing text '59160161' into text field 'xpath=//*[@id="inputEmail"]'.</msg>
<status status="PASS" starttime="20210319 11:12:45.744" endtime="20210319 11:12:45.811"></status>
</kw>
<kw name="Input Password" library="Selenium2Library">
<doc>Types the given password into the text field identified by ``locator``.</doc>
<arguments>
<arg>${login_input_password}</arg>
<arg>${password}</arg>
</arguments>
<msg timestamp="20210319 11:12:45.812" level="INFO">Typing password into text field 'xpath=//*[@id="inputPassword"]'.</msg>
<status status="PASS" starttime="20210319 11:12:45.811" endtime="20210319 11:12:45.883"></status>
</kw>
<kw name="Sleep" library="BuiltIn">
<doc>Pauses the test executed for the given time.</doc>
<arguments>
<arg>1s</arg>
</arguments>
<msg timestamp="20210319 11:12:46.896" level="INFO">Slept 1 second</msg>
<status status="PASS" starttime="20210319 11:12:45.883" endtime="20210319 11:12:46.896"></status>
</kw>
<kw name="Click Element" library="Selenium2Library">
<doc>Click the element identified by ``locator``.</doc>
<arguments>
<arg>${login_btn}</arg>
</arguments>
<msg timestamp="20210319 11:12:46.896" level="INFO">Clicking element 'xpath=//*[@id="loginForm"]/button'.</msg>
<status status="PASS" starttime="20210319 11:12:46.896" endtime="20210319 11:12:47.170"></status>
</kw>
<kw name="Click Element" library="Selenium2Library">
<doc>Click the element identified by ``locator``.</doc>
<arguments>
<arg>xpath=//*[@id="details-button"]</arg>
</arguments>
<msg timestamp="20210319 11:12:47.171" level="INFO">Clicking element 'xpath=//*[@id="details-button"]'.</msg>
<status status="PASS" starttime="20210319 11:12:47.170" endtime="20210319 11:12:47.213"></status>
</kw>
<kw name="Click Element" library="Selenium2Library">
<doc>Click the element identified by ``locator``.</doc>
<arguments>
<arg>xpath=//*[@id="proceed-link"]</arg>
</arguments>
<msg timestamp="20210319 11:12:47.214" level="INFO">Clicking element 'xpath=//*[@id="proceed-link"]'.</msg>
<status status="PASS" starttime="20210319 11:12:47.213" endtime="20210319 11:12:48.229"></status>
</kw>
<status status="PASS" starttime="20210319 11:12:45.743" endtime="20210319 11:12:48.230"></status>
</kw>
<kw name="AND Go to activity page">
<kw name="Go To" library="Selenium2Library">
<doc>Navigates the current browser window to the provided ``url``.</doc>
<arguments>
<arg>https://localhost/gami_ossd/index.php/Source_manager/index/Activity</arg>
</arguments>
<msg timestamp="20210319 11:12:48.231" level="INFO">Opening url 'https://localhost/gami_ossd/index.php/Source_manager/index/Activity'</msg>
<status status="PASS" starttime="20210319 11:12:48.230" endtime="20210319 11:12:48.791"></status>
</kw>
<status status="PASS" starttime="20210319 11:12:48.230" endtime="20210319 11:12:48.792"></status>
</kw>
<kw name="AND Delete activity">
<kw name="Sleep" library="BuiltIn">
<doc>Pauses the test executed for the given time.</doc>
<arguments>
<arg>1s</arg>
</arguments>
<msg timestamp="20210319 11:12:49.797" level="INFO">Slept 1 second</msg>
<status status="PASS" starttime="20210319 11:12:48.793" endtime="20210319 11:12:49.797"></status>
</kw>
<kw name="Click Element" library="Selenium2Library">
<doc>Click the element identified by ``locator``.</doc>
<arguments>
<arg>xpath=//*[@id="example"]/tbody/tr[2]</arg>
</arguments>
<msg timestamp="20210319 11:12:49.797" level="INFO">Clicking element 'xpath=//*[@id="example"]/tbody/tr[2]'.</msg>
<status status="PASS" starttime="20210319 11:12:49.797" endtime="20210319 11:12:49.842"></status>
</kw>
<kw name="Sleep" library="BuiltIn">
<doc>Pauses the test executed for the given time.</doc>
<arguments>
<arg>1s</arg>
</arguments>
<msg timestamp="20210319 11:12:50.843" level="INFO">Slept 1 second</msg>
<status status="PASS" starttime="20210319 11:12:49.842" endtime="20210319 11:12:50.843"></status>
</kw>
<kw name="Click Element" library="Selenium2Library">
<doc>Click the element identified by ``locator``.</doc>
<arguments>
<arg>xpath=//*[@id="example_wrapper"]/div[1]/button[3]</arg>
</arguments>
<msg timestamp="20210319 11:12:50.843" level="INFO">Clicking element 'xpath=//*[@id="example_wrapper"]/div[1]/button[3]'.</msg>
<status status="PASS" starttime="20210319 11:12:50.843" endtime="20210319 11:12:50.918"></status>
</kw>
<kw name="Sleep" library="BuiltIn">
<doc>Pauses the test executed for the given time.</doc>
<arguments>
<arg>1s</arg>
</arguments>
<msg timestamp="20210319 11:12:51.932" level="INFO">Slept 1 second</msg>
<status status="PASS" starttime="20210319 11:12:50.919" endtime="20210319 11:12:51.932"></status>
</kw>
<status status="PASS" starttime="20210319 11:12:48.792" endtime="20210319 11:12:51.932"></status>
</kw>
<kw name="THEN Submit delete activity">
<kw name="Click Element" library="Selenium2Library">
<doc>Click the element identified by ``locator``.</doc>
<arguments>
<arg>xpath=//*[@id="deleteRowBtn"]</arg>
</arguments>
<msg timestamp="20210319 11:12:51.933" level="INFO">Clicking element 'xpath=//*[@id="deleteRowBtn"]'.</msg>
<status status="PASS" starttime="20210319 11:12:51.933" endtime="20210319 11:12:52.301"></status>
</kw>
<status status="PASS" starttime="20210319 11:12:51.933" endtime="20210319 11:12:52.301"></status>
</kw>
<kw name="Close Browser" library="Selenium2Library" type="teardown">
<doc>Closes the current browser.</doc>
<status status="PASS" starttime="20210319 11:12:52.302" endtime="20210319 11:12:54.424"></status>
</kw>
<doc>การลบกิจกรรม</doc>
<tags>
<tag>PASS</tag>
</tags>
<status status="PASS" starttime="20210319 11:12:43.248" endtime="20210319 11:12:54.425" critical="yes"></status>
</test>
<status status="PASS" starttime="20210319 11:10:37.654" endtime="20210319 11:12:54.427"></status>
</suite>
<statistics>
<total>
<stat pass="9" fail="0">Critical Tests</stat>
<stat pass="9" fail="0">All Tests</stat>
</total>
<tag>
<stat pass="6" fail="0">FAIL</stat>
<stat pass="3" fail="0">PASS</stat>
</tag>
<suite>
<stat pass="9" fail="0" id="s1" name="Activity">Activity</stat>
</suite>
</statistics>
<errors>
</errors>
</robot>
