<?xml version="1.0" encoding="UTF-8"?>
<robot generator="Robot 3.1.2 (Python 3.8.1 on win32)" generated="20210308 08:59:57.025" rpa="false">
<suite id="s1" name="Activity" source="C:\xampp\htdocs\gami_ossd\Test\มอดูลจัดการกิจกรรม\activity.robot">
<test id="s1-t1" name="SCM-activity-TC1-01">
<kw name="GIVEN Open web browser">
<kw name="Open Browser" library="Selenium2Library">
<doc>Opens a new browser instance to the optional ``url``.</doc>
<arguments>
<arg>${url}</arg>
<arg>chrome</arg>
</arguments>
<msg timestamp="20210308 08:59:57.232" level="INFO">Opening browser 'chrome' to base url 'http://localhost/gami_ossd/'.</msg>
<status status="PASS" starttime="20210308 08:59:57.232" endtime="20210308 08:59:59.719"></status>
</kw>
<kw name="Maximize Browser Window" library="Selenium2Library">
<doc>Maximizes current browser window.</doc>
<status status="PASS" starttime="20210308 08:59:59.719" endtime="20210308 08:59:59.853"></status>
</kw>
<status status="PASS" starttime="20210308 08:59:57.231" endtime="20210308 08:59:59.853"></status>
</kw>
<kw name="WHEN Login with &quot;59160161&quot; &quot;59160161&quot;">
<kw name="Input Text" library="Selenium2Library">
<doc>Types the given ``text`` into the text field identified by ``locator``.</doc>
<arguments>
<arg>${login_input_username}</arg>
<arg>${username}</arg>
</arguments>
<msg timestamp="20210308 08:59:59.854" level="INFO">Typing text '59160161' into text field 'xpath=//*[@id="inputEmail"]'.</msg>
<status status="PASS" starttime="20210308 08:59:59.854" endtime="20210308 08:59:59.934"></status>
</kw>
<kw name="Input Password" library="Selenium2Library">
<doc>Types the given password into the text field identified by ``locator``.</doc>
<arguments>
<arg>${login_input_password}</arg>
<arg>${password}</arg>
</arguments>
<msg timestamp="20210308 08:59:59.935" level="INFO">Typing password into text field 'xpath=//*[@id="inputPassword"]'.</msg>
<status status="PASS" starttime="20210308 08:59:59.934" endtime="20210308 09:00:00.018"></status>
</kw>
<kw name="Sleep" library="BuiltIn">
<doc>Pauses the test executed for the given time.</doc>
<arguments>
<arg>1s</arg>
</arguments>
<msg timestamp="20210308 09:00:01.020" level="INFO">Slept 1 second</msg>
<status status="PASS" starttime="20210308 09:00:00.018" endtime="20210308 09:00:01.020"></status>
</kw>
<kw name="Click Element" library="Selenium2Library">
<doc>Click the element identified by ``locator``.</doc>
<arguments>
<arg>${login_btn}</arg>
</arguments>
<msg timestamp="20210308 09:00:01.020" level="INFO">Clicking element 'xpath=//*[@id="loginForm"]/button'.</msg>
<status status="PASS" starttime="20210308 09:00:01.020" endtime="20210308 09:00:01.296"></status>
</kw>
<kw name="Click Element" library="Selenium2Library">
<doc>Click the element identified by ``locator``.</doc>
<arguments>
<arg>xpath=//*[@id="details-button"]</arg>
</arguments>
<msg timestamp="20210308 09:00:01.297" level="INFO">Clicking element 'xpath=//*[@id="details-button"]'.</msg>
<status status="PASS" starttime="20210308 09:00:01.297" endtime="20210308 09:00:01.342"></status>
</kw>
<kw name="Click Element" library="Selenium2Library">
<doc>Click the element identified by ``locator``.</doc>
<arguments>
<arg>xpath=//*[@id="proceed-link"]</arg>
</arguments>
<msg timestamp="20210308 09:00:01.343" level="INFO">Clicking element 'xpath=//*[@id="proceed-link"]'.</msg>
<status status="PASS" starttime="20210308 09:00:01.343" endtime="20210308 09:00:02.545"></status>
</kw>
<status status="PASS" starttime="20210308 08:59:59.854" endtime="20210308 09:00:02.545"></status>
</kw>
<kw name="AND Go to activity page">
<kw name="Go To" library="Selenium2Library">
<doc>Navigates the current browser window to the provided ``url``.</doc>
<arguments>
<arg>https://localhost/gami_ossd/index.php/Source_manager/index/Activity</arg>
</arguments>
<msg timestamp="20210308 09:00:02.546" level="INFO">Opening url 'https://localhost/gami_ossd/index.php/Source_manager/index/Activity'</msg>
<status status="PASS" starttime="20210308 09:00:02.546" endtime="20210308 09:00:03.095"></status>
</kw>
<status status="PASS" starttime="20210308 09:00:02.546" endtime="20210308 09:00:03.095"></status>
</kw>
<kw name="AND Add activity">
<kw name="Click Element" library="Selenium2Library">
<doc>Click the element identified by ``locator``.</doc>
<arguments>
<arg>xpath=/html/body/div[1]/div[2]/section[2]/div/div[2]/div/div[1]/button[1]</arg>
</arguments>
<msg timestamp="20210308 09:00:03.097" level="INFO">Clicking element 'xpath=/html/body/div[1]/div[2]/section[2]/div/div[2]/div/div[1]/button[1]'.</msg>
<status status="PASS" starttime="20210308 09:00:03.096" endtime="20210308 09:00:03.217"></status>
</kw>
<kw name="Sleep" library="BuiltIn">
<doc>Pauses the test executed for the given time.</doc>
<arguments>
<arg>1s</arg>
</arguments>
<msg timestamp="20210308 09:00:04.223" level="INFO">Slept 1 second</msg>
<status status="PASS" starttime="20210308 09:00:03.217" endtime="20210308 09:00:04.223"></status>
</kw>
<status status="PASS" starttime="20210308 09:00:03.096" endtime="20210308 09:00:04.223"></status>
</kw>
<kw name="AND Input name activity &quot;New activity&quot;">
<kw name="Input Text" library="Selenium2Library">
<doc>Types the given ``text`` into the text field identified by ``locator``.</doc>
<arguments>
<arg>xpath=//*[@id="name"]</arg>
<arg>${name}</arg>
</arguments>
<msg timestamp="20210308 09:00:04.224" level="INFO">Typing text 'New activity' into text field 'xpath=//*[@id="name"]'.</msg>
<status status="PASS" starttime="20210308 09:00:04.224" endtime="20210308 09:00:04.312"></status>
</kw>
<kw name="Sleep" library="BuiltIn">
<doc>Pauses the test executed for the given time.</doc>
<arguments>
<arg>1s</arg>
</arguments>
<msg timestamp="20210308 09:00:05.323" level="INFO">Slept 1 second</msg>
<status status="PASS" starttime="20210308 09:00:04.313" endtime="20210308 09:00:05.323"></status>
</kw>
<status status="PASS" starttime="20210308 09:00:04.224" endtime="20210308 09:00:05.323"></status>
</kw>
<kw name="AND Input time start activity &quot;07:00&quot;">
<kw name="Input Text" library="Selenium2Library">
<doc>Types the given ``text`` into the text field identified by ``locator``.</doc>
<arguments>
<arg>xpath=//*[@id="time_start"]</arg>
<arg>${ts}</arg>
</arguments>
<msg timestamp="20210308 09:00:05.323" level="INFO">Typing text '07:00' into text field 'xpath=//*[@id="time_start"]'.</msg>
<status status="PASS" starttime="20210308 09:00:05.323" endtime="20210308 09:00:05.400"></status>
</kw>
<kw name="Sleep" library="BuiltIn">
<doc>Pauses the test executed for the given time.</doc>
<arguments>
<arg>1s</arg>
</arguments>
<msg timestamp="20210308 09:00:06.405" level="INFO">Slept 1 second</msg>
<status status="PASS" starttime="20210308 09:00:05.400" endtime="20210308 09:00:06.405"></status>
</kw>
<status status="PASS" starttime="20210308 09:00:05.323" endtime="20210308 09:00:06.405"></status>
</kw>
<kw name="AND Input time end activity &quot;09:00&quot;">
<kw name="Input Text" library="Selenium2Library">
<doc>Types the given ``text`` into the text field identified by ``locator``.</doc>
<arguments>
<arg>xpath=//*[@id="time_end"]</arg>
<arg>${tn}</arg>
</arguments>
<msg timestamp="20210308 09:00:06.406" level="INFO">Typing text '09:00' into text field 'xpath=//*[@id="time_end"]'.</msg>
<status status="PASS" starttime="20210308 09:00:06.406" endtime="20210308 09:00:06.488"></status>
</kw>
<kw name="Sleep" library="BuiltIn">
<doc>Pauses the test executed for the given time.</doc>
<arguments>
<arg>1s</arg>
</arguments>
<msg timestamp="20210308 09:00:07.495" level="INFO">Slept 1 second</msg>
<status status="PASS" starttime="20210308 09:00:06.489" endtime="20210308 09:00:07.495"></status>
</kw>
<status status="PASS" starttime="20210308 09:00:06.406" endtime="20210308 09:00:07.495"></status>
</kw>
<kw name="AND Input date start activity &quot;2020/01/03&quot;">
<kw name="Input Text" library="Selenium2Library">
<doc>Types the given ``text`` into the text field identified by ``locator``.</doc>
<arguments>
<arg>xpath=//*[@id="date_start"]</arg>
<arg>${ds}</arg>
</arguments>
<msg timestamp="20210308 09:00:07.496" level="INFO">Typing text '2020/01/03' into text field 'xpath=//*[@id="date_start"]'.</msg>
<status status="PASS" starttime="20210308 09:00:07.496" endtime="20210308 09:00:07.586"></status>
</kw>
<kw name="Sleep" library="BuiltIn">
<doc>Pauses the test executed for the given time.</doc>
<arguments>
<arg>1s</arg>
</arguments>
<msg timestamp="20210308 09:00:08.592" level="INFO">Slept 1 second</msg>
<status status="PASS" starttime="20210308 09:00:07.586" endtime="20210308 09:00:08.592"></status>
</kw>
<status status="PASS" starttime="20210308 09:00:07.496" endtime="20210308 09:00:08.592"></status>
</kw>
<kw name="AND Input date end activity &quot;2021/01/03&quot;">
<kw name="Input Text" library="Selenium2Library">
<doc>Types the given ``text`` into the text field identified by ``locator``.</doc>
<arguments>
<arg>xpath=//*[@id="date_end"]</arg>
<arg>${dn}</arg>
</arguments>
<msg timestamp="20210308 09:00:08.594" level="INFO">Typing text '2021/01/03' into text field 'xpath=//*[@id="date_end"]'.</msg>
<status status="PASS" starttime="20210308 09:00:08.594" endtime="20210308 09:00:08.687"></status>
</kw>
<kw name="Sleep" library="BuiltIn">
<doc>Pauses the test executed for the given time.</doc>
<arguments>
<arg>1s</arg>
</arguments>
<msg timestamp="20210308 09:00:09.691" level="INFO">Slept 1 second</msg>
<status status="PASS" starttime="20210308 09:00:08.687" endtime="20210308 09:00:09.691"></status>
</kw>
<status status="PASS" starttime="20210308 09:00:08.593" endtime="20210308 09:00:09.691"></status>
</kw>
<kw name="THEN Submit add activity">
<kw name="Click Element" library="Selenium2Library">
<doc>Click the element identified by ``locator``.</doc>
<arguments>
<arg>xpath=//*[@id="addRowBtn"]</arg>
</arguments>
<msg timestamp="20210308 09:00:09.691" level="INFO">Clicking element 'xpath=//*[@id="addRowBtn"]'.</msg>
<status status="PASS" starttime="20210308 09:00:09.691" endtime="20210308 09:00:10.150"></status>
</kw>
<kw name="Sleep" library="BuiltIn">
<doc>Pauses the test executed for the given time.</doc>
<arguments>
<arg>1s</arg>
</arguments>
<msg timestamp="20210308 09:00:11.154" level="INFO">Slept 1 second</msg>
<status status="PASS" starttime="20210308 09:00:10.150" endtime="20210308 09:00:11.154"></status>
</kw>
<status status="PASS" starttime="20210308 09:00:09.691" endtime="20210308 09:00:11.154"></status>
</kw>
<kw name="Close Browser" library="Selenium2Library" type="teardown">
<doc>Closes the current browser.</doc>
<status status="PASS" starttime="20210308 09:00:11.155" endtime="20210308 09:00:13.287"></status>
</kw>
<doc>การเพิ่มกิจกรรม</doc>
<tags>
<tag>PASS</tag>
</tags>
<status status="PASS" starttime="20210308 08:59:57.230" endtime="20210308 09:00:13.287" critical="yes"></status>
</test>
<test id="s1-t2" name="SCM-activity-TC1-02">
<kw name="GIVEN Open web browser">
<kw name="Open Browser" library="Selenium2Library">
<doc>Opens a new browser instance to the optional ``url``.</doc>
<arguments>
<arg>${url}</arg>
<arg>chrome</arg>
</arguments>
<msg timestamp="20210308 09:00:13.292" level="INFO">Opening browser 'chrome' to base url 'http://localhost/gami_ossd/'.</msg>
<status status="PASS" starttime="20210308 09:00:13.291" endtime="20210308 09:00:15.896"></status>
</kw>
<kw name="Maximize Browser Window" library="Selenium2Library">
<doc>Maximizes current browser window.</doc>
<status status="PASS" starttime="20210308 09:00:15.896" endtime="20210308 09:00:16.029"></status>
</kw>
<status status="PASS" starttime="20210308 09:00:13.291" endtime="20210308 09:00:16.029"></status>
</kw>
<kw name="WHEN Login with &quot;59160161&quot; &quot;59160161&quot;">
<kw name="Input Text" library="Selenium2Library">
<doc>Types the given ``text`` into the text field identified by ``locator``.</doc>
<arguments>
<arg>${login_input_username}</arg>
<arg>${username}</arg>
</arguments>
<msg timestamp="20210308 09:00:16.031" level="INFO">Typing text '59160161' into text field 'xpath=//*[@id="inputEmail"]'.</msg>
<status status="PASS" starttime="20210308 09:00:16.030" endtime="20210308 09:00:16.104"></status>
</kw>
<kw name="Input Password" library="Selenium2Library">
<doc>Types the given password into the text field identified by ``locator``.</doc>
<arguments>
<arg>${login_input_password}</arg>
<arg>${password}</arg>
</arguments>
<msg timestamp="20210308 09:00:16.105" level="INFO">Typing password into text field 'xpath=//*[@id="inputPassword"]'.</msg>
<status status="PASS" starttime="20210308 09:00:16.104" endtime="20210308 09:00:16.188"></status>
</kw>
<kw name="Sleep" library="BuiltIn">
<doc>Pauses the test executed for the given time.</doc>
<arguments>
<arg>1s</arg>
</arguments>
<msg timestamp="20210308 09:00:17.193" level="INFO">Slept 1 second</msg>
<status status="PASS" starttime="20210308 09:00:16.189" endtime="20210308 09:00:17.194"></status>
</kw>
<kw name="Click Element" library="Selenium2Library">
<doc>Click the element identified by ``locator``.</doc>
<arguments>
<arg>${login_btn}</arg>
</arguments>
<msg timestamp="20210308 09:00:17.194" level="INFO">Clicking element 'xpath=//*[@id="loginForm"]/button'.</msg>
<status status="PASS" starttime="20210308 09:00:17.194" endtime="20210308 09:00:17.415"></status>
</kw>
<kw name="Click Element" library="Selenium2Library">
<doc>Click the element identified by ``locator``.</doc>
<arguments>
<arg>xpath=//*[@id="details-button"]</arg>
</arguments>
<msg timestamp="20210308 09:00:17.416" level="INFO">Clicking element 'xpath=//*[@id="details-button"]'.</msg>
<status status="PASS" starttime="20210308 09:00:17.416" endtime="20210308 09:00:17.457"></status>
</kw>
<kw name="Click Element" library="Selenium2Library">
<doc>Click the element identified by ``locator``.</doc>
<arguments>
<arg>xpath=//*[@id="proceed-link"]</arg>
</arguments>
<msg timestamp="20210308 09:00:17.457" level="INFO">Clicking element 'xpath=//*[@id="proceed-link"]'.</msg>
<status status="PASS" starttime="20210308 09:00:17.457" endtime="20210308 09:00:18.628"></status>
</kw>
<status status="PASS" starttime="20210308 09:00:16.030" endtime="20210308 09:00:18.628"></status>
</kw>
<kw name="AND Go to activity page">
<kw name="Go To" library="Selenium2Library">
<doc>Navigates the current browser window to the provided ``url``.</doc>
<arguments>
<arg>https://localhost/gami_ossd/index.php/Source_manager/index/Activity</arg>
</arguments>
<msg timestamp="20210308 09:00:18.629" level="INFO">Opening url 'https://localhost/gami_ossd/index.php/Source_manager/index/Activity'</msg>
<status status="PASS" starttime="20210308 09:00:18.629" endtime="20210308 09:00:18.900"></status>
</kw>
<status status="PASS" starttime="20210308 09:00:18.629" endtime="20210308 09:00:18.900"></status>
</kw>
<kw name="AND Edit activity">
<kw name="Sleep" library="BuiltIn">
<doc>Pauses the test executed for the given time.</doc>
<arguments>
<arg>1s</arg>
</arguments>
<msg timestamp="20210308 09:00:19.913" level="INFO">Slept 1 second</msg>
<status status="PASS" starttime="20210308 09:00:18.901" endtime="20210308 09:00:19.913"></status>
</kw>
<kw name="Click Element" library="Selenium2Library">
<doc>Click the element identified by ``locator``.</doc>
<arguments>
<arg>xpath=//*[@id="example"]/tbody/tr[2]</arg>
</arguments>
<msg timestamp="20210308 09:00:19.913" level="INFO">Clicking element 'xpath=//*[@id="example"]/tbody/tr[2]'.</msg>
<status status="PASS" starttime="20210308 09:00:19.913" endtime="20210308 09:00:19.958"></status>
</kw>
<kw name="Sleep" library="BuiltIn">
<doc>Pauses the test executed for the given time.</doc>
<arguments>
<arg>1s</arg>
</arguments>
<msg timestamp="20210308 09:00:20.964" level="INFO">Slept 1 second</msg>
<status status="PASS" starttime="20210308 09:00:19.959" endtime="20210308 09:00:20.964"></status>
</kw>
<kw name="Click Element" library="Selenium2Library">
<doc>Click the element identified by ``locator``.</doc>
<arguments>
<arg>xpath=//*[@id="example_wrapper"]/div[1]/button[2]</arg>
</arguments>
<msg timestamp="20210308 09:00:20.965" level="INFO">Clicking element 'xpath=//*[@id="example_wrapper"]/div[1]/button[2]'.</msg>
<status status="PASS" starttime="20210308 09:00:20.964" endtime="20210308 09:00:21.034"></status>
</kw>
<kw name="Sleep" library="BuiltIn">
<doc>Pauses the test executed for the given time.</doc>
<arguments>
<arg>1s</arg>
</arguments>
<msg timestamp="20210308 09:00:22.043" level="INFO">Slept 1 second</msg>
<status status="PASS" starttime="20210308 09:00:21.034" endtime="20210308 09:00:22.043"></status>
</kw>
<status status="PASS" starttime="20210308 09:00:18.901" endtime="20210308 09:00:22.043"></status>
</kw>
<kw name="AND Input name activity &quot;New activity&quot;">
<kw name="Input Text" library="Selenium2Library">
<doc>Types the given ``text`` into the text field identified by ``locator``.</doc>
<arguments>
<arg>xpath=//*[@id="name"]</arg>
<arg>${name}</arg>
</arguments>
<msg timestamp="20210308 09:00:22.045" level="INFO">Typing text 'New activity' into text field 'xpath=//*[@id="name"]'.</msg>
<status status="PASS" starttime="20210308 09:00:22.044" endtime="20210308 09:00:22.147"></status>
</kw>
<kw name="Sleep" library="BuiltIn">
<doc>Pauses the test executed for the given time.</doc>
<arguments>
<arg>1s</arg>
</arguments>
<msg timestamp="20210308 09:00:23.148" level="INFO">Slept 1 second</msg>
<status status="PASS" starttime="20210308 09:00:22.147" endtime="20210308 09:00:23.148"></status>
</kw>
<status status="PASS" starttime="20210308 09:00:22.044" endtime="20210308 09:00:23.148"></status>
</kw>
<kw name="AND Input time start activity &quot;07:00&quot;">
<kw name="Input Text" library="Selenium2Library">
<doc>Types the given ``text`` into the text field identified by ``locator``.</doc>
<arguments>
<arg>xpath=//*[@id="time_start"]</arg>
<arg>${ts}</arg>
</arguments>
<msg timestamp="20210308 09:00:23.150" level="INFO">Typing text '07:00' into text field 'xpath=//*[@id="time_start"]'.</msg>
<status status="PASS" starttime="20210308 09:00:23.149" endtime="20210308 09:00:23.230"></status>
</kw>
<kw name="Sleep" library="BuiltIn">
<doc>Pauses the test executed for the given time.</doc>
<arguments>
<arg>1s</arg>
</arguments>
<msg timestamp="20210308 09:00:24.239" level="INFO">Slept 1 second</msg>
<status status="PASS" starttime="20210308 09:00:23.230" endtime="20210308 09:00:24.239"></status>
</kw>
<status status="PASS" starttime="20210308 09:00:23.149" endtime="20210308 09:00:24.239"></status>
</kw>
<kw name="AND Input time end activity &quot;09:00&quot;">
<kw name="Input Text" library="Selenium2Library">
<doc>Types the given ``text`` into the text field identified by ``locator``.</doc>
<arguments>
<arg>xpath=//*[@id="time_end"]</arg>
<arg>${tn}</arg>
</arguments>
<msg timestamp="20210308 09:00:24.240" level="INFO">Typing text '09:00' into text field 'xpath=//*[@id="time_end"]'.</msg>
<status status="PASS" starttime="20210308 09:00:24.240" endtime="20210308 09:00:24.327"></status>
</kw>
<kw name="Sleep" library="BuiltIn">
<doc>Pauses the test executed for the given time.</doc>
<arguments>
<arg>1s</arg>
</arguments>
<msg timestamp="20210308 09:00:25.328" level="INFO">Slept 1 second</msg>
<status status="PASS" starttime="20210308 09:00:24.328" endtime="20210308 09:00:25.328"></status>
</kw>
<status status="PASS" starttime="20210308 09:00:24.240" endtime="20210308 09:00:25.329"></status>
</kw>
<kw name="AND Input date start activity &quot;2020/01/03&quot;">
<kw name="Input Text" library="Selenium2Library">
<doc>Types the given ``text`` into the text field identified by ``locator``.</doc>
<arguments>
<arg>xpath=//*[@id="date_start"]</arg>
<arg>${ds}</arg>
</arguments>
<msg timestamp="20210308 09:00:25.330" level="INFO">Typing text '2020/01/03' into text field 'xpath=//*[@id="date_start"]'.</msg>
<status status="PASS" starttime="20210308 09:00:25.330" endtime="20210308 09:00:25.424"></status>
</kw>
<kw name="Sleep" library="BuiltIn">
<doc>Pauses the test executed for the given time.</doc>
<arguments>
<arg>1s</arg>
</arguments>
<msg timestamp="20210308 09:00:26.436" level="INFO">Slept 1 second</msg>
<status status="PASS" starttime="20210308 09:00:25.424" endtime="20210308 09:00:26.436"></status>
</kw>
<status status="PASS" starttime="20210308 09:00:25.330" endtime="20210308 09:00:26.436"></status>
</kw>
<kw name="AND Input date end activity &quot;2021/01/03&quot;">
<kw name="Input Text" library="Selenium2Library">
<doc>Types the given ``text`` into the text field identified by ``locator``.</doc>
<arguments>
<arg>xpath=//*[@id="date_end"]</arg>
<arg>${dn}</arg>
</arguments>
<msg timestamp="20210308 09:00:26.437" level="INFO">Typing text '2021/01/03' into text field 'xpath=//*[@id="date_end"]'.</msg>
<status status="PASS" starttime="20210308 09:00:26.437" endtime="20210308 09:00:26.527"></status>
</kw>
<kw name="Sleep" library="BuiltIn">
<doc>Pauses the test executed for the given time.</doc>
<arguments>
<arg>1s</arg>
</arguments>
<msg timestamp="20210308 09:00:27.539" level="INFO">Slept 1 second</msg>
<status status="PASS" starttime="20210308 09:00:26.527" endtime="20210308 09:00:27.539"></status>
</kw>
<status status="PASS" starttime="20210308 09:00:26.437" endtime="20210308 09:00:27.539"></status>
</kw>
<kw name="THEN Submit edit activity">
<kw name="Click Element" library="Selenium2Library">
<doc>Click the element identified by ``locator``.</doc>
<arguments>
<arg>xpath=//*[@id="editRowBtn"]</arg>
</arguments>
<msg timestamp="20210308 09:00:27.540" level="INFO">Clicking element 'xpath=//*[@id="editRowBtn"]'.</msg>
<status status="PASS" starttime="20210308 09:00:27.540" endtime="20210308 09:00:27.988"></status>
</kw>
<status status="PASS" starttime="20210308 09:00:27.540" endtime="20210308 09:00:27.988"></status>
</kw>
<kw name="Close Browser" library="Selenium2Library" type="teardown">
<doc>Closes the current browser.</doc>
<status status="PASS" starttime="20210308 09:00:27.989" endtime="20210308 09:00:30.118"></status>
</kw>
<doc>การแก้ไขกิจกรรม</doc>
<tags>
<tag>PASS</tag>
</tags>
<status status="PASS" starttime="20210308 09:00:13.290" endtime="20210308 09:00:30.119" critical="yes"></status>
</test>
<test id="s1-t3" name="SCM-activity-TC1-03">
<kw name="GIVEN Open web browser">
<kw name="Open Browser" library="Selenium2Library">
<doc>Opens a new browser instance to the optional ``url``.</doc>
<arguments>
<arg>${url}</arg>
<arg>chrome</arg>
</arguments>
<msg timestamp="20210308 09:00:30.122" level="INFO">Opening browser 'chrome' to base url 'http://localhost/gami_ossd/'.</msg>
<status status="PASS" starttime="20210308 09:00:30.122" endtime="20210308 09:00:32.699"></status>
</kw>
<kw name="Maximize Browser Window" library="Selenium2Library">
<doc>Maximizes current browser window.</doc>
<status status="PASS" starttime="20210308 09:00:32.699" endtime="20210308 09:00:32.833"></status>
</kw>
<status status="PASS" starttime="20210308 09:00:30.121" endtime="20210308 09:00:32.833"></status>
</kw>
<kw name="WHEN Login with &quot;59160161&quot; &quot;59160161&quot;">
<kw name="Input Text" library="Selenium2Library">
<doc>Types the given ``text`` into the text field identified by ``locator``.</doc>
<arguments>
<arg>${login_input_username}</arg>
<arg>${username}</arg>
</arguments>
<msg timestamp="20210308 09:00:32.834" level="INFO">Typing text '59160161' into text field 'xpath=//*[@id="inputEmail"]'.</msg>
<status status="PASS" starttime="20210308 09:00:32.834" endtime="20210308 09:00:32.909"></status>
</kw>
<kw name="Input Password" library="Selenium2Library">
<doc>Types the given password into the text field identified by ``locator``.</doc>
<arguments>
<arg>${login_input_password}</arg>
<arg>${password}</arg>
</arguments>
<msg timestamp="20210308 09:00:32.909" level="INFO">Typing password into text field 'xpath=//*[@id="inputPassword"]'.</msg>
<status status="PASS" starttime="20210308 09:00:32.909" endtime="20210308 09:00:32.994"></status>
</kw>
<kw name="Sleep" library="BuiltIn">
<doc>Pauses the test executed for the given time.</doc>
<arguments>
<arg>1s</arg>
</arguments>
<msg timestamp="20210308 09:00:34.004" level="INFO">Slept 1 second</msg>
<status status="PASS" starttime="20210308 09:00:32.994" endtime="20210308 09:00:34.004"></status>
</kw>
<kw name="Click Element" library="Selenium2Library">
<doc>Click the element identified by ``locator``.</doc>
<arguments>
<arg>${login_btn}</arg>
</arguments>
<msg timestamp="20210308 09:00:34.004" level="INFO">Clicking element 'xpath=//*[@id="loginForm"]/button'.</msg>
<status status="PASS" starttime="20210308 09:00:34.004" endtime="20210308 09:00:34.262"></status>
</kw>
<kw name="Click Element" library="Selenium2Library">
<doc>Click the element identified by ``locator``.</doc>
<arguments>
<arg>xpath=//*[@id="details-button"]</arg>
</arguments>
<msg timestamp="20210308 09:00:34.263" level="INFO">Clicking element 'xpath=//*[@id="details-button"]'.</msg>
<status status="PASS" starttime="20210308 09:00:34.263" endtime="20210308 09:00:34.303"></status>
</kw>
<kw name="Click Element" library="Selenium2Library">
<doc>Click the element identified by ``locator``.</doc>
<arguments>
<arg>xpath=//*[@id="proceed-link"]</arg>
</arguments>
<msg timestamp="20210308 09:00:34.304" level="INFO">Clicking element 'xpath=//*[@id="proceed-link"]'.</msg>
<status status="PASS" starttime="20210308 09:00:34.304" endtime="20210308 09:00:35.490"></status>
</kw>
<status status="PASS" starttime="20210308 09:00:32.833" endtime="20210308 09:00:35.490"></status>
</kw>
<kw name="AND Go to activity page">
<kw name="Go To" library="Selenium2Library">
<doc>Navigates the current browser window to the provided ``url``.</doc>
<arguments>
<arg>https://localhost/gami_ossd/index.php/Source_manager/index/Activity</arg>
</arguments>
<msg timestamp="20210308 09:00:35.492" level="INFO">Opening url 'https://localhost/gami_ossd/index.php/Source_manager/index/Activity'</msg>
<status status="PASS" starttime="20210308 09:00:35.491" endtime="20210308 09:00:35.787"></status>
</kw>
<status status="PASS" starttime="20210308 09:00:35.491" endtime="20210308 09:00:35.787"></status>
</kw>
<kw name="AND Delete activity">
<kw name="Sleep" library="BuiltIn">
<doc>Pauses the test executed for the given time.</doc>
<arguments>
<arg>1s</arg>
</arguments>
<msg timestamp="20210308 09:00:36.795" level="INFO">Slept 1 second</msg>
<status status="PASS" starttime="20210308 09:00:35.788" endtime="20210308 09:00:36.795"></status>
</kw>
<kw name="Click Element" library="Selenium2Library">
<doc>Click the element identified by ``locator``.</doc>
<arguments>
<arg>xpath=//*[@id="example"]/tbody/tr[2]</arg>
</arguments>
<msg timestamp="20210308 09:00:36.795" level="INFO">Clicking element 'xpath=//*[@id="example"]/tbody/tr[2]'.</msg>
<status status="PASS" starttime="20210308 09:00:36.795" endtime="20210308 09:00:36.836"></status>
</kw>
<kw name="Sleep" library="BuiltIn">
<doc>Pauses the test executed for the given time.</doc>
<arguments>
<arg>1s</arg>
</arguments>
<msg timestamp="20210308 09:00:37.840" level="INFO">Slept 1 second</msg>
<status status="PASS" starttime="20210308 09:00:36.836" endtime="20210308 09:00:37.840"></status>
</kw>
<kw name="Click Element" library="Selenium2Library">
<doc>Click the element identified by ``locator``.</doc>
<arguments>
<arg>xpath=//*[@id="example_wrapper"]/div[1]/button[3]</arg>
</arguments>
<msg timestamp="20210308 09:00:37.840" level="INFO">Clicking element 'xpath=//*[@id="example_wrapper"]/div[1]/button[3]'.</msg>
<status status="PASS" starttime="20210308 09:00:37.840" endtime="20210308 09:00:37.909"></status>
</kw>
<kw name="Sleep" library="BuiltIn">
<doc>Pauses the test executed for the given time.</doc>
<arguments>
<arg>1s</arg>
</arguments>
<msg timestamp="20210308 09:00:38.909" level="INFO">Slept 1 second</msg>
<status status="PASS" starttime="20210308 09:00:37.909" endtime="20210308 09:00:38.910"></status>
</kw>
<status status="PASS" starttime="20210308 09:00:35.788" endtime="20210308 09:00:38.910"></status>
</kw>
<kw name="THEN Submit delete activity">
<kw name="Click Element" library="Selenium2Library">
<doc>Click the element identified by ``locator``.</doc>
<arguments>
<arg>xpath=//*[@id="deleteRowBtn"]</arg>
</arguments>
<msg timestamp="20210308 09:00:38.910" level="INFO">Clicking element 'xpath=//*[@id="deleteRowBtn"]'.</msg>
<status status="PASS" starttime="20210308 09:00:38.910" endtime="20210308 09:00:39.377"></status>
</kw>
<status status="PASS" starttime="20210308 09:00:38.910" endtime="20210308 09:00:39.377"></status>
</kw>
<kw name="Close Browser" library="Selenium2Library" type="teardown">
<doc>Closes the current browser.</doc>
<status status="PASS" starttime="20210308 09:00:39.378" endtime="20210308 09:00:42.466"></status>
</kw>
<doc>การลบกิจกรรม</doc>
<tags>
<tag>PASS</tag>
</tags>
<status status="PASS" starttime="20210308 09:00:30.120" endtime="20210308 09:00:42.467" critical="yes"></status>
</test>
<status status="PASS" starttime="20210308 08:59:57.026" endtime="20210308 09:00:42.469"></status>
</suite>
<statistics>
<total>
<stat pass="3" fail="0">Critical Tests</stat>
<stat pass="3" fail="0">All Tests</stat>
</total>
<tag>
<stat pass="3" fail="0">PASS</stat>
</tag>
<suite>
<stat pass="3" fail="0" id="s1" name="Activity">Activity</stat>
</suite>
</statistics>
<errors>
</errors>
</robot>
