<?xml version="1.0" encoding="UTF-8"?>
<robot generator="Robot 3.1.2 (Python 3.8.1 on win32)" generated="20210319 11:40:48.082" rpa="false">
<suite id="s1" name="Shop" source="C:\xampp\htdocs\gami_ossd\Test\มอดูลจัดการร้านค้า\shop.robot">
<test id="s1-t1" name="SCM-Shop-TC1-01">
<kw name="GIVEN Open web browser">
<kw name="Open Browser" library="Selenium2Library">
<doc>Opens a new browser instance to the optional ``url``.</doc>
<arguments>
<arg>${url}</arg>
<arg>chrome</arg>
</arguments>
<msg timestamp="20210319 11:40:48.272" level="INFO">Opening browser 'chrome' to base url 'https://localhost/gami_ossd/index.php'.</msg>
<status status="PASS" starttime="20210319 11:40:48.272" endtime="20210319 11:40:50.331"></status>
</kw>
<kw name="Maximize Browser Window" library="Selenium2Library">
<doc>Maximizes current browser window.</doc>
<status status="PASS" starttime="20210319 11:40:50.331" endtime="20210319 11:40:50.461"></status>
</kw>
<status status="PASS" starttime="20210319 11:40:48.272" endtime="20210319 11:40:50.461"></status>
</kw>
<kw name="WHEN Login with &quot;59160161&quot; &quot;59160161&quot;">
<kw name="Click Element" library="Selenium2Library">
<doc>Click the element identified by ``locator``.</doc>
<arguments>
<arg>xpath=//*[@id="details-button"]</arg>
</arguments>
<msg timestamp="20210319 11:40:50.463" level="INFO">Clicking element 'xpath=//*[@id="details-button"]'.</msg>
<status status="PASS" starttime="20210319 11:40:50.463" endtime="20210319 11:40:50.510"></status>
</kw>
<kw name="Click Element" library="Selenium2Library">
<doc>Click the element identified by ``locator``.</doc>
<arguments>
<arg>xpath=//*[@id="proceed-link"]</arg>
</arguments>
<msg timestamp="20210319 11:40:50.511" level="INFO">Clicking element 'xpath=//*[@id="proceed-link"]'.</msg>
<status status="PASS" starttime="20210319 11:40:50.511" endtime="20210319 11:40:51.423"></status>
</kw>
<kw name="Input Text" library="Selenium2Library">
<doc>Types the given ``text`` into the text field identified by ``locator``.</doc>
<arguments>
<arg>${login_input_username}</arg>
<arg>${username}</arg>
</arguments>
<msg timestamp="20210319 11:40:51.423" level="INFO">Typing text '59160161' into text field 'xpath=//*[@id="inputEmail"]'.</msg>
<status status="PASS" starttime="20210319 11:40:51.423" endtime="20210319 11:40:51.503"></status>
</kw>
<kw name="Input Password" library="Selenium2Library">
<doc>Types the given password into the text field identified by ``locator``.</doc>
<arguments>
<arg>${login_input_password}</arg>
<arg>${password}</arg>
</arguments>
<msg timestamp="20210319 11:40:51.504" level="INFO">Typing password into text field 'xpath=//*[@id="inputPassword"]'.</msg>
<status status="PASS" starttime="20210319 11:40:51.503" endtime="20210319 11:40:51.594"></status>
</kw>
<kw name="Sleep" library="BuiltIn">
<doc>Pauses the test executed for the given time.</doc>
<arguments>
<arg>1s</arg>
</arguments>
<msg timestamp="20210319 11:40:52.595" level="INFO">Slept 1 second</msg>
<status status="PASS" starttime="20210319 11:40:51.594" endtime="20210319 11:40:52.595"></status>
</kw>
<kw name="Click Element" library="Selenium2Library">
<doc>Click the element identified by ``locator``.</doc>
<arguments>
<arg>${login_btn}</arg>
</arguments>
<msg timestamp="20210319 11:40:52.595" level="INFO">Clicking element 'xpath=//*[@id="loginForm"]/button'.</msg>
<status status="PASS" starttime="20210319 11:40:52.595" endtime="20210319 11:40:53.872"></status>
</kw>
<status status="PASS" starttime="20210319 11:40:50.462" endtime="20210319 11:40:53.872"></status>
</kw>
<kw name="AND Go to shop management page">
<kw name="Go To" library="Selenium2Library">
<doc>Navigates the current browser window to the provided ``url``.</doc>
<arguments>
<arg>https://localhost/gami_ossd/index.php/Source_manager/index/Shop</arg>
</arguments>
<msg timestamp="20210319 11:40:53.873" level="INFO">Opening url 'https://localhost/gami_ossd/index.php/Source_manager/index/Shop'</msg>
<status status="PASS" starttime="20210319 11:40:53.873" endtime="20210319 11:40:54.471"></status>
</kw>
<status status="PASS" starttime="20210319 11:40:53.873" endtime="20210319 11:40:54.471"></status>
</kw>
<kw name="AND Add shop">
<kw name="Click Element" library="Selenium2Library">
<doc>Click the element identified by ``locator``.</doc>
<arguments>
<arg>xpath=//*[@id="example_wrapper"]/div[1]/button[1]</arg>
</arguments>
<msg timestamp="20210319 11:40:54.472" level="INFO">Clicking element 'xpath=//*[@id="example_wrapper"]/div[1]/button[1]'.</msg>
<status status="PASS" starttime="20210319 11:40:54.472" endtime="20210319 11:40:54.599"></status>
</kw>
<kw name="Sleep" library="BuiltIn">
<doc>Pauses the test executed for the given time.</doc>
<arguments>
<arg>1s</arg>
</arguments>
<msg timestamp="20210319 11:40:55.610" level="INFO">Slept 1 second</msg>
<status status="PASS" starttime="20210319 11:40:54.599" endtime="20210319 11:40:55.610"></status>
</kw>
<status status="PASS" starttime="20210319 11:40:54.471" endtime="20210319 11:40:55.610"></status>
</kw>
<kw name="AND Input name shop &quot;ไอเทมพิเศษ&quot;">
<kw name="Input Text" library="Selenium2Library">
<doc>Types the given ``text`` into the text field identified by ``locator``.</doc>
<arguments>
<arg>xpath=//*[@id="name"]</arg>
<arg>${name}</arg>
</arguments>
<msg timestamp="20210319 11:40:55.612" level="INFO">Typing text 'ไอเทมพิเศษ' into text field 'xpath=//*[@id="name"]'.</msg>
<status status="PASS" starttime="20210319 11:40:55.612" endtime="20210319 11:40:55.689"></status>
</kw>
<kw name="Sleep" library="BuiltIn">
<doc>Pauses the test executed for the given time.</doc>
<arguments>
<arg>1s</arg>
</arguments>
<msg timestamp="20210319 11:40:56.703" level="INFO">Slept 1 second</msg>
<status status="PASS" starttime="20210319 11:40:55.690" endtime="20210319 11:40:56.703"></status>
</kw>
<status status="PASS" starttime="20210319 11:40:55.612" endtime="20210319 11:40:56.703"></status>
</kw>
<kw name="AND Input point shop &quot;10&quot;">
<kw name="Input Text" library="Selenium2Library">
<doc>Types the given ``text`` into the text field identified by ``locator``.</doc>
<arguments>
<arg>xpath=//*[@id="point"]</arg>
<arg>${point}</arg>
</arguments>
<msg timestamp="20210319 11:40:56.704" level="INFO">Typing text '10' into text field 'xpath=//*[@id="point"]'.</msg>
<status status="PASS" starttime="20210319 11:40:56.704" endtime="20210319 11:40:56.798"></status>
</kw>
<kw name="Sleep" library="BuiltIn">
<doc>Pauses the test executed for the given time.</doc>
<arguments>
<arg>1s</arg>
</arguments>
<msg timestamp="20210319 11:40:57.802" level="INFO">Slept 1 second</msg>
<status status="PASS" starttime="20210319 11:40:56.798" endtime="20210319 11:40:57.802"></status>
</kw>
<status status="PASS" starttime="20210319 11:40:56.704" endtime="20210319 11:40:57.802"></status>
</kw>
<kw name="AND Input type shop &quot;1&quot;">
<kw name="Select From List By Value" library="Selenium2Library">
<doc>Selects options from selection list ``locator`` by ``values``.</doc>
<arguments>
<arg>xpath=//*[@id="type"]</arg>
<arg>${type}</arg>
</arguments>
<msg timestamp="20210319 11:40:57.803" level="INFO">Selecting options from selection list 'xpath=//*[@id="type"]' by value 1.</msg>
<status status="PASS" starttime="20210319 11:40:57.803" endtime="20210319 11:40:57.844"></status>
</kw>
<kw name="Sleep" library="BuiltIn">
<doc>Pauses the test executed for the given time.</doc>
<arguments>
<arg>1s</arg>
</arguments>
<msg timestamp="20210319 11:40:58.856" level="INFO">Slept 1 second</msg>
<status status="PASS" starttime="20210319 11:40:57.844" endtime="20210319 11:40:58.856"></status>
</kw>
<status status="PASS" starttime="20210319 11:40:57.803" endtime="20210319 11:40:58.856"></status>
</kw>
<kw name="AND Input total shop &quot;10&quot;">
<kw name="Input Text" library="Selenium2Library">
<doc>Types the given ``text`` into the text field identified by ``locator``.</doc>
<arguments>
<arg>xpath=//*[@id="total"]</arg>
<arg>${total}</arg>
</arguments>
<msg timestamp="20210319 11:40:58.857" level="INFO">Typing text '10' into text field 'xpath=//*[@id="total"]'.</msg>
<status status="PASS" starttime="20210319 11:40:58.856" endtime="20210319 11:40:58.933"></status>
</kw>
<kw name="Sleep" library="BuiltIn">
<doc>Pauses the test executed for the given time.</doc>
<arguments>
<arg>1s</arg>
</arguments>
<msg timestamp="20210319 11:40:59.941" level="INFO">Slept 1 second</msg>
<status status="PASS" starttime="20210319 11:40:58.933" endtime="20210319 11:40:59.941"></status>
</kw>
<status status="PASS" starttime="20210319 11:40:58.856" endtime="20210319 11:40:59.941"></status>
</kw>
<kw name="AND Input date start shop &quot;2021/03/08 16:26&quot;">
<kw name="Input Text" library="Selenium2Library">
<doc>Types the given ``text`` into the text field identified by ``locator``.</doc>
<arguments>
<arg>xpath=//*[@id="time_start"]</arg>
<arg>${ds}</arg>
</arguments>
<msg timestamp="20210319 11:40:59.942" level="INFO">Typing text '2021/03/08 16:26' into text field 'xpath=//*[@id="time_start"]'.</msg>
<status status="PASS" starttime="20210319 11:40:59.942" endtime="20210319 11:41:00.030"></status>
</kw>
<kw name="Sleep" library="BuiltIn">
<doc>Pauses the test executed for the given time.</doc>
<arguments>
<arg>1s</arg>
</arguments>
<msg timestamp="20210319 11:41:01.038" level="INFO">Slept 1 second</msg>
<status status="PASS" starttime="20210319 11:41:00.030" endtime="20210319 11:41:01.038"></status>
</kw>
<status status="PASS" starttime="20210319 11:40:59.942" endtime="20210319 11:41:01.038"></status>
</kw>
<kw name="AND Input date end shop &quot;2022/03/08 16:26&quot;">
<kw name="Input Text" library="Selenium2Library">
<doc>Types the given ``text`` into the text field identified by ``locator``.</doc>
<arguments>
<arg>xpath=//*[@id="time_end"]</arg>
<arg>${dn}</arg>
</arguments>
<msg timestamp="20210319 11:41:01.039" level="INFO">Typing text '2022/03/08 16:26' into text field 'xpath=//*[@id="time_end"]'.</msg>
<status status="PASS" starttime="20210319 11:41:01.039" endtime="20210319 11:41:01.119"></status>
</kw>
<kw name="Sleep" library="BuiltIn">
<doc>Pauses the test executed for the given time.</doc>
<arguments>
<arg>1s</arg>
</arguments>
<msg timestamp="20210319 11:41:02.132" level="INFO">Slept 1 second</msg>
<status status="PASS" starttime="20210319 11:41:01.119" endtime="20210319 11:41:02.132"></status>
</kw>
<status status="PASS" starttime="20210319 11:41:01.039" endtime="20210319 11:41:02.132"></status>
</kw>
<kw name="THEN Submit add shop">
<kw name="Click Element" library="Selenium2Library">
<doc>Click the element identified by ``locator``.</doc>
<arguments>
<arg>xpath=//*[@id="addRowBtn"]</arg>
</arguments>
<msg timestamp="20210319 11:41:02.133" level="INFO">Clicking element 'xpath=//*[@id="addRowBtn"]'.</msg>
<status status="PASS" starttime="20210319 11:41:02.133" endtime="20210319 11:41:02.549"></status>
</kw>
<kw name="Sleep" library="BuiltIn">
<doc>Pauses the test executed for the given time.</doc>
<arguments>
<arg>1s</arg>
</arguments>
<msg timestamp="20210319 11:41:03.562" level="INFO">Slept 1 second</msg>
<status status="PASS" starttime="20210319 11:41:02.549" endtime="20210319 11:41:03.562"></status>
</kw>
<status status="PASS" starttime="20210319 11:41:02.133" endtime="20210319 11:41:03.562"></status>
</kw>
<kw name="Close Browser" library="Selenium2Library" type="teardown">
<doc>Closes the current browser.</doc>
<status status="PASS" starttime="20210319 11:41:03.563" endtime="20210319 11:41:05.677"></status>
</kw>
<doc>การเพิ่มไอเทมพิเศษ</doc>
<tags>
<tag>PASS</tag>
</tags>
<status status="PASS" starttime="20210319 11:40:48.270" endtime="20210319 11:41:05.678" critical="yes"></status>
</test>
<test id="s1-t2" name="SCM-Shop-TC1-02">
<kw name="GIVEN Open web browser">
<kw name="Open Browser" library="Selenium2Library">
<doc>Opens a new browser instance to the optional ``url``.</doc>
<arguments>
<arg>${url}</arg>
<arg>chrome</arg>
</arguments>
<msg timestamp="20210319 11:41:05.681" level="INFO">Opening browser 'chrome' to base url 'https://localhost/gami_ossd/index.php'.</msg>
<status status="PASS" starttime="20210319 11:41:05.681" endtime="20210319 11:41:07.733"></status>
</kw>
<kw name="Maximize Browser Window" library="Selenium2Library">
<doc>Maximizes current browser window.</doc>
<status status="PASS" starttime="20210319 11:41:07.733" endtime="20210319 11:41:07.872"></status>
</kw>
<status status="PASS" starttime="20210319 11:41:05.681" endtime="20210319 11:41:07.872"></status>
</kw>
<kw name="WHEN Login with &quot;59160161&quot; &quot;59160161&quot;">
<kw name="Click Element" library="Selenium2Library">
<doc>Click the element identified by ``locator``.</doc>
<arguments>
<arg>xpath=//*[@id="details-button"]</arg>
</arguments>
<msg timestamp="20210319 11:41:07.873" level="INFO">Clicking element 'xpath=//*[@id="details-button"]'.</msg>
<status status="PASS" starttime="20210319 11:41:07.873" endtime="20210319 11:41:07.917"></status>
</kw>
<kw name="Click Element" library="Selenium2Library">
<doc>Click the element identified by ``locator``.</doc>
<arguments>
<arg>xpath=//*[@id="proceed-link"]</arg>
</arguments>
<msg timestamp="20210319 11:41:07.918" level="INFO">Clicking element 'xpath=//*[@id="proceed-link"]'.</msg>
<status status="PASS" starttime="20210319 11:41:07.918" endtime="20210319 11:41:08.841"></status>
</kw>
<kw name="Input Text" library="Selenium2Library">
<doc>Types the given ``text`` into the text field identified by ``locator``.</doc>
<arguments>
<arg>${login_input_username}</arg>
<arg>${username}</arg>
</arguments>
<msg timestamp="20210319 11:41:08.842" level="INFO">Typing text '59160161' into text field 'xpath=//*[@id="inputEmail"]'.</msg>
<status status="PASS" starttime="20210319 11:41:08.841" endtime="20210319 11:41:08.907"></status>
</kw>
<kw name="Input Password" library="Selenium2Library">
<doc>Types the given password into the text field identified by ``locator``.</doc>
<arguments>
<arg>${login_input_password}</arg>
<arg>${password}</arg>
</arguments>
<msg timestamp="20210319 11:41:08.908" level="INFO">Typing password into text field 'xpath=//*[@id="inputPassword"]'.</msg>
<status status="PASS" starttime="20210319 11:41:08.907" endtime="20210319 11:41:08.975"></status>
</kw>
<kw name="Sleep" library="BuiltIn">
<doc>Pauses the test executed for the given time.</doc>
<arguments>
<arg>1s</arg>
</arguments>
<msg timestamp="20210319 11:41:09.989" level="INFO">Slept 1 second</msg>
<status status="PASS" starttime="20210319 11:41:08.975" endtime="20210319 11:41:09.989"></status>
</kw>
<kw name="Click Element" library="Selenium2Library">
<doc>Click the element identified by ``locator``.</doc>
<arguments>
<arg>${login_btn}</arg>
</arguments>
<msg timestamp="20210319 11:41:09.989" level="INFO">Clicking element 'xpath=//*[@id="loginForm"]/button'.</msg>
<status status="PASS" starttime="20210319 11:41:09.989" endtime="20210319 11:41:11.222"></status>
</kw>
<status status="PASS" starttime="20210319 11:41:07.873" endtime="20210319 11:41:11.222"></status>
</kw>
<kw name="AND Go to shop management page">
<kw name="Go To" library="Selenium2Library">
<doc>Navigates the current browser window to the provided ``url``.</doc>
<arguments>
<arg>https://localhost/gami_ossd/index.php/Source_manager/index/Shop</arg>
</arguments>
<msg timestamp="20210319 11:41:11.223" level="INFO">Opening url 'https://localhost/gami_ossd/index.php/Source_manager/index/Shop'</msg>
<status status="PASS" starttime="20210319 11:41:11.223" endtime="20210319 11:41:11.815"></status>
</kw>
<status status="PASS" starttime="20210319 11:41:11.223" endtime="20210319 11:41:11.815"></status>
</kw>
<kw name="AND Edit shop">
<kw name="Sleep" library="BuiltIn">
<doc>Pauses the test executed for the given time.</doc>
<arguments>
<arg>1s</arg>
</arguments>
<msg timestamp="20210319 11:41:12.818" level="INFO">Slept 1 second</msg>
<status status="PASS" starttime="20210319 11:41:11.817" endtime="20210319 11:41:12.818"></status>
</kw>
<kw name="Click Element" library="Selenium2Library">
<doc>Click the element identified by ``locator``.</doc>
<arguments>
<arg>xpath=//*[@id="example"]/tbody/tr[6]</arg>
</arguments>
<msg timestamp="20210319 11:41:12.818" level="INFO">Clicking element 'xpath=//*[@id="example"]/tbody/tr[6]'.</msg>
<status status="PASS" starttime="20210319 11:41:12.818" endtime="20210319 11:41:12.866"></status>
</kw>
<kw name="Sleep" library="BuiltIn">
<doc>Pauses the test executed for the given time.</doc>
<arguments>
<arg>1s</arg>
</arguments>
<msg timestamp="20210319 11:41:13.878" level="INFO">Slept 1 second</msg>
<status status="PASS" starttime="20210319 11:41:12.867" endtime="20210319 11:41:13.878"></status>
</kw>
<kw name="Click Element" library="Selenium2Library">
<doc>Click the element identified by ``locator``.</doc>
<arguments>
<arg>xpath=//*[@id="example_wrapper"]/div[1]/button[2]</arg>
</arguments>
<msg timestamp="20210319 11:41:13.878" level="INFO">Clicking element 'xpath=//*[@id="example_wrapper"]/div[1]/button[2]'.</msg>
<status status="PASS" starttime="20210319 11:41:13.878" endtime="20210319 11:41:13.946"></status>
</kw>
<kw name="Sleep" library="BuiltIn">
<doc>Pauses the test executed for the given time.</doc>
<arguments>
<arg>1s</arg>
</arguments>
<msg timestamp="20210319 11:41:14.956" level="INFO">Slept 1 second</msg>
<status status="PASS" starttime="20210319 11:41:13.946" endtime="20210319 11:41:14.956"></status>
</kw>
<status status="PASS" starttime="20210319 11:41:11.816" endtime="20210319 11:41:14.956"></status>
</kw>
<kw name="AND Input name shop &quot;ไอเทมพิเศษ&quot;">
<kw name="Input Text" library="Selenium2Library">
<doc>Types the given ``text`` into the text field identified by ``locator``.</doc>
<arguments>
<arg>xpath=//*[@id="name"]</arg>
<arg>${name}</arg>
</arguments>
<msg timestamp="20210319 11:41:14.957" level="INFO">Typing text 'ไอเทมพิเศษ' into text field 'xpath=//*[@id="name"]'.</msg>
<status status="PASS" starttime="20210319 11:41:14.957" endtime="20210319 11:41:15.038"></status>
</kw>
<kw name="Sleep" library="BuiltIn">
<doc>Pauses the test executed for the given time.</doc>
<arguments>
<arg>1s</arg>
</arguments>
<msg timestamp="20210319 11:41:16.042" level="INFO">Slept 1 second</msg>
<status status="PASS" starttime="20210319 11:41:15.038" endtime="20210319 11:41:16.042"></status>
</kw>
<status status="PASS" starttime="20210319 11:41:14.957" endtime="20210319 11:41:16.042"></status>
</kw>
<kw name="AND Input point shop &quot;10&quot;">
<kw name="Input Text" library="Selenium2Library">
<doc>Types the given ``text`` into the text field identified by ``locator``.</doc>
<arguments>
<arg>xpath=//*[@id="point"]</arg>
<arg>${point}</arg>
</arguments>
<msg timestamp="20210319 11:41:16.043" level="INFO">Typing text '10' into text field 'xpath=//*[@id="point"]'.</msg>
<status status="PASS" starttime="20210319 11:41:16.043" endtime="20210319 11:41:16.115"></status>
</kw>
<kw name="Sleep" library="BuiltIn">
<doc>Pauses the test executed for the given time.</doc>
<arguments>
<arg>1s</arg>
</arguments>
<msg timestamp="20210319 11:41:17.118" level="INFO">Slept 1 second</msg>
<status status="PASS" starttime="20210319 11:41:16.115" endtime="20210319 11:41:17.118"></status>
</kw>
<status status="PASS" starttime="20210319 11:41:16.043" endtime="20210319 11:41:17.118"></status>
</kw>
<kw name="AND Input type shop &quot;1&quot;">
<kw name="Select From List By Value" library="Selenium2Library">
<doc>Selects options from selection list ``locator`` by ``values``.</doc>
<arguments>
<arg>xpath=//*[@id="type"]</arg>
<arg>${type}</arg>
</arguments>
<msg timestamp="20210319 11:41:17.120" level="INFO">Selecting options from selection list 'xpath=//*[@id="type"]' by value 1.</msg>
<status status="PASS" starttime="20210319 11:41:17.119" endtime="20210319 11:41:17.162"></status>
</kw>
<kw name="Sleep" library="BuiltIn">
<doc>Pauses the test executed for the given time.</doc>
<arguments>
<arg>1s</arg>
</arguments>
<msg timestamp="20210319 11:41:18.163" level="INFO">Slept 1 second</msg>
<status status="PASS" starttime="20210319 11:41:17.162" endtime="20210319 11:41:18.163"></status>
</kw>
<status status="PASS" starttime="20210319 11:41:17.119" endtime="20210319 11:41:18.163"></status>
</kw>
<kw name="AND Input total shop &quot;10&quot;">
<kw name="Input Text" library="Selenium2Library">
<doc>Types the given ``text`` into the text field identified by ``locator``.</doc>
<arguments>
<arg>xpath=//*[@id="total"]</arg>
<arg>${total}</arg>
</arguments>
<msg timestamp="20210319 11:41:18.164" level="INFO">Typing text '10' into text field 'xpath=//*[@id="total"]'.</msg>
<status status="PASS" starttime="20210319 11:41:18.164" endtime="20210319 11:41:18.237"></status>
</kw>
<kw name="Sleep" library="BuiltIn">
<doc>Pauses the test executed for the given time.</doc>
<arguments>
<arg>1s</arg>
</arguments>
<msg timestamp="20210319 11:41:19.241" level="INFO">Slept 1 second</msg>
<status status="PASS" starttime="20210319 11:41:18.237" endtime="20210319 11:41:19.241"></status>
</kw>
<status status="PASS" starttime="20210319 11:41:18.164" endtime="20210319 11:41:19.241"></status>
</kw>
<kw name="AND Input date start shop &quot;2021/03/08 16:26&quot;">
<kw name="Input Text" library="Selenium2Library">
<doc>Types the given ``text`` into the text field identified by ``locator``.</doc>
<arguments>
<arg>xpath=//*[@id="time_start"]</arg>
<arg>${ds}</arg>
</arguments>
<msg timestamp="20210319 11:41:19.243" level="INFO">Typing text '2021/03/08 16:26' into text field 'xpath=//*[@id="time_start"]'.</msg>
<status status="PASS" starttime="20210319 11:41:19.243" endtime="20210319 11:41:19.327"></status>
</kw>
<kw name="Sleep" library="BuiltIn">
<doc>Pauses the test executed for the given time.</doc>
<arguments>
<arg>1s</arg>
</arguments>
<msg timestamp="20210319 11:41:20.332" level="INFO">Slept 1 second</msg>
<status status="PASS" starttime="20210319 11:41:19.327" endtime="20210319 11:41:20.332"></status>
</kw>
<status status="PASS" starttime="20210319 11:41:19.242" endtime="20210319 11:41:20.332"></status>
</kw>
<kw name="AND Input date end shop &quot;2022/03/08 16:26&quot;">
<kw name="Input Text" library="Selenium2Library">
<doc>Types the given ``text`` into the text field identified by ``locator``.</doc>
<arguments>
<arg>xpath=//*[@id="time_end"]</arg>
<arg>${dn}</arg>
</arguments>
<msg timestamp="20210319 11:41:20.334" level="INFO">Typing text '2022/03/08 16:26' into text field 'xpath=//*[@id="time_end"]'.</msg>
<status status="PASS" starttime="20210319 11:41:20.334" endtime="20210319 11:41:20.414"></status>
</kw>
<kw name="Sleep" library="BuiltIn">
<doc>Pauses the test executed for the given time.</doc>
<arguments>
<arg>1s</arg>
</arguments>
<msg timestamp="20210319 11:41:21.423" level="INFO">Slept 1 second</msg>
<status status="PASS" starttime="20210319 11:41:20.414" endtime="20210319 11:41:21.423"></status>
</kw>
<status status="PASS" starttime="20210319 11:41:20.333" endtime="20210319 11:41:21.423"></status>
</kw>
<kw name="THEN Submit edit shop">
<kw name="Click Element" library="Selenium2Library">
<doc>Click the element identified by ``locator``.</doc>
<arguments>
<arg>xpath=//*[@id="editRowBtn"]</arg>
</arguments>
<msg timestamp="20210319 11:41:21.424" level="INFO">Clicking element 'xpath=//*[@id="editRowBtn"]'.</msg>
<status status="PASS" starttime="20210319 11:41:21.424" endtime="20210319 11:41:21.815"></status>
</kw>
<status status="PASS" starttime="20210319 11:41:21.424" endtime="20210319 11:41:21.815"></status>
</kw>
<kw name="Close Browser" library="Selenium2Library" type="teardown">
<doc>Closes the current browser.</doc>
<status status="PASS" starttime="20210319 11:41:21.816" endtime="20210319 11:41:23.954"></status>
</kw>
<doc>การแก้ไขไอเทมพิเศษ</doc>
<tags>
<tag>PASS</tag>
</tags>
<status status="PASS" starttime="20210319 11:41:05.680" endtime="20210319 11:41:23.955" critical="yes"></status>
</test>
<test id="s1-t3" name="SCM-Shop-TC1-03">
<kw name="GIVEN Open web browser">
<kw name="Open Browser" library="Selenium2Library">
<doc>Opens a new browser instance to the optional ``url``.</doc>
<arguments>
<arg>${url}</arg>
<arg>chrome</arg>
</arguments>
<msg timestamp="20210319 11:41:23.959" level="INFO">Opening browser 'chrome' to base url 'https://localhost/gami_ossd/index.php'.</msg>
<status status="PASS" starttime="20210319 11:41:23.959" endtime="20210319 11:41:25.990"></status>
</kw>
<kw name="Maximize Browser Window" library="Selenium2Library">
<doc>Maximizes current browser window.</doc>
<status status="PASS" starttime="20210319 11:41:25.990" endtime="20210319 11:41:26.116"></status>
</kw>
<status status="PASS" starttime="20210319 11:41:23.958" endtime="20210319 11:41:26.116"></status>
</kw>
<kw name="WHEN Login with &quot;59160161&quot; &quot;59160161&quot;">
<kw name="Click Element" library="Selenium2Library">
<doc>Click the element identified by ``locator``.</doc>
<arguments>
<arg>xpath=//*[@id="details-button"]</arg>
</arguments>
<msg timestamp="20210319 11:41:26.117" level="INFO">Clicking element 'xpath=//*[@id="details-button"]'.</msg>
<status status="PASS" starttime="20210319 11:41:26.116" endtime="20210319 11:41:26.161"></status>
</kw>
<kw name="Click Element" library="Selenium2Library">
<doc>Click the element identified by ``locator``.</doc>
<arguments>
<arg>xpath=//*[@id="proceed-link"]</arg>
</arguments>
<msg timestamp="20210319 11:41:26.161" level="INFO">Clicking element 'xpath=//*[@id="proceed-link"]'.</msg>
<status status="PASS" starttime="20210319 11:41:26.161" endtime="20210319 11:41:27.035"></status>
</kw>
<kw name="Input Text" library="Selenium2Library">
<doc>Types the given ``text`` into the text field identified by ``locator``.</doc>
<arguments>
<arg>${login_input_username}</arg>
<arg>${username}</arg>
</arguments>
<msg timestamp="20210319 11:41:27.036" level="INFO">Typing text '59160161' into text field 'xpath=//*[@id="inputEmail"]'.</msg>
<status status="PASS" starttime="20210319 11:41:27.035" endtime="20210319 11:41:27.100"></status>
</kw>
<kw name="Input Password" library="Selenium2Library">
<doc>Types the given password into the text field identified by ``locator``.</doc>
<arguments>
<arg>${login_input_password}</arg>
<arg>${password}</arg>
</arguments>
<msg timestamp="20210319 11:41:27.100" level="INFO">Typing password into text field 'xpath=//*[@id="inputPassword"]'.</msg>
<status status="PASS" starttime="20210319 11:41:27.100" endtime="20210319 11:41:27.171"></status>
</kw>
<kw name="Sleep" library="BuiltIn">
<doc>Pauses the test executed for the given time.</doc>
<arguments>
<arg>1s</arg>
</arguments>
<msg timestamp="20210319 11:41:28.186" level="INFO">Slept 1 second</msg>
<status status="PASS" starttime="20210319 11:41:27.171" endtime="20210319 11:41:28.186"></status>
</kw>
<kw name="Click Element" library="Selenium2Library">
<doc>Click the element identified by ``locator``.</doc>
<arguments>
<arg>${login_btn}</arg>
</arguments>
<msg timestamp="20210319 11:41:28.186" level="INFO">Clicking element 'xpath=//*[@id="loginForm"]/button'.</msg>
<status status="PASS" starttime="20210319 11:41:28.186" endtime="20210319 11:41:29.530"></status>
</kw>
<status status="PASS" starttime="20210319 11:41:26.116" endtime="20210319 11:41:29.530"></status>
</kw>
<kw name="AND Go to shop management page">
<kw name="Go To" library="Selenium2Library">
<doc>Navigates the current browser window to the provided ``url``.</doc>
<arguments>
<arg>https://localhost/gami_ossd/index.php/Source_manager/index/Shop</arg>
</arguments>
<msg timestamp="20210319 11:41:29.531" level="INFO">Opening url 'https://localhost/gami_ossd/index.php/Source_manager/index/Shop'</msg>
<status status="PASS" starttime="20210319 11:41:29.531" endtime="20210319 11:41:30.069"></status>
</kw>
<status status="PASS" starttime="20210319 11:41:29.531" endtime="20210319 11:41:30.069"></status>
</kw>
<kw name="AND Delete shop">
<kw name="Sleep" library="BuiltIn">
<doc>Pauses the test executed for the given time.</doc>
<arguments>
<arg>1s</arg>
</arguments>
<msg timestamp="20210319 11:41:31.076" level="INFO">Slept 1 second</msg>
<status status="PASS" starttime="20210319 11:41:30.070" endtime="20210319 11:41:31.076"></status>
</kw>
<kw name="Click Element" library="Selenium2Library">
<doc>Click the element identified by ``locator``.</doc>
<arguments>
<arg>xpath=//*[@id="example"]/tbody/tr[6]</arg>
</arguments>
<msg timestamp="20210319 11:41:31.077" level="INFO">Clicking element 'xpath=//*[@id="example"]/tbody/tr[6]'.</msg>
<status status="PASS" starttime="20210319 11:41:31.076" endtime="20210319 11:41:31.124"></status>
</kw>
<kw name="Sleep" library="BuiltIn">
<doc>Pauses the test executed for the given time.</doc>
<arguments>
<arg>1s</arg>
</arguments>
<msg timestamp="20210319 11:41:32.126" level="INFO">Slept 1 second</msg>
<status status="PASS" starttime="20210319 11:41:31.124" endtime="20210319 11:41:32.126"></status>
</kw>
<kw name="Click Element" library="Selenium2Library">
<doc>Click the element identified by ``locator``.</doc>
<arguments>
<arg>xpath=//*[@id="example_wrapper"]/div[1]/button[3]</arg>
</arguments>
<msg timestamp="20210319 11:41:32.126" level="INFO">Clicking element 'xpath=//*[@id="example_wrapper"]/div[1]/button[3]'.</msg>
<status status="PASS" starttime="20210319 11:41:32.126" endtime="20210319 11:41:32.200"></status>
</kw>
<kw name="Sleep" library="BuiltIn">
<doc>Pauses the test executed for the given time.</doc>
<arguments>
<arg>1s</arg>
</arguments>
<msg timestamp="20210319 11:41:33.215" level="INFO">Slept 1 second</msg>
<status status="PASS" starttime="20210319 11:41:32.200" endtime="20210319 11:41:33.215"></status>
</kw>
<status status="PASS" starttime="20210319 11:41:30.069" endtime="20210319 11:41:33.215"></status>
</kw>
<kw name="THEN Submit delete shop">
<kw name="Click Element" library="Selenium2Library">
<doc>Click the element identified by ``locator``.</doc>
<arguments>
<arg>xpath=//*[@id="deleteRowBtn"]</arg>
</arguments>
<msg timestamp="20210319 11:41:33.216" level="INFO">Clicking element 'xpath=//*[@id="deleteRowBtn"]'.</msg>
<status status="PASS" starttime="20210319 11:41:33.216" endtime="20210319 11:41:33.784"></status>
</kw>
<status status="PASS" starttime="20210319 11:41:33.216" endtime="20210319 11:41:33.784"></status>
</kw>
<kw name="Close Browser" library="Selenium2Library" type="teardown">
<doc>Closes the current browser.</doc>
<status status="PASS" starttime="20210319 11:41:33.785" endtime="20210319 11:41:35.917"></status>
</kw>
<doc>การลบไอเทมพิเศษ</doc>
<tags>
<tag>PASS</tag>
</tags>
<status status="PASS" starttime="20210319 11:41:23.957" endtime="20210319 11:41:35.918" critical="yes"></status>
</test>
<test id="s1-t4" name="SCM-Shop-TC2-01">
<kw name="GIVEN Open web browser">
<kw name="Open Browser" library="Selenium2Library">
<doc>Opens a new browser instance to the optional ``url``.</doc>
<arguments>
<arg>${url}</arg>
<arg>chrome</arg>
</arguments>
<msg timestamp="20210319 11:41:35.922" level="INFO">Opening browser 'chrome' to base url 'https://localhost/gami_ossd/index.php'.</msg>
<status status="PASS" starttime="20210319 11:41:35.922" endtime="20210319 11:41:37.956"></status>
</kw>
<kw name="Maximize Browser Window" library="Selenium2Library">
<doc>Maximizes current browser window.</doc>
<status status="PASS" starttime="20210319 11:41:37.956" endtime="20210319 11:41:38.086"></status>
</kw>
<status status="PASS" starttime="20210319 11:41:35.921" endtime="20210319 11:41:38.086"></status>
</kw>
<kw name="WHEN Login with &quot;59160161&quot; &quot;59160161&quot;">
<kw name="Click Element" library="Selenium2Library">
<doc>Click the element identified by ``locator``.</doc>
<arguments>
<arg>xpath=//*[@id="details-button"]</arg>
</arguments>
<msg timestamp="20210319 11:41:38.087" level="INFO">Clicking element 'xpath=//*[@id="details-button"]'.</msg>
<status status="PASS" starttime="20210319 11:41:38.087" endtime="20210319 11:41:38.135"></status>
</kw>
<kw name="Click Element" library="Selenium2Library">
<doc>Click the element identified by ``locator``.</doc>
<arguments>
<arg>xpath=//*[@id="proceed-link"]</arg>
</arguments>
<msg timestamp="20210319 11:41:38.136" level="INFO">Clicking element 'xpath=//*[@id="proceed-link"]'.</msg>
<status status="PASS" starttime="20210319 11:41:38.135" endtime="20210319 11:41:39.088"></status>
</kw>
<kw name="Input Text" library="Selenium2Library">
<doc>Types the given ``text`` into the text field identified by ``locator``.</doc>
<arguments>
<arg>${login_input_username}</arg>
<arg>${username}</arg>
</arguments>
<msg timestamp="20210319 11:41:39.088" level="INFO">Typing text '59160161' into text field 'xpath=//*[@id="inputEmail"]'.</msg>
<status status="PASS" starttime="20210319 11:41:39.088" endtime="20210319 11:41:39.156"></status>
</kw>
<kw name="Input Password" library="Selenium2Library">
<doc>Types the given password into the text field identified by ``locator``.</doc>
<arguments>
<arg>${login_input_password}</arg>
<arg>${password}</arg>
</arguments>
<msg timestamp="20210319 11:41:39.156" level="INFO">Typing password into text field 'xpath=//*[@id="inputPassword"]'.</msg>
<status status="PASS" starttime="20210319 11:41:39.156" endtime="20210319 11:41:39.235"></status>
</kw>
<kw name="Sleep" library="BuiltIn">
<doc>Pauses the test executed for the given time.</doc>
<arguments>
<arg>1s</arg>
</arguments>
<msg timestamp="20210319 11:41:40.243" level="INFO">Slept 1 second</msg>
<status status="PASS" starttime="20210319 11:41:39.235" endtime="20210319 11:41:40.243"></status>
</kw>
<kw name="Click Element" library="Selenium2Library">
<doc>Click the element identified by ``locator``.</doc>
<arguments>
<arg>${login_btn}</arg>
</arguments>
<msg timestamp="20210319 11:41:40.244" level="INFO">Clicking element 'xpath=//*[@id="loginForm"]/button'.</msg>
<status status="PASS" starttime="20210319 11:41:40.244" endtime="20210319 11:41:41.582"></status>
</kw>
<status status="PASS" starttime="20210319 11:41:38.087" endtime="20210319 11:41:41.582"></status>
</kw>
<kw name="AND Go to shop management page">
<kw name="Go To" library="Selenium2Library">
<doc>Navigates the current browser window to the provided ``url``.</doc>
<arguments>
<arg>https://localhost/gami_ossd/index.php/Source_manager/index/Shop</arg>
</arguments>
<msg timestamp="20210319 11:41:41.583" level="INFO">Opening url 'https://localhost/gami_ossd/index.php/Source_manager/index/Shop'</msg>
<status status="PASS" starttime="20210319 11:41:41.582" endtime="20210319 11:41:41.975"></status>
</kw>
<status status="PASS" starttime="20210319 11:41:41.582" endtime="20210319 11:41:41.975"></status>
</kw>
<kw name="AND Add shop">
<kw name="Click Element" library="Selenium2Library">
<doc>Click the element identified by ``locator``.</doc>
<arguments>
<arg>xpath=//*[@id="example_wrapper"]/div[1]/button[1]</arg>
</arguments>
<msg timestamp="20210319 11:41:41.976" level="INFO">Clicking element 'xpath=//*[@id="example_wrapper"]/div[1]/button[1]'.</msg>
<status status="PASS" starttime="20210319 11:41:41.976" endtime="20210319 11:41:42.086"></status>
</kw>
<kw name="Sleep" library="BuiltIn">
<doc>Pauses the test executed for the given time.</doc>
<arguments>
<arg>1s</arg>
</arguments>
<msg timestamp="20210319 11:41:43.090" level="INFO">Slept 1 second</msg>
<status status="PASS" starttime="20210319 11:41:42.087" endtime="20210319 11:41:43.090"></status>
</kw>
<status status="PASS" starttime="20210319 11:41:41.976" endtime="20210319 11:41:43.090"></status>
</kw>
<kw name="AND Input name shop &quot;&quot;">
<kw name="Input Text" library="Selenium2Library">
<doc>Types the given ``text`` into the text field identified by ``locator``.</doc>
<arguments>
<arg>xpath=//*[@id="name"]</arg>
<arg>${name}</arg>
</arguments>
<msg timestamp="20210319 11:41:43.091" level="INFO">Typing text '' into text field 'xpath=//*[@id="name"]'.</msg>
<status status="PASS" starttime="20210319 11:41:43.091" endtime="20210319 11:41:43.160"></status>
</kw>
<kw name="Sleep" library="BuiltIn">
<doc>Pauses the test executed for the given time.</doc>
<arguments>
<arg>1s</arg>
</arguments>
<msg timestamp="20210319 11:41:44.167" level="INFO">Slept 1 second</msg>
<status status="PASS" starttime="20210319 11:41:43.160" endtime="20210319 11:41:44.167"></status>
</kw>
<status status="PASS" starttime="20210319 11:41:43.091" endtime="20210319 11:41:44.167"></status>
</kw>
<kw name="AND Input point shop &quot;10&quot;">
<kw name="Input Text" library="Selenium2Library">
<doc>Types the given ``text`` into the text field identified by ``locator``.</doc>
<arguments>
<arg>xpath=//*[@id="point"]</arg>
<arg>${point}</arg>
</arguments>
<msg timestamp="20210319 11:41:44.167" level="INFO">Typing text '10' into text field 'xpath=//*[@id="point"]'.</msg>
<status status="PASS" starttime="20210319 11:41:44.167" endtime="20210319 11:41:44.238"></status>
</kw>
<kw name="Sleep" library="BuiltIn">
<doc>Pauses the test executed for the given time.</doc>
<arguments>
<arg>1s</arg>
</arguments>
<msg timestamp="20210319 11:41:45.243" level="INFO">Slept 1 second</msg>
<status status="PASS" starttime="20210319 11:41:44.239" endtime="20210319 11:41:45.243"></status>
</kw>
<status status="PASS" starttime="20210319 11:41:44.167" endtime="20210319 11:41:45.243"></status>
</kw>
<kw name="AND Input type shop &quot;1&quot;">
<kw name="Select From List By Value" library="Selenium2Library">
<doc>Selects options from selection list ``locator`` by ``values``.</doc>
<arguments>
<arg>xpath=//*[@id="type"]</arg>
<arg>${type}</arg>
</arguments>
<msg timestamp="20210319 11:41:45.243" level="INFO">Selecting options from selection list 'xpath=//*[@id="type"]' by value 1.</msg>
<status status="PASS" starttime="20210319 11:41:45.243" endtime="20210319 11:41:45.285"></status>
</kw>
<kw name="Sleep" library="BuiltIn">
<doc>Pauses the test executed for the given time.</doc>
<arguments>
<arg>1s</arg>
</arguments>
<msg timestamp="20210319 11:41:46.291" level="INFO">Slept 1 second</msg>
<status status="PASS" starttime="20210319 11:41:45.285" endtime="20210319 11:41:46.291"></status>
</kw>
<status status="PASS" starttime="20210319 11:41:45.243" endtime="20210319 11:41:46.291"></status>
</kw>
<kw name="AND Input total shop &quot;10&quot;">
<kw name="Input Text" library="Selenium2Library">
<doc>Types the given ``text`` into the text field identified by ``locator``.</doc>
<arguments>
<arg>xpath=//*[@id="total"]</arg>
<arg>${total}</arg>
</arguments>
<msg timestamp="20210319 11:41:46.292" level="INFO">Typing text '10' into text field 'xpath=//*[@id="total"]'.</msg>
<status status="PASS" starttime="20210319 11:41:46.292" endtime="20210319 11:41:46.362"></status>
</kw>
<kw name="Sleep" library="BuiltIn">
<doc>Pauses the test executed for the given time.</doc>
<arguments>
<arg>1s</arg>
</arguments>
<msg timestamp="20210319 11:41:47.375" level="INFO">Slept 1 second</msg>
<status status="PASS" starttime="20210319 11:41:46.362" endtime="20210319 11:41:47.375"></status>
</kw>
<status status="PASS" starttime="20210319 11:41:46.292" endtime="20210319 11:41:47.375"></status>
</kw>
<kw name="AND Input date start shop &quot;2021/03/08 16:26&quot;">
<kw name="Input Text" library="Selenium2Library">
<doc>Types the given ``text`` into the text field identified by ``locator``.</doc>
<arguments>
<arg>xpath=//*[@id="time_start"]</arg>
<arg>${ds}</arg>
</arguments>
<msg timestamp="20210319 11:41:47.376" level="INFO">Typing text '2021/03/08 16:26' into text field 'xpath=//*[@id="time_start"]'.</msg>
<status status="PASS" starttime="20210319 11:41:47.376" endtime="20210319 11:41:47.463"></status>
</kw>
<kw name="Sleep" library="BuiltIn">
<doc>Pauses the test executed for the given time.</doc>
<arguments>
<arg>1s</arg>
</arguments>
<msg timestamp="20210319 11:41:48.468" level="INFO">Slept 1 second</msg>
<status status="PASS" starttime="20210319 11:41:47.463" endtime="20210319 11:41:48.468"></status>
</kw>
<status status="PASS" starttime="20210319 11:41:47.376" endtime="20210319 11:41:48.468"></status>
</kw>
<kw name="AND Input date end shop &quot;2022/03/08 16:26&quot;">
<kw name="Input Text" library="Selenium2Library">
<doc>Types the given ``text`` into the text field identified by ``locator``.</doc>
<arguments>
<arg>xpath=//*[@id="time_end"]</arg>
<arg>${dn}</arg>
</arguments>
<msg timestamp="20210319 11:41:48.470" level="INFO">Typing text '2022/03/08 16:26' into text field 'xpath=//*[@id="time_end"]'.</msg>
<status status="PASS" starttime="20210319 11:41:48.469" endtime="20210319 11:41:48.557"></status>
</kw>
<kw name="Sleep" library="BuiltIn">
<doc>Pauses the test executed for the given time.</doc>
<arguments>
<arg>1s</arg>
</arguments>
<msg timestamp="20210319 11:41:49.564" level="INFO">Slept 1 second</msg>
<status status="PASS" starttime="20210319 11:41:48.557" endtime="20210319 11:41:49.564"></status>
</kw>
<status status="PASS" starttime="20210319 11:41:48.469" endtime="20210319 11:41:49.564"></status>
</kw>
<kw name="THEN Submit add shop">
<kw name="Click Element" library="Selenium2Library">
<doc>Click the element identified by ``locator``.</doc>
<arguments>
<arg>xpath=//*[@id="addRowBtn"]</arg>
</arguments>
<msg timestamp="20210319 11:41:49.565" level="INFO">Clicking element 'xpath=//*[@id="addRowBtn"]'.</msg>
<status status="PASS" starttime="20210319 11:41:49.565" endtime="20210319 11:41:49.608"></status>
</kw>
<kw name="Sleep" library="BuiltIn">
<doc>Pauses the test executed for the given time.</doc>
<arguments>
<arg>1s</arg>
</arguments>
<msg timestamp="20210319 11:41:50.608" level="INFO">Slept 1 second</msg>
<status status="PASS" starttime="20210319 11:41:49.608" endtime="20210319 11:41:50.608"></status>
</kw>
<status status="PASS" starttime="20210319 11:41:49.565" endtime="20210319 11:41:50.608"></status>
</kw>
<kw name="Close Browser" library="Selenium2Library" type="teardown">
<doc>Closes the current browser.</doc>
<status status="PASS" starttime="20210319 11:41:50.609" endtime="20210319 11:41:52.725"></status>
</kw>
<doc>การเพิ่มไอเทมพิเศษไม่ใส่ชื่อไอเทม</doc>
<tags>
<tag>FAIL</tag>
</tags>
<status status="PASS" starttime="20210319 11:41:35.919" endtime="20210319 11:41:52.725" critical="yes"></status>
</test>
<test id="s1-t5" name="SCM-Shop-TC2-02">
<kw name="GIVEN Open web browser">
<kw name="Open Browser" library="Selenium2Library">
<doc>Opens a new browser instance to the optional ``url``.</doc>
<arguments>
<arg>${url}</arg>
<arg>chrome</arg>
</arguments>
<msg timestamp="20210319 11:41:52.733" level="INFO">Opening browser 'chrome' to base url 'https://localhost/gami_ossd/index.php'.</msg>
<status status="PASS" starttime="20210319 11:41:52.732" endtime="20210319 11:41:54.763"></status>
</kw>
<kw name="Maximize Browser Window" library="Selenium2Library">
<doc>Maximizes current browser window.</doc>
<status status="PASS" starttime="20210319 11:41:54.763" endtime="20210319 11:41:54.885"></status>
</kw>
<status status="PASS" starttime="20210319 11:41:52.731" endtime="20210319 11:41:54.885"></status>
</kw>
<kw name="WHEN Login with &quot;59160161&quot; &quot;59160161&quot;">
<kw name="Click Element" library="Selenium2Library">
<doc>Click the element identified by ``locator``.</doc>
<arguments>
<arg>xpath=//*[@id="details-button"]</arg>
</arguments>
<msg timestamp="20210319 11:41:54.886" level="INFO">Clicking element 'xpath=//*[@id="details-button"]'.</msg>
<status status="PASS" starttime="20210319 11:41:54.886" endtime="20210319 11:41:54.941"></status>
</kw>
<kw name="Click Element" library="Selenium2Library">
<doc>Click the element identified by ``locator``.</doc>
<arguments>
<arg>xpath=//*[@id="proceed-link"]</arg>
</arguments>
<msg timestamp="20210319 11:41:54.941" level="INFO">Clicking element 'xpath=//*[@id="proceed-link"]'.</msg>
<status status="PASS" starttime="20210319 11:41:54.941" endtime="20210319 11:41:55.936"></status>
</kw>
<kw name="Input Text" library="Selenium2Library">
<doc>Types the given ``text`` into the text field identified by ``locator``.</doc>
<arguments>
<arg>${login_input_username}</arg>
<arg>${username}</arg>
</arguments>
<msg timestamp="20210319 11:41:55.937" level="INFO">Typing text '59160161' into text field 'xpath=//*[@id="inputEmail"]'.</msg>
<status status="PASS" starttime="20210319 11:41:55.936" endtime="20210319 11:41:56.004"></status>
</kw>
<kw name="Input Password" library="Selenium2Library">
<doc>Types the given password into the text field identified by ``locator``.</doc>
<arguments>
<arg>${login_input_password}</arg>
<arg>${password}</arg>
</arguments>
<msg timestamp="20210319 11:41:56.004" level="INFO">Typing password into text field 'xpath=//*[@id="inputPassword"]'.</msg>
<status status="PASS" starttime="20210319 11:41:56.004" endtime="20210319 11:41:56.075"></status>
</kw>
<kw name="Sleep" library="BuiltIn">
<doc>Pauses the test executed for the given time.</doc>
<arguments>
<arg>1s</arg>
</arguments>
<msg timestamp="20210319 11:41:57.088" level="INFO">Slept 1 second</msg>
<status status="PASS" starttime="20210319 11:41:56.075" endtime="20210319 11:41:57.088"></status>
</kw>
<kw name="Click Element" library="Selenium2Library">
<doc>Click the element identified by ``locator``.</doc>
<arguments>
<arg>${login_btn}</arg>
</arguments>
<msg timestamp="20210319 11:41:57.088" level="INFO">Clicking element 'xpath=//*[@id="loginForm"]/button'.</msg>
<status status="PASS" starttime="20210319 11:41:57.088" endtime="20210319 11:41:58.369"></status>
</kw>
<status status="PASS" starttime="20210319 11:41:54.886" endtime="20210319 11:41:58.369"></status>
</kw>
<kw name="AND Go to shop management page">
<kw name="Go To" library="Selenium2Library">
<doc>Navigates the current browser window to the provided ``url``.</doc>
<arguments>
<arg>https://localhost/gami_ossd/index.php/Source_manager/index/Shop</arg>
</arguments>
<msg timestamp="20210319 11:41:58.370" level="INFO">Opening url 'https://localhost/gami_ossd/index.php/Source_manager/index/Shop'</msg>
<status status="PASS" starttime="20210319 11:41:58.370" endtime="20210319 11:41:58.964"></status>
</kw>
<status status="PASS" starttime="20210319 11:41:58.370" endtime="20210319 11:41:58.965"></status>
</kw>
<kw name="AND Add shop">
<kw name="Click Element" library="Selenium2Library">
<doc>Click the element identified by ``locator``.</doc>
<arguments>
<arg>xpath=//*[@id="example_wrapper"]/div[1]/button[1]</arg>
</arguments>
<msg timestamp="20210319 11:41:58.966" level="INFO">Clicking element 'xpath=//*[@id="example_wrapper"]/div[1]/button[1]'.</msg>
<status status="PASS" starttime="20210319 11:41:58.966" endtime="20210319 11:41:59.084"></status>
</kw>
<kw name="Sleep" library="BuiltIn">
<doc>Pauses the test executed for the given time.</doc>
<arguments>
<arg>1s</arg>
</arguments>
<msg timestamp="20210319 11:42:00.089" level="INFO">Slept 1 second</msg>
<status status="PASS" starttime="20210319 11:41:59.084" endtime="20210319 11:42:00.089"></status>
</kw>
<status status="PASS" starttime="20210319 11:41:58.965" endtime="20210319 11:42:00.089"></status>
</kw>
<kw name="AND Input name shop &quot;ไอเทมพิเศษ&quot;">
<kw name="Input Text" library="Selenium2Library">
<doc>Types the given ``text`` into the text field identified by ``locator``.</doc>
<arguments>
<arg>xpath=//*[@id="name"]</arg>
<arg>${name}</arg>
</arguments>
<msg timestamp="20210319 11:42:00.090" level="INFO">Typing text 'ไอเทมพิเศษ' into text field 'xpath=//*[@id="name"]'.</msg>
<status status="PASS" starttime="20210319 11:42:00.090" endtime="20210319 11:42:00.169"></status>
</kw>
<kw name="Sleep" library="BuiltIn">
<doc>Pauses the test executed for the given time.</doc>
<arguments>
<arg>1s</arg>
</arguments>
<msg timestamp="20210319 11:42:01.177" level="INFO">Slept 1 second</msg>
<status status="PASS" starttime="20210319 11:42:00.169" endtime="20210319 11:42:01.177"></status>
</kw>
<status status="PASS" starttime="20210319 11:42:00.090" endtime="20210319 11:42:01.177"></status>
</kw>
<kw name="AND Input point shop &quot;&quot;">
<kw name="Input Text" library="Selenium2Library">
<doc>Types the given ``text`` into the text field identified by ``locator``.</doc>
<arguments>
<arg>xpath=//*[@id="point"]</arg>
<arg>${point}</arg>
</arguments>
<msg timestamp="20210319 11:42:01.179" level="INFO">Typing text '' into text field 'xpath=//*[@id="point"]'.</msg>
<status status="PASS" starttime="20210319 11:42:01.178" endtime="20210319 11:42:01.254"></status>
</kw>
<kw name="Sleep" library="BuiltIn">
<doc>Pauses the test executed for the given time.</doc>
<arguments>
<arg>1s</arg>
</arguments>
<msg timestamp="20210319 11:42:02.254" level="INFO">Slept 1 second</msg>
<status status="PASS" starttime="20210319 11:42:01.254" endtime="20210319 11:42:02.254"></status>
</kw>
<status status="PASS" starttime="20210319 11:42:01.178" endtime="20210319 11:42:02.254"></status>
</kw>
<kw name="AND Input type shop &quot;1&quot;">
<kw name="Select From List By Value" library="Selenium2Library">
<doc>Selects options from selection list ``locator`` by ``values``.</doc>
<arguments>
<arg>xpath=//*[@id="type"]</arg>
<arg>${type}</arg>
</arguments>
<msg timestamp="20210319 11:42:02.255" level="INFO">Selecting options from selection list 'xpath=//*[@id="type"]' by value 1.</msg>
<status status="PASS" starttime="20210319 11:42:02.255" endtime="20210319 11:42:02.297"></status>
</kw>
<kw name="Sleep" library="BuiltIn">
<doc>Pauses the test executed for the given time.</doc>
<arguments>
<arg>1s</arg>
</arguments>
<msg timestamp="20210319 11:42:03.298" level="INFO">Slept 1 second</msg>
<status status="PASS" starttime="20210319 11:42:02.297" endtime="20210319 11:42:03.298"></status>
</kw>
<status status="PASS" starttime="20210319 11:42:02.255" endtime="20210319 11:42:03.298"></status>
</kw>
<kw name="AND Input total shop &quot;10&quot;">
<kw name="Input Text" library="Selenium2Library">
<doc>Types the given ``text`` into the text field identified by ``locator``.</doc>
<arguments>
<arg>xpath=//*[@id="total"]</arg>
<arg>${total}</arg>
</arguments>
<msg timestamp="20210319 11:42:03.299" level="INFO">Typing text '10' into text field 'xpath=//*[@id="total"]'.</msg>
<status status="PASS" starttime="20210319 11:42:03.299" endtime="20210319 11:42:03.373"></status>
</kw>
<kw name="Sleep" library="BuiltIn">
<doc>Pauses the test executed for the given time.</doc>
<arguments>
<arg>1s</arg>
</arguments>
<msg timestamp="20210319 11:42:04.380" level="INFO">Slept 1 second</msg>
<status status="PASS" starttime="20210319 11:42:03.373" endtime="20210319 11:42:04.380"></status>
</kw>
<status status="PASS" starttime="20210319 11:42:03.299" endtime="20210319 11:42:04.380"></status>
</kw>
<kw name="AND Input date start shop &quot;2021/03/08 16:26&quot;">
<kw name="Input Text" library="Selenium2Library">
<doc>Types the given ``text`` into the text field identified by ``locator``.</doc>
<arguments>
<arg>xpath=//*[@id="time_start"]</arg>
<arg>${ds}</arg>
</arguments>
<msg timestamp="20210319 11:42:04.382" level="INFO">Typing text '2021/03/08 16:26' into text field 'xpath=//*[@id="time_start"]'.</msg>
<status status="PASS" starttime="20210319 11:42:04.381" endtime="20210319 11:42:04.467"></status>
</kw>
<kw name="Sleep" library="BuiltIn">
<doc>Pauses the test executed for the given time.</doc>
<arguments>
<arg>1s</arg>
</arguments>
<msg timestamp="20210319 11:42:05.469" level="INFO">Slept 1 second</msg>
<status status="PASS" starttime="20210319 11:42:04.467" endtime="20210319 11:42:05.469"></status>
</kw>
<status status="PASS" starttime="20210319 11:42:04.381" endtime="20210319 11:42:05.469"></status>
</kw>
<kw name="AND Input date end shop &quot;2022/03/08 16:26&quot;">
<kw name="Input Text" library="Selenium2Library">
<doc>Types the given ``text`` into the text field identified by ``locator``.</doc>
<arguments>
<arg>xpath=//*[@id="time_end"]</arg>
<arg>${dn}</arg>
</arguments>
<msg timestamp="20210319 11:42:05.471" level="INFO">Typing text '2022/03/08 16:26' into text field 'xpath=//*[@id="time_end"]'.</msg>
<status status="PASS" starttime="20210319 11:42:05.471" endtime="20210319 11:42:05.558"></status>
</kw>
<kw name="Sleep" library="BuiltIn">
<doc>Pauses the test executed for the given time.</doc>
<arguments>
<arg>1s</arg>
</arguments>
<msg timestamp="20210319 11:42:06.563" level="INFO">Slept 1 second</msg>
<status status="PASS" starttime="20210319 11:42:05.558" endtime="20210319 11:42:06.563"></status>
</kw>
<status status="PASS" starttime="20210319 11:42:05.471" endtime="20210319 11:42:06.563"></status>
</kw>
<kw name="THEN Submit add shop">
<kw name="Click Element" library="Selenium2Library">
<doc>Click the element identified by ``locator``.</doc>
<arguments>
<arg>xpath=//*[@id="addRowBtn"]</arg>
</arguments>
<msg timestamp="20210319 11:42:06.565" level="INFO">Clicking element 'xpath=//*[@id="addRowBtn"]'.</msg>
<status status="PASS" starttime="20210319 11:42:06.564" endtime="20210319 11:42:06.609"></status>
</kw>
<kw name="Sleep" library="BuiltIn">
<doc>Pauses the test executed for the given time.</doc>
<arguments>
<arg>1s</arg>
</arguments>
<msg timestamp="20210319 11:42:07.622" level="INFO">Slept 1 second</msg>
<status status="PASS" starttime="20210319 11:42:06.609" endtime="20210319 11:42:07.622"></status>
</kw>
<status status="PASS" starttime="20210319 11:42:06.564" endtime="20210319 11:42:07.622"></status>
</kw>
<kw name="Close Browser" library="Selenium2Library" type="teardown">
<doc>Closes the current browser.</doc>
<status status="PASS" starttime="20210319 11:42:07.623" endtime="20210319 11:42:09.735"></status>
</kw>
<doc>การเพิ่มไอเทมพิเศษไม่ใส่คะแนน</doc>
<tags>
<tag>FAIL</tag>
</tags>
<status status="PASS" starttime="20210319 11:41:52.727" endtime="20210319 11:42:09.735" critical="yes"></status>
</test>
<test id="s1-t6" name="SCM-Shop-TC2-03">
<kw name="GIVEN Open web browser">
<kw name="Open Browser" library="Selenium2Library">
<doc>Opens a new browser instance to the optional ``url``.</doc>
<arguments>
<arg>${url}</arg>
<arg>chrome</arg>
</arguments>
<msg timestamp="20210319 11:42:09.741" level="INFO">Opening browser 'chrome' to base url 'https://localhost/gami_ossd/index.php'.</msg>
<status status="PASS" starttime="20210319 11:42:09.740" endtime="20210319 11:42:11.798"></status>
</kw>
<kw name="Maximize Browser Window" library="Selenium2Library">
<doc>Maximizes current browser window.</doc>
<status status="PASS" starttime="20210319 11:42:11.798" endtime="20210319 11:42:11.937"></status>
</kw>
<status status="PASS" starttime="20210319 11:42:09.740" endtime="20210319 11:42:11.937"></status>
</kw>
<kw name="WHEN Login with &quot;59160161&quot; &quot;59160161&quot;">
<kw name="Click Element" library="Selenium2Library">
<doc>Click the element identified by ``locator``.</doc>
<arguments>
<arg>xpath=//*[@id="details-button"]</arg>
</arguments>
<msg timestamp="20210319 11:42:11.938" level="INFO">Clicking element 'xpath=//*[@id="details-button"]'.</msg>
<status status="PASS" starttime="20210319 11:42:11.938" endtime="20210319 11:42:11.991"></status>
</kw>
<kw name="Click Element" library="Selenium2Library">
<doc>Click the element identified by ``locator``.</doc>
<arguments>
<arg>xpath=//*[@id="proceed-link"]</arg>
</arguments>
<msg timestamp="20210319 11:42:11.992" level="INFO">Clicking element 'xpath=//*[@id="proceed-link"]'.</msg>
<status status="PASS" starttime="20210319 11:42:11.991" endtime="20210319 11:42:12.974"></status>
</kw>
<kw name="Input Text" library="Selenium2Library">
<doc>Types the given ``text`` into the text field identified by ``locator``.</doc>
<arguments>
<arg>${login_input_username}</arg>
<arg>${username}</arg>
</arguments>
<msg timestamp="20210319 11:42:12.974" level="INFO">Typing text '59160161' into text field 'xpath=//*[@id="inputEmail"]'.</msg>
<status status="PASS" starttime="20210319 11:42:12.974" endtime="20210319 11:42:13.038"></status>
</kw>
<kw name="Input Password" library="Selenium2Library">
<doc>Types the given password into the text field identified by ``locator``.</doc>
<arguments>
<arg>${login_input_password}</arg>
<arg>${password}</arg>
</arguments>
<msg timestamp="20210319 11:42:13.039" level="INFO">Typing password into text field 'xpath=//*[@id="inputPassword"]'.</msg>
<status status="PASS" starttime="20210319 11:42:13.038" endtime="20210319 11:42:13.110"></status>
</kw>
<kw name="Sleep" library="BuiltIn">
<doc>Pauses the test executed for the given time.</doc>
<arguments>
<arg>1s</arg>
</arguments>
<msg timestamp="20210319 11:42:14.116" level="INFO">Slept 1 second</msg>
<status status="PASS" starttime="20210319 11:42:13.110" endtime="20210319 11:42:14.116"></status>
</kw>
<kw name="Click Element" library="Selenium2Library">
<doc>Click the element identified by ``locator``.</doc>
<arguments>
<arg>${login_btn}</arg>
</arguments>
<msg timestamp="20210319 11:42:14.116" level="INFO">Clicking element 'xpath=//*[@id="loginForm"]/button'.</msg>
<status status="PASS" starttime="20210319 11:42:14.116" endtime="20210319 11:42:15.493"></status>
</kw>
<status status="PASS" starttime="20210319 11:42:11.938" endtime="20210319 11:42:15.493"></status>
</kw>
<kw name="AND Go to shop management page">
<kw name="Go To" library="Selenium2Library">
<doc>Navigates the current browser window to the provided ``url``.</doc>
<arguments>
<arg>https://localhost/gami_ossd/index.php/Source_manager/index/Shop</arg>
</arguments>
<msg timestamp="20210319 11:42:15.494" level="INFO">Opening url 'https://localhost/gami_ossd/index.php/Source_manager/index/Shop'</msg>
<status status="PASS" starttime="20210319 11:42:15.493" endtime="20210319 11:42:15.681"></status>
</kw>
<status status="PASS" starttime="20210319 11:42:15.493" endtime="20210319 11:42:15.682"></status>
</kw>
<kw name="AND Add shop">
<kw name="Click Element" library="Selenium2Library">
<doc>Click the element identified by ``locator``.</doc>
<arguments>
<arg>xpath=//*[@id="example_wrapper"]/div[1]/button[1]</arg>
</arguments>
<msg timestamp="20210319 11:42:15.683" level="INFO">Clicking element 'xpath=//*[@id="example_wrapper"]/div[1]/button[1]'.</msg>
<status status="PASS" starttime="20210319 11:42:15.683" endtime="20210319 11:42:15.784"></status>
</kw>
<kw name="Sleep" library="BuiltIn">
<doc>Pauses the test executed for the given time.</doc>
<arguments>
<arg>1s</arg>
</arguments>
<msg timestamp="20210319 11:42:16.788" level="INFO">Slept 1 second</msg>
<status status="PASS" starttime="20210319 11:42:15.784" endtime="20210319 11:42:16.788"></status>
</kw>
<status status="PASS" starttime="20210319 11:42:15.682" endtime="20210319 11:42:16.788"></status>
</kw>
<kw name="AND Input name shop &quot;ไอเทมพิเศษ&quot;">
<kw name="Input Text" library="Selenium2Library">
<doc>Types the given ``text`` into the text field identified by ``locator``.</doc>
<arguments>
<arg>xpath=//*[@id="name"]</arg>
<arg>${name}</arg>
</arguments>
<msg timestamp="20210319 11:42:16.789" level="INFO">Typing text 'ไอเทมพิเศษ' into text field 'xpath=//*[@id="name"]'.</msg>
<status status="PASS" starttime="20210319 11:42:16.789" endtime="20210319 11:42:16.876"></status>
</kw>
<kw name="Sleep" library="BuiltIn">
<doc>Pauses the test executed for the given time.</doc>
<arguments>
<arg>1s</arg>
</arguments>
<msg timestamp="20210319 11:42:17.888" level="INFO">Slept 1 second</msg>
<status status="PASS" starttime="20210319 11:42:16.877" endtime="20210319 11:42:17.888"></status>
</kw>
<status status="PASS" starttime="20210319 11:42:16.789" endtime="20210319 11:42:17.888"></status>
</kw>
<kw name="AND Input point shop &quot;10&quot;">
<kw name="Input Text" library="Selenium2Library">
<doc>Types the given ``text`` into the text field identified by ``locator``.</doc>
<arguments>
<arg>xpath=//*[@id="point"]</arg>
<arg>${point}</arg>
</arguments>
<msg timestamp="20210319 11:42:17.890" level="INFO">Typing text '10' into text field 'xpath=//*[@id="point"]'.</msg>
<status status="PASS" starttime="20210319 11:42:17.889" endtime="20210319 11:42:17.960"></status>
</kw>
<kw name="Sleep" library="BuiltIn">
<doc>Pauses the test executed for the given time.</doc>
<arguments>
<arg>1s</arg>
</arguments>
<msg timestamp="20210319 11:42:18.968" level="INFO">Slept 1 second</msg>
<status status="PASS" starttime="20210319 11:42:17.960" endtime="20210319 11:42:18.968"></status>
</kw>
<status status="PASS" starttime="20210319 11:42:17.889" endtime="20210319 11:42:18.968"></status>
</kw>
<kw name="AND Input type shop &quot;1&quot;">
<kw name="Select From List By Value" library="Selenium2Library">
<doc>Selects options from selection list ``locator`` by ``values``.</doc>
<arguments>
<arg>xpath=//*[@id="type"]</arg>
<arg>${type}</arg>
</arguments>
<msg timestamp="20210319 11:42:18.968" level="INFO">Selecting options from selection list 'xpath=//*[@id="type"]' by value 1.</msg>
<status status="PASS" starttime="20210319 11:42:18.968" endtime="20210319 11:42:19.011"></status>
</kw>
<kw name="Sleep" library="BuiltIn">
<doc>Pauses the test executed for the given time.</doc>
<arguments>
<arg>1s</arg>
</arguments>
<msg timestamp="20210319 11:42:20.016" level="INFO">Slept 1 second</msg>
<status status="PASS" starttime="20210319 11:42:19.011" endtime="20210319 11:42:20.016"></status>
</kw>
<status status="PASS" starttime="20210319 11:42:18.968" endtime="20210319 11:42:20.016"></status>
</kw>
<kw name="AND Input total shop &quot;10&quot;">
<kw name="Input Text" library="Selenium2Library">
<doc>Types the given ``text`` into the text field identified by ``locator``.</doc>
<arguments>
<arg>xpath=//*[@id="total"]</arg>
<arg>${total}</arg>
</arguments>
<msg timestamp="20210319 11:42:20.017" level="INFO">Typing text '10' into text field 'xpath=//*[@id="total"]'.</msg>
<status status="PASS" starttime="20210319 11:42:20.017" endtime="20210319 11:42:20.089"></status>
</kw>
<kw name="Sleep" library="BuiltIn">
<doc>Pauses the test executed for the given time.</doc>
<arguments>
<arg>1s</arg>
</arguments>
<msg timestamp="20210319 11:42:21.089" level="INFO">Slept 1 second</msg>
<status status="PASS" starttime="20210319 11:42:20.089" endtime="20210319 11:42:21.089"></status>
</kw>
<status status="PASS" starttime="20210319 11:42:20.017" endtime="20210319 11:42:21.089"></status>
</kw>
<kw name="AND Input date start shop &quot;&quot;">
<kw name="Input Text" library="Selenium2Library">
<doc>Types the given ``text`` into the text field identified by ``locator``.</doc>
<arguments>
<arg>xpath=//*[@id="time_start"]</arg>
<arg>${ds}</arg>
</arguments>
<msg timestamp="20210319 11:42:21.090" level="INFO">Typing text '' into text field 'xpath=//*[@id="time_start"]'.</msg>
<status status="PASS" starttime="20210319 11:42:21.090" endtime="20210319 11:42:21.172"></status>
</kw>
<kw name="Sleep" library="BuiltIn">
<doc>Pauses the test executed for the given time.</doc>
<arguments>
<arg>1s</arg>
</arguments>
<msg timestamp="20210319 11:42:22.180" level="INFO">Slept 1 second</msg>
<status status="PASS" starttime="20210319 11:42:21.172" endtime="20210319 11:42:22.180"></status>
</kw>
<status status="PASS" starttime="20210319 11:42:21.090" endtime="20210319 11:42:22.180"></status>
</kw>
<kw name="AND Input date end shop &quot;2022/03/08 16:26&quot;">
<kw name="Input Text" library="Selenium2Library">
<doc>Types the given ``text`` into the text field identified by ``locator``.</doc>
<arguments>
<arg>xpath=//*[@id="time_end"]</arg>
<arg>${dn}</arg>
</arguments>
<msg timestamp="20210319 11:42:22.181" level="INFO">Typing text '2022/03/08 16:26' into text field 'xpath=//*[@id="time_end"]'.</msg>
<status status="PASS" starttime="20210319 11:42:22.181" endtime="20210319 11:42:22.274"></status>
</kw>
<kw name="Sleep" library="BuiltIn">
<doc>Pauses the test executed for the given time.</doc>
<arguments>
<arg>1s</arg>
</arguments>
<msg timestamp="20210319 11:42:23.289" level="INFO">Slept 1 second</msg>
<status status="PASS" starttime="20210319 11:42:22.274" endtime="20210319 11:42:23.289"></status>
</kw>
<status status="PASS" starttime="20210319 11:42:22.181" endtime="20210319 11:42:23.289"></status>
</kw>
<kw name="THEN Submit add shop">
<kw name="Click Element" library="Selenium2Library">
<doc>Click the element identified by ``locator``.</doc>
<arguments>
<arg>xpath=//*[@id="addRowBtn"]</arg>
</arguments>
<msg timestamp="20210319 11:42:23.290" level="INFO">Clicking element 'xpath=//*[@id="addRowBtn"]'.</msg>
<status status="PASS" starttime="20210319 11:42:23.290" endtime="20210319 11:42:23.334"></status>
</kw>
<kw name="Sleep" library="BuiltIn">
<doc>Pauses the test executed for the given time.</doc>
<arguments>
<arg>1s</arg>
</arguments>
<msg timestamp="20210319 11:42:24.341" level="INFO">Slept 1 second</msg>
<status status="PASS" starttime="20210319 11:42:23.335" endtime="20210319 11:42:24.341"></status>
</kw>
<status status="PASS" starttime="20210319 11:42:23.290" endtime="20210319 11:42:24.341"></status>
</kw>
<kw name="Close Browser" library="Selenium2Library" type="teardown">
<doc>Closes the current browser.</doc>
<status status="PASS" starttime="20210319 11:42:24.341" endtime="20210319 11:42:26.457"></status>
</kw>
<doc>การเพิ่มไอเทมพิเศษไม่ใส่เวลาเริ่มต้น</doc>
<tags>
<tag>FAIL</tag>
</tags>
<status status="PASS" starttime="20210319 11:42:09.737" endtime="20210319 11:42:26.457" critical="yes"></status>
</test>
<test id="s1-t7" name="SCM-Shop-TC2-04">
<kw name="GIVEN Open web browser">
<kw name="Open Browser" library="Selenium2Library">
<doc>Opens a new browser instance to the optional ``url``.</doc>
<arguments>
<arg>${url}</arg>
<arg>chrome</arg>
</arguments>
<msg timestamp="20210319 11:42:26.461" level="INFO">Opening browser 'chrome' to base url 'https://localhost/gami_ossd/index.php'.</msg>
<status status="PASS" starttime="20210319 11:42:26.461" endtime="20210319 11:42:28.494"></status>
</kw>
<kw name="Maximize Browser Window" library="Selenium2Library">
<doc>Maximizes current browser window.</doc>
<status status="PASS" starttime="20210319 11:42:28.494" endtime="20210319 11:42:28.620"></status>
</kw>
<status status="PASS" starttime="20210319 11:42:26.460" endtime="20210319 11:42:28.620"></status>
</kw>
<kw name="WHEN Login with &quot;59160161&quot; &quot;59160161&quot;">
<kw name="Click Element" library="Selenium2Library">
<doc>Click the element identified by ``locator``.</doc>
<arguments>
<arg>xpath=//*[@id="details-button"]</arg>
</arguments>
<msg timestamp="20210319 11:42:28.622" level="INFO">Clicking element 'xpath=//*[@id="details-button"]'.</msg>
<status status="PASS" starttime="20210319 11:42:28.621" endtime="20210319 11:42:28.669"></status>
</kw>
<kw name="Click Element" library="Selenium2Library">
<doc>Click the element identified by ``locator``.</doc>
<arguments>
<arg>xpath=//*[@id="proceed-link"]</arg>
</arguments>
<msg timestamp="20210319 11:42:28.669" level="INFO">Clicking element 'xpath=//*[@id="proceed-link"]'.</msg>
<status status="PASS" starttime="20210319 11:42:28.669" endtime="20210319 11:42:29.594"></status>
</kw>
<kw name="Input Text" library="Selenium2Library">
<doc>Types the given ``text`` into the text field identified by ``locator``.</doc>
<arguments>
<arg>${login_input_username}</arg>
<arg>${username}</arg>
</arguments>
<msg timestamp="20210319 11:42:29.595" level="INFO">Typing text '59160161' into text field 'xpath=//*[@id="inputEmail"]'.</msg>
<status status="PASS" starttime="20210319 11:42:29.594" endtime="20210319 11:42:29.663"></status>
</kw>
<kw name="Input Password" library="Selenium2Library">
<doc>Types the given password into the text field identified by ``locator``.</doc>
<arguments>
<arg>${login_input_password}</arg>
<arg>${password}</arg>
</arguments>
<msg timestamp="20210319 11:42:29.664" level="INFO">Typing password into text field 'xpath=//*[@id="inputPassword"]'.</msg>
<status status="PASS" starttime="20210319 11:42:29.663" endtime="20210319 11:42:29.737"></status>
</kw>
<kw name="Sleep" library="BuiltIn">
<doc>Pauses the test executed for the given time.</doc>
<arguments>
<arg>1s</arg>
</arguments>
<msg timestamp="20210319 11:42:30.751" level="INFO">Slept 1 second</msg>
<status status="PASS" starttime="20210319 11:42:29.737" endtime="20210319 11:42:30.751"></status>
</kw>
<kw name="Click Element" library="Selenium2Library">
<doc>Click the element identified by ``locator``.</doc>
<arguments>
<arg>${login_btn}</arg>
</arguments>
<msg timestamp="20210319 11:42:30.751" level="INFO">Clicking element 'xpath=//*[@id="loginForm"]/button'.</msg>
<status status="PASS" starttime="20210319 11:42:30.751" endtime="20210319 11:42:32.121"></status>
</kw>
<status status="PASS" starttime="20210319 11:42:28.621" endtime="20210319 11:42:32.121"></status>
</kw>
<kw name="AND Go to shop management page">
<kw name="Go To" library="Selenium2Library">
<doc>Navigates the current browser window to the provided ``url``.</doc>
<arguments>
<arg>https://localhost/gami_ossd/index.php/Source_manager/index/Shop</arg>
</arguments>
<msg timestamp="20210319 11:42:32.122" level="INFO">Opening url 'https://localhost/gami_ossd/index.php/Source_manager/index/Shop'</msg>
<status status="PASS" starttime="20210319 11:42:32.122" endtime="20210319 11:42:32.326"></status>
</kw>
<status status="PASS" starttime="20210319 11:42:32.121" endtime="20210319 11:42:32.327"></status>
</kw>
<kw name="AND Add shop">
<kw name="Click Element" library="Selenium2Library">
<doc>Click the element identified by ``locator``.</doc>
<arguments>
<arg>xpath=//*[@id="example_wrapper"]/div[1]/button[1]</arg>
</arguments>
<msg timestamp="20210319 11:42:32.327" level="INFO">Clicking element 'xpath=//*[@id="example_wrapper"]/div[1]/button[1]'.</msg>
<status status="PASS" starttime="20210319 11:42:32.327" endtime="20210319 11:42:32.420"></status>
</kw>
<kw name="Sleep" library="BuiltIn">
<doc>Pauses the test executed for the given time.</doc>
<arguments>
<arg>1s</arg>
</arguments>
<msg timestamp="20210319 11:42:33.435" level="INFO">Slept 1 second</msg>
<status status="PASS" starttime="20210319 11:42:32.420" endtime="20210319 11:42:33.435"></status>
</kw>
<status status="PASS" starttime="20210319 11:42:32.327" endtime="20210319 11:42:33.435"></status>
</kw>
<kw name="AND Input name shop &quot;ไอเทมพิเศษ&quot;">
<kw name="Input Text" library="Selenium2Library">
<doc>Types the given ``text`` into the text field identified by ``locator``.</doc>
<arguments>
<arg>xpath=//*[@id="name"]</arg>
<arg>${name}</arg>
</arguments>
<msg timestamp="20210319 11:42:33.435" level="INFO">Typing text 'ไอเทมพิเศษ' into text field 'xpath=//*[@id="name"]'.</msg>
<status status="PASS" starttime="20210319 11:42:33.435" endtime="20210319 11:42:33.522"></status>
</kw>
<kw name="Sleep" library="BuiltIn">
<doc>Pauses the test executed for the given time.</doc>
<arguments>
<arg>1s</arg>
</arguments>
<msg timestamp="20210319 11:42:34.538" level="INFO">Slept 1 second</msg>
<status status="PASS" starttime="20210319 11:42:33.522" endtime="20210319 11:42:34.538"></status>
</kw>
<status status="PASS" starttime="20210319 11:42:33.435" endtime="20210319 11:42:34.538"></status>
</kw>
<kw name="AND Input point shop &quot;10&quot;">
<kw name="Input Text" library="Selenium2Library">
<doc>Types the given ``text`` into the text field identified by ``locator``.</doc>
<arguments>
<arg>xpath=//*[@id="point"]</arg>
<arg>${point}</arg>
</arguments>
<msg timestamp="20210319 11:42:34.539" level="INFO">Typing text '10' into text field 'xpath=//*[@id="point"]'.</msg>
<status status="PASS" starttime="20210319 11:42:34.539" endtime="20210319 11:42:34.610"></status>
</kw>
<kw name="Sleep" library="BuiltIn">
<doc>Pauses the test executed for the given time.</doc>
<arguments>
<arg>1s</arg>
</arguments>
<msg timestamp="20210319 11:42:35.624" level="INFO">Slept 1 second</msg>
<status status="PASS" starttime="20210319 11:42:34.610" endtime="20210319 11:42:35.624"></status>
</kw>
<status status="PASS" starttime="20210319 11:42:34.539" endtime="20210319 11:42:35.624"></status>
</kw>
<kw name="AND Input type shop &quot;1&quot;">
<kw name="Select From List By Value" library="Selenium2Library">
<doc>Selects options from selection list ``locator`` by ``values``.</doc>
<arguments>
<arg>xpath=//*[@id="type"]</arg>
<arg>${type}</arg>
</arguments>
<msg timestamp="20210319 11:42:35.625" level="INFO">Selecting options from selection list 'xpath=//*[@id="type"]' by value 1.</msg>
<status status="PASS" starttime="20210319 11:42:35.625" endtime="20210319 11:42:35.667"></status>
</kw>
<kw name="Sleep" library="BuiltIn">
<doc>Pauses the test executed for the given time.</doc>
<arguments>
<arg>1s</arg>
</arguments>
<msg timestamp="20210319 11:42:36.678" level="INFO">Slept 1 second</msg>
<status status="PASS" starttime="20210319 11:42:35.667" endtime="20210319 11:42:36.678"></status>
</kw>
<status status="PASS" starttime="20210319 11:42:35.625" endtime="20210319 11:42:36.678"></status>
</kw>
<kw name="AND Input total shop &quot;10&quot;">
<kw name="Input Text" library="Selenium2Library">
<doc>Types the given ``text`` into the text field identified by ``locator``.</doc>
<arguments>
<arg>xpath=//*[@id="total"]</arg>
<arg>${total}</arg>
</arguments>
<msg timestamp="20210319 11:42:36.679" level="INFO">Typing text '10' into text field 'xpath=//*[@id="total"]'.</msg>
<status status="PASS" starttime="20210319 11:42:36.678" endtime="20210319 11:42:36.749"></status>
</kw>
<kw name="Sleep" library="BuiltIn">
<doc>Pauses the test executed for the given time.</doc>
<arguments>
<arg>1s</arg>
</arguments>
<msg timestamp="20210319 11:42:37.762" level="INFO">Slept 1 second</msg>
<status status="PASS" starttime="20210319 11:42:36.749" endtime="20210319 11:42:37.762"></status>
</kw>
<status status="PASS" starttime="20210319 11:42:36.678" endtime="20210319 11:42:37.762"></status>
</kw>
<kw name="AND Input date start shop &quot;2021/03/08 16:26&quot;">
<kw name="Input Text" library="Selenium2Library">
<doc>Types the given ``text`` into the text field identified by ``locator``.</doc>
<arguments>
<arg>xpath=//*[@id="time_start"]</arg>
<arg>${ds}</arg>
</arguments>
<msg timestamp="20210319 11:42:37.764" level="INFO">Typing text '2021/03/08 16:26' into text field 'xpath=//*[@id="time_start"]'.</msg>
<status status="PASS" starttime="20210319 11:42:37.763" endtime="20210319 11:42:37.858"></status>
</kw>
<kw name="Sleep" library="BuiltIn">
<doc>Pauses the test executed for the given time.</doc>
<arguments>
<arg>1s</arg>
</arguments>
<msg timestamp="20210319 11:42:38.869" level="INFO">Slept 1 second</msg>
<status status="PASS" starttime="20210319 11:42:37.858" endtime="20210319 11:42:38.869"></status>
</kw>
<status status="PASS" starttime="20210319 11:42:37.763" endtime="20210319 11:42:38.869"></status>
</kw>
<kw name="AND Input date end shop &quot;&quot;">
<kw name="Input Text" library="Selenium2Library">
<doc>Types the given ``text`` into the text field identified by ``locator``.</doc>
<arguments>
<arg>xpath=//*[@id="time_end"]</arg>
<arg>${dn}</arg>
</arguments>
<msg timestamp="20210319 11:42:38.871" level="INFO">Typing text '' into text field 'xpath=//*[@id="time_end"]'.</msg>
<status status="PASS" starttime="20210319 11:42:38.870" endtime="20210319 11:42:38.941"></status>
</kw>
<kw name="Sleep" library="BuiltIn">
<doc>Pauses the test executed for the given time.</doc>
<arguments>
<arg>1s</arg>
</arguments>
<msg timestamp="20210319 11:42:39.944" level="INFO">Slept 1 second</msg>
<status status="PASS" starttime="20210319 11:42:38.941" endtime="20210319 11:42:39.944"></status>
</kw>
<status status="PASS" starttime="20210319 11:42:38.870" endtime="20210319 11:42:39.944"></status>
</kw>
<kw name="THEN Submit add shop">
<kw name="Click Element" library="Selenium2Library">
<doc>Click the element identified by ``locator``.</doc>
<arguments>
<arg>xpath=//*[@id="addRowBtn"]</arg>
</arguments>
<msg timestamp="20210319 11:42:39.944" level="INFO">Clicking element 'xpath=//*[@id="addRowBtn"]'.</msg>
<status status="PASS" starttime="20210319 11:42:39.944" endtime="20210319 11:42:39.989"></status>
</kw>
<kw name="Sleep" library="BuiltIn">
<doc>Pauses the test executed for the given time.</doc>
<arguments>
<arg>1s</arg>
</arguments>
<msg timestamp="20210319 11:42:41.003" level="INFO">Slept 1 second</msg>
<status status="PASS" starttime="20210319 11:42:39.989" endtime="20210319 11:42:41.003"></status>
</kw>
<status status="PASS" starttime="20210319 11:42:39.944" endtime="20210319 11:42:41.003"></status>
</kw>
<kw name="Close Browser" library="Selenium2Library" type="teardown">
<doc>Closes the current browser.</doc>
<status status="PASS" starttime="20210319 11:42:41.004" endtime="20210319 11:42:43.144"></status>
</kw>
<doc>การเพิ่มไอเทมพิเศษไม่ใส่เวลาสิ้นสุด</doc>
<tags>
<tag>FAIL</tag>
</tags>
<status status="PASS" starttime="20210319 11:42:26.458" endtime="20210319 11:42:43.145" critical="yes"></status>
</test>
<test id="s1-t8" name="SCM-Shop-TC2-05">
<kw name="GIVEN Open web browser">
<kw name="Open Browser" library="Selenium2Library">
<doc>Opens a new browser instance to the optional ``url``.</doc>
<arguments>
<arg>${url}</arg>
<arg>chrome</arg>
</arguments>
<msg timestamp="20210319 11:42:43.149" level="INFO">Opening browser 'chrome' to base url 'https://localhost/gami_ossd/index.php'.</msg>
<status status="PASS" starttime="20210319 11:42:43.148" endtime="20210319 11:42:45.210"></status>
</kw>
<kw name="Maximize Browser Window" library="Selenium2Library">
<doc>Maximizes current browser window.</doc>
<status status="PASS" starttime="20210319 11:42:45.210" endtime="20210319 11:42:45.334"></status>
</kw>
<status status="PASS" starttime="20210319 11:42:43.148" endtime="20210319 11:42:45.335"></status>
</kw>
<kw name="WHEN Login with &quot;59160161&quot; &quot;59160161&quot;">
<kw name="Click Element" library="Selenium2Library">
<doc>Click the element identified by ``locator``.</doc>
<arguments>
<arg>xpath=//*[@id="details-button"]</arg>
</arguments>
<msg timestamp="20210319 11:42:45.336" level="INFO">Clicking element 'xpath=//*[@id="details-button"]'.</msg>
<status status="PASS" starttime="20210319 11:42:45.336" endtime="20210319 11:42:45.382"></status>
</kw>
<kw name="Click Element" library="Selenium2Library">
<doc>Click the element identified by ``locator``.</doc>
<arguments>
<arg>xpath=//*[@id="proceed-link"]</arg>
</arguments>
<msg timestamp="20210319 11:42:45.382" level="INFO">Clicking element 'xpath=//*[@id="proceed-link"]'.</msg>
<status status="PASS" starttime="20210319 11:42:45.382" endtime="20210319 11:42:46.353"></status>
</kw>
<kw name="Input Text" library="Selenium2Library">
<doc>Types the given ``text`` into the text field identified by ``locator``.</doc>
<arguments>
<arg>${login_input_username}</arg>
<arg>${username}</arg>
</arguments>
<msg timestamp="20210319 11:42:46.353" level="INFO">Typing text '59160161' into text field 'xpath=//*[@id="inputEmail"]'.</msg>
<status status="PASS" starttime="20210319 11:42:46.353" endtime="20210319 11:42:46.420"></status>
</kw>
<kw name="Input Password" library="Selenium2Library">
<doc>Types the given password into the text field identified by ``locator``.</doc>
<arguments>
<arg>${login_input_password}</arg>
<arg>${password}</arg>
</arguments>
<msg timestamp="20210319 11:42:46.420" level="INFO">Typing password into text field 'xpath=//*[@id="inputPassword"]'.</msg>
<status status="PASS" starttime="20210319 11:42:46.420" endtime="20210319 11:42:46.492"></status>
</kw>
<kw name="Sleep" library="BuiltIn">
<doc>Pauses the test executed for the given time.</doc>
<arguments>
<arg>1s</arg>
</arguments>
<msg timestamp="20210319 11:42:47.494" level="INFO">Slept 1 second</msg>
<status status="PASS" starttime="20210319 11:42:46.492" endtime="20210319 11:42:47.494"></status>
</kw>
<kw name="Click Element" library="Selenium2Library">
<doc>Click the element identified by ``locator``.</doc>
<arguments>
<arg>${login_btn}</arg>
</arguments>
<msg timestamp="20210319 11:42:47.494" level="INFO">Clicking element 'xpath=//*[@id="loginForm"]/button'.</msg>
<status status="PASS" starttime="20210319 11:42:47.494" endtime="20210319 11:42:48.851"></status>
</kw>
<status status="PASS" starttime="20210319 11:42:45.336" endtime="20210319 11:42:48.852"></status>
</kw>
<kw name="AND Go to shop management page">
<kw name="Go To" library="Selenium2Library">
<doc>Navigates the current browser window to the provided ``url``.</doc>
<arguments>
<arg>https://localhost/gami_ossd/index.php/Source_manager/index/Shop</arg>
</arguments>
<msg timestamp="20210319 11:42:48.853" level="INFO">Opening url 'https://localhost/gami_ossd/index.php/Source_manager/index/Shop'</msg>
<status status="PASS" starttime="20210319 11:42:48.853" endtime="20210319 11:42:49.535"></status>
</kw>
<status status="PASS" starttime="20210319 11:42:48.852" endtime="20210319 11:42:49.535"></status>
</kw>
<kw name="AND Add shop">
<kw name="Click Element" library="Selenium2Library">
<doc>Click the element identified by ``locator``.</doc>
<arguments>
<arg>xpath=//*[@id="example_wrapper"]/div[1]/button[1]</arg>
</arguments>
<msg timestamp="20210319 11:42:49.538" level="INFO">Clicking element 'xpath=//*[@id="example_wrapper"]/div[1]/button[1]'.</msg>
<status status="PASS" starttime="20210319 11:42:49.538" endtime="20210319 11:42:49.628"></status>
</kw>
<kw name="Sleep" library="BuiltIn">
<doc>Pauses the test executed for the given time.</doc>
<arguments>
<arg>1s</arg>
</arguments>
<msg timestamp="20210319 11:42:50.629" level="INFO">Slept 1 second</msg>
<status status="PASS" starttime="20210319 11:42:49.628" endtime="20210319 11:42:50.629"></status>
</kw>
<status status="PASS" starttime="20210319 11:42:49.537" endtime="20210319 11:42:50.629"></status>
</kw>
<kw name="AND Input name shop &quot;ไอเทมพิเศษ&quot;">
<kw name="Input Text" library="Selenium2Library">
<doc>Types the given ``text`` into the text field identified by ``locator``.</doc>
<arguments>
<arg>xpath=//*[@id="name"]</arg>
<arg>${name}</arg>
</arguments>
<msg timestamp="20210319 11:42:50.630" level="INFO">Typing text 'ไอเทมพิเศษ' into text field 'xpath=//*[@id="name"]'.</msg>
<status status="PASS" starttime="20210319 11:42:50.630" endtime="20210319 11:42:50.716"></status>
</kw>
<kw name="Sleep" library="BuiltIn">
<doc>Pauses the test executed for the given time.</doc>
<arguments>
<arg>1s</arg>
</arguments>
<msg timestamp="20210319 11:42:51.719" level="INFO">Slept 1 second</msg>
<status status="PASS" starttime="20210319 11:42:50.716" endtime="20210319 11:42:51.719"></status>
</kw>
<status status="PASS" starttime="20210319 11:42:50.630" endtime="20210319 11:42:51.719"></status>
</kw>
<kw name="AND Input point shop &quot;10&quot;">
<kw name="Input Text" library="Selenium2Library">
<doc>Types the given ``text`` into the text field identified by ``locator``.</doc>
<arguments>
<arg>xpath=//*[@id="point"]</arg>
<arg>${point}</arg>
</arguments>
<msg timestamp="20210319 11:42:51.720" level="INFO">Typing text '10' into text field 'xpath=//*[@id="point"]'.</msg>
<status status="PASS" starttime="20210319 11:42:51.720" endtime="20210319 11:42:51.794"></status>
</kw>
<kw name="Sleep" library="BuiltIn">
<doc>Pauses the test executed for the given time.</doc>
<arguments>
<arg>1s</arg>
</arguments>
<msg timestamp="20210319 11:42:52.805" level="INFO">Slept 1 second</msg>
<status status="PASS" starttime="20210319 11:42:51.794" endtime="20210319 11:42:52.805"></status>
</kw>
<status status="PASS" starttime="20210319 11:42:51.720" endtime="20210319 11:42:52.806"></status>
</kw>
<kw name="AND Input type shop &quot;1&quot;">
<kw name="Select From List By Value" library="Selenium2Library">
<doc>Selects options from selection list ``locator`` by ``values``.</doc>
<arguments>
<arg>xpath=//*[@id="type"]</arg>
<arg>${type}</arg>
</arguments>
<msg timestamp="20210319 11:42:52.807" level="INFO">Selecting options from selection list 'xpath=//*[@id="type"]' by value 1.</msg>
<status status="PASS" starttime="20210319 11:42:52.807" endtime="20210319 11:42:52.850"></status>
</kw>
<kw name="Sleep" library="BuiltIn">
<doc>Pauses the test executed for the given time.</doc>
<arguments>
<arg>1s</arg>
</arguments>
<msg timestamp="20210319 11:42:53.857" level="INFO">Slept 1 second</msg>
<status status="PASS" starttime="20210319 11:42:52.850" endtime="20210319 11:42:53.857"></status>
</kw>
<status status="PASS" starttime="20210319 11:42:52.806" endtime="20210319 11:42:53.857"></status>
</kw>
<kw name="AND Input total shop &quot;&quot;">
<kw name="Input Text" library="Selenium2Library">
<doc>Types the given ``text`` into the text field identified by ``locator``.</doc>
<arguments>
<arg>xpath=//*[@id="total"]</arg>
<arg>${total}</arg>
</arguments>
<msg timestamp="20210319 11:42:53.858" level="INFO">Typing text '' into text field 'xpath=//*[@id="total"]'.</msg>
<status status="PASS" starttime="20210319 11:42:53.858" endtime="20210319 11:42:53.938"></status>
</kw>
<kw name="Sleep" library="BuiltIn">
<doc>Pauses the test executed for the given time.</doc>
<arguments>
<arg>1s</arg>
</arguments>
<msg timestamp="20210319 11:42:54.942" level="INFO">Slept 1 second</msg>
<status status="PASS" starttime="20210319 11:42:53.938" endtime="20210319 11:42:54.942"></status>
</kw>
<status status="PASS" starttime="20210319 11:42:53.858" endtime="20210319 11:42:54.942"></status>
</kw>
<kw name="AND Input date start shop &quot;2021/03/08 16:26&quot;">
<kw name="Input Text" library="Selenium2Library">
<doc>Types the given ``text`` into the text field identified by ``locator``.</doc>
<arguments>
<arg>xpath=//*[@id="time_start"]</arg>
<arg>${ds}</arg>
</arguments>
<msg timestamp="20210319 11:42:54.943" level="INFO">Typing text '2021/03/08 16:26' into text field 'xpath=//*[@id="time_start"]'.</msg>
<status status="PASS" starttime="20210319 11:42:54.943" endtime="20210319 11:42:55.029"></status>
</kw>
<kw name="Sleep" library="BuiltIn">
<doc>Pauses the test executed for the given time.</doc>
<arguments>
<arg>1s</arg>
</arguments>
<msg timestamp="20210319 11:42:56.032" level="INFO">Slept 1 second</msg>
<status status="PASS" starttime="20210319 11:42:55.029" endtime="20210319 11:42:56.032"></status>
</kw>
<status status="PASS" starttime="20210319 11:42:54.943" endtime="20210319 11:42:56.032"></status>
</kw>
<kw name="AND Input date end shop &quot;2022/03/08 16:26&quot;">
<kw name="Input Text" library="Selenium2Library">
<doc>Types the given ``text`` into the text field identified by ``locator``.</doc>
<arguments>
<arg>xpath=//*[@id="time_end"]</arg>
<arg>${dn}</arg>
</arguments>
<msg timestamp="20210319 11:42:56.033" level="INFO">Typing text '2022/03/08 16:26' into text field 'xpath=//*[@id="time_end"]'.</msg>
<status status="PASS" starttime="20210319 11:42:56.033" endtime="20210319 11:42:56.120"></status>
</kw>
<kw name="Sleep" library="BuiltIn">
<doc>Pauses the test executed for the given time.</doc>
<arguments>
<arg>1s</arg>
</arguments>
<msg timestamp="20210319 11:42:57.122" level="INFO">Slept 1 second</msg>
<status status="PASS" starttime="20210319 11:42:56.120" endtime="20210319 11:42:57.122"></status>
</kw>
<status status="PASS" starttime="20210319 11:42:56.033" endtime="20210319 11:42:57.122"></status>
</kw>
<kw name="THEN Submit add shop">
<kw name="Click Element" library="Selenium2Library">
<doc>Click the element identified by ``locator``.</doc>
<arguments>
<arg>xpath=//*[@id="addRowBtn"]</arg>
</arguments>
<msg timestamp="20210319 11:42:57.124" level="INFO">Clicking element 'xpath=//*[@id="addRowBtn"]'.</msg>
<status status="PASS" starttime="20210319 11:42:57.124" endtime="20210319 11:42:57.170"></status>
</kw>
<kw name="Sleep" library="BuiltIn">
<doc>Pauses the test executed for the given time.</doc>
<arguments>
<arg>1s</arg>
</arguments>
<msg timestamp="20210319 11:42:58.171" level="INFO">Slept 1 second</msg>
<status status="PASS" starttime="20210319 11:42:57.170" endtime="20210319 11:42:58.171"></status>
</kw>
<status status="PASS" starttime="20210319 11:42:57.123" endtime="20210319 11:42:58.171"></status>
</kw>
<kw name="Close Browser" library="Selenium2Library" type="teardown">
<doc>Closes the current browser.</doc>
<status status="PASS" starttime="20210319 11:42:58.172" endtime="20210319 11:43:00.285"></status>
</kw>
<doc>การเพิ่มไอเทมพิเศษไม่ใส่จำนวน</doc>
<tags>
<tag>FAIL</tag>
</tags>
<status status="PASS" starttime="20210319 11:42:43.146" endtime="20210319 11:43:00.285" critical="yes"></status>
</test>
<test id="s1-t9" name="SCM-Shop-TC2-06">
<kw name="GIVEN Open web browser">
<kw name="Open Browser" library="Selenium2Library">
<doc>Opens a new browser instance to the optional ``url``.</doc>
<arguments>
<arg>${url}</arg>
<arg>chrome</arg>
</arguments>
<msg timestamp="20210319 11:43:00.289" level="INFO">Opening browser 'chrome' to base url 'https://localhost/gami_ossd/index.php'.</msg>
<status status="PASS" starttime="20210319 11:43:00.289" endtime="20210319 11:43:02.345"></status>
</kw>
<kw name="Maximize Browser Window" library="Selenium2Library">
<doc>Maximizes current browser window.</doc>
<status status="PASS" starttime="20210319 11:43:02.345" endtime="20210319 11:43:02.480"></status>
</kw>
<status status="PASS" starttime="20210319 11:43:00.289" endtime="20210319 11:43:02.480"></status>
</kw>
<kw name="WHEN Login with &quot;59160161&quot; &quot;59160161&quot;">
<kw name="Click Element" library="Selenium2Library">
<doc>Click the element identified by ``locator``.</doc>
<arguments>
<arg>xpath=//*[@id="details-button"]</arg>
</arguments>
<msg timestamp="20210319 11:43:02.480" level="INFO">Clicking element 'xpath=//*[@id="details-button"]'.</msg>
<status status="PASS" starttime="20210319 11:43:02.480" endtime="20210319 11:43:02.526"></status>
</kw>
<kw name="Click Element" library="Selenium2Library">
<doc>Click the element identified by ``locator``.</doc>
<arguments>
<arg>xpath=//*[@id="proceed-link"]</arg>
</arguments>
<msg timestamp="20210319 11:43:02.526" level="INFO">Clicking element 'xpath=//*[@id="proceed-link"]'.</msg>
<status status="PASS" starttime="20210319 11:43:02.526" endtime="20210319 11:43:03.447"></status>
</kw>
<kw name="Input Text" library="Selenium2Library">
<doc>Types the given ``text`` into the text field identified by ``locator``.</doc>
<arguments>
<arg>${login_input_username}</arg>
<arg>${username}</arg>
</arguments>
<msg timestamp="20210319 11:43:03.449" level="INFO">Typing text '59160161' into text field 'xpath=//*[@id="inputEmail"]'.</msg>
<status status="PASS" starttime="20210319 11:43:03.448" endtime="20210319 11:43:03.517"></status>
</kw>
<kw name="Input Password" library="Selenium2Library">
<doc>Types the given password into the text field identified by ``locator``.</doc>
<arguments>
<arg>${login_input_password}</arg>
<arg>${password}</arg>
</arguments>
<msg timestamp="20210319 11:43:03.517" level="INFO">Typing password into text field 'xpath=//*[@id="inputPassword"]'.</msg>
<status status="PASS" starttime="20210319 11:43:03.517" endtime="20210319 11:43:03.588"></status>
</kw>
<kw name="Sleep" library="BuiltIn">
<doc>Pauses the test executed for the given time.</doc>
<arguments>
<arg>1s</arg>
</arguments>
<msg timestamp="20210319 11:43:04.590" level="INFO">Slept 1 second</msg>
<status status="PASS" starttime="20210319 11:43:03.588" endtime="20210319 11:43:04.590"></status>
</kw>
<kw name="Click Element" library="Selenium2Library">
<doc>Click the element identified by ``locator``.</doc>
<arguments>
<arg>${login_btn}</arg>
</arguments>
<msg timestamp="20210319 11:43:04.590" level="INFO">Clicking element 'xpath=//*[@id="loginForm"]/button'.</msg>
<status status="PASS" starttime="20210319 11:43:04.590" endtime="20210319 11:43:06.017"></status>
</kw>
<status status="PASS" starttime="20210319 11:43:02.480" endtime="20210319 11:43:06.017"></status>
</kw>
<kw name="AND Go to shop management page">
<kw name="Go To" library="Selenium2Library">
<doc>Navigates the current browser window to the provided ``url``.</doc>
<arguments>
<arg>https://localhost/gami_ossd/index.php/Source_manager/index/Shop</arg>
</arguments>
<msg timestamp="20210319 11:43:06.018" level="INFO">Opening url 'https://localhost/gami_ossd/index.php/Source_manager/index/Shop'</msg>
<status status="PASS" starttime="20210319 11:43:06.018" endtime="20210319 11:43:06.857"></status>
</kw>
<status status="PASS" starttime="20210319 11:43:06.018" endtime="20210319 11:43:06.857"></status>
</kw>
<kw name="AND Add shop">
<kw name="Click Element" library="Selenium2Library">
<doc>Click the element identified by ``locator``.</doc>
<arguments>
<arg>xpath=//*[@id="example_wrapper"]/div[1]/button[1]</arg>
</arguments>
<msg timestamp="20210319 11:43:06.858" level="INFO">Clicking element 'xpath=//*[@id="example_wrapper"]/div[1]/button[1]'.</msg>
<status status="PASS" starttime="20210319 11:43:06.858" endtime="20210319 11:43:06.994"></status>
</kw>
<kw name="Sleep" library="BuiltIn">
<doc>Pauses the test executed for the given time.</doc>
<arguments>
<arg>1s</arg>
</arguments>
<msg timestamp="20210319 11:43:07.995" level="INFO">Slept 1 second</msg>
<status status="PASS" starttime="20210319 11:43:06.994" endtime="20210319 11:43:07.995"></status>
</kw>
<status status="PASS" starttime="20210319 11:43:06.857" endtime="20210319 11:43:07.995"></status>
</kw>
<kw name="AND Input name shop &quot;&quot;">
<kw name="Input Text" library="Selenium2Library">
<doc>Types the given ``text`` into the text field identified by ``locator``.</doc>
<arguments>
<arg>xpath=//*[@id="name"]</arg>
<arg>${name}</arg>
</arguments>
<msg timestamp="20210319 11:43:07.996" level="INFO">Typing text '' into text field 'xpath=//*[@id="name"]'.</msg>
<status status="PASS" starttime="20210319 11:43:07.996" endtime="20210319 11:43:08.064"></status>
</kw>
<kw name="Sleep" library="BuiltIn">
<doc>Pauses the test executed for the given time.</doc>
<arguments>
<arg>1s</arg>
</arguments>
<msg timestamp="20210319 11:43:09.067" level="INFO">Slept 1 second</msg>
<status status="PASS" starttime="20210319 11:43:08.064" endtime="20210319 11:43:09.067"></status>
</kw>
<status status="PASS" starttime="20210319 11:43:07.995" endtime="20210319 11:43:09.067"></status>
</kw>
<kw name="AND Input point shop &quot;&quot;">
<kw name="Input Text" library="Selenium2Library">
<doc>Types the given ``text`` into the text field identified by ``locator``.</doc>
<arguments>
<arg>xpath=//*[@id="point"]</arg>
<arg>${point}</arg>
</arguments>
<msg timestamp="20210319 11:43:09.068" level="INFO">Typing text '' into text field 'xpath=//*[@id="point"]'.</msg>
<status status="PASS" starttime="20210319 11:43:09.068" endtime="20210319 11:43:09.136"></status>
</kw>
<kw name="Sleep" library="BuiltIn">
<doc>Pauses the test executed for the given time.</doc>
<arguments>
<arg>1s</arg>
</arguments>
<msg timestamp="20210319 11:43:10.144" level="INFO">Slept 1 second</msg>
<status status="PASS" starttime="20210319 11:43:09.137" endtime="20210319 11:43:10.144"></status>
</kw>
<status status="PASS" starttime="20210319 11:43:09.068" endtime="20210319 11:43:10.145"></status>
</kw>
<kw name="AND Input type shop &quot;1&quot;">
<kw name="Select From List By Value" library="Selenium2Library">
<doc>Selects options from selection list ``locator`` by ``values``.</doc>
<arguments>
<arg>xpath=//*[@id="type"]</arg>
<arg>${type}</arg>
</arguments>
<msg timestamp="20210319 11:43:10.146" level="INFO">Selecting options from selection list 'xpath=//*[@id="type"]' by value 1.</msg>
<status status="PASS" starttime="20210319 11:43:10.146" endtime="20210319 11:43:10.187"></status>
</kw>
<kw name="Sleep" library="BuiltIn">
<doc>Pauses the test executed for the given time.</doc>
<arguments>
<arg>1s</arg>
</arguments>
<msg timestamp="20210319 11:43:11.189" level="INFO">Slept 1 second</msg>
<status status="PASS" starttime="20210319 11:43:10.187" endtime="20210319 11:43:11.189"></status>
</kw>
<status status="PASS" starttime="20210319 11:43:10.145" endtime="20210319 11:43:11.189"></status>
</kw>
<kw name="AND Input total shop &quot;&quot;">
<kw name="Input Text" library="Selenium2Library">
<doc>Types the given ``text`` into the text field identified by ``locator``.</doc>
<arguments>
<arg>xpath=//*[@id="total"]</arg>
<arg>${total}</arg>
</arguments>
<msg timestamp="20210319 11:43:11.190" level="INFO">Typing text '' into text field 'xpath=//*[@id="total"]'.</msg>
<status status="PASS" starttime="20210319 11:43:11.190" endtime="20210319 11:43:11.263"></status>
</kw>
<kw name="Sleep" library="BuiltIn">
<doc>Pauses the test executed for the given time.</doc>
<arguments>
<arg>1s</arg>
</arguments>
<msg timestamp="20210319 11:43:12.274" level="INFO">Slept 1 second</msg>
<status status="PASS" starttime="20210319 11:43:11.264" endtime="20210319 11:43:12.274"></status>
</kw>
<status status="PASS" starttime="20210319 11:43:11.190" endtime="20210319 11:43:12.274"></status>
</kw>
<kw name="AND Input date start shop &quot;&quot;">
<kw name="Input Text" library="Selenium2Library">
<doc>Types the given ``text`` into the text field identified by ``locator``.</doc>
<arguments>
<arg>xpath=//*[@id="time_start"]</arg>
<arg>${ds}</arg>
</arguments>
<msg timestamp="20210319 11:43:12.275" level="INFO">Typing text '' into text field 'xpath=//*[@id="time_start"]'.</msg>
<status status="PASS" starttime="20210319 11:43:12.275" endtime="20210319 11:43:12.343"></status>
</kw>
<kw name="Sleep" library="BuiltIn">
<doc>Pauses the test executed for the given time.</doc>
<arguments>
<arg>1s</arg>
</arguments>
<msg timestamp="20210319 11:43:13.346" level="INFO">Slept 1 second</msg>
<status status="PASS" starttime="20210319 11:43:12.343" endtime="20210319 11:43:13.346"></status>
</kw>
<status status="PASS" starttime="20210319 11:43:12.275" endtime="20210319 11:43:13.346"></status>
</kw>
<kw name="AND Input date end shop &quot;&quot;">
<kw name="Input Text" library="Selenium2Library">
<doc>Types the given ``text`` into the text field identified by ``locator``.</doc>
<arguments>
<arg>xpath=//*[@id="time_end"]</arg>
<arg>${dn}</arg>
</arguments>
<msg timestamp="20210319 11:43:13.348" level="INFO">Typing text '' into text field 'xpath=//*[@id="time_end"]'.</msg>
<status status="PASS" starttime="20210319 11:43:13.347" endtime="20210319 11:43:13.417"></status>
</kw>
<kw name="Sleep" library="BuiltIn">
<doc>Pauses the test executed for the given time.</doc>
<arguments>
<arg>1s</arg>
</arguments>
<msg timestamp="20210319 11:43:14.426" level="INFO">Slept 1 second</msg>
<status status="PASS" starttime="20210319 11:43:13.417" endtime="20210319 11:43:14.426"></status>
</kw>
<status status="PASS" starttime="20210319 11:43:13.347" endtime="20210319 11:43:14.426"></status>
</kw>
<kw name="THEN Submit add shop">
<kw name="Click Element" library="Selenium2Library">
<doc>Click the element identified by ``locator``.</doc>
<arguments>
<arg>xpath=//*[@id="addRowBtn"]</arg>
</arguments>
<msg timestamp="20210319 11:43:14.426" level="INFO">Clicking element 'xpath=//*[@id="addRowBtn"]'.</msg>
<status status="PASS" starttime="20210319 11:43:14.426" endtime="20210319 11:43:14.469"></status>
</kw>
<kw name="Sleep" library="BuiltIn">
<doc>Pauses the test executed for the given time.</doc>
<arguments>
<arg>1s</arg>
</arguments>
<msg timestamp="20210319 11:43:15.484" level="INFO">Slept 1 second</msg>
<status status="PASS" starttime="20210319 11:43:14.470" endtime="20210319 11:43:15.484"></status>
</kw>
<status status="PASS" starttime="20210319 11:43:14.426" endtime="20210319 11:43:15.484"></status>
</kw>
<kw name="Close Browser" library="Selenium2Library" type="teardown">
<doc>Closes the current browser.</doc>
<status status="PASS" starttime="20210319 11:43:15.484" endtime="20210319 11:43:17.594"></status>
</kw>
<doc>การเพิ่มไอเทมพิเศษไม่ใส่ข้อมูล</doc>
<tags>
<tag>FAIL</tag>
</tags>
<status status="PASS" starttime="20210319 11:43:00.287" endtime="20210319 11:43:17.595" critical="yes"></status>
</test>
<status status="PASS" starttime="20210319 11:40:48.084" endtime="20210319 11:43:17.598"></status>
</suite>
<statistics>
<total>
<stat pass="9" fail="0">Critical Tests</stat>
<stat pass="9" fail="0">All Tests</stat>
</total>
<tag>
<stat pass="6" fail="0">FAIL</stat>
<stat pass="3" fail="0">PASS</stat>
</tag>
<suite>
<stat pass="9" fail="0" id="s1" name="Shop">Shop</stat>
</suite>
</statistics>
<errors>
</errors>
</robot>
