<?xml version="1.0" encoding="UTF-8"?>
<robot generator="Robot 3.1.2 (Python 3.8.1 on win32)" generated="20210308 16:44:00.313" rpa="false">
<suite id="s1" name="Shop" source="C:\xampp\htdocs\gami_ossd\Test\มอดูลจัดการร้านค้า\shop.robot">
<test id="s1-t1" name="SCM-Shop-TC1-01">
<kw name="GIVEN Open web browser">
<kw name="Open Browser" library="Selenium2Library">
<doc>Opens a new browser instance to the optional ``url``.</doc>
<arguments>
<arg>${url}</arg>
<arg>chrome</arg>
</arguments>
<msg timestamp="20210308 16:44:00.502" level="INFO">Opening browser 'chrome' to base url 'https://localhost/gami_ossd/index.php'.</msg>
<status status="PASS" starttime="20210308 16:44:00.502" endtime="20210308 16:44:02.640"></status>
</kw>
<kw name="Maximize Browser Window" library="Selenium2Library">
<doc>Maximizes current browser window.</doc>
<status status="PASS" starttime="20210308 16:44:02.640" endtime="20210308 16:44:02.794"></status>
</kw>
<status status="PASS" starttime="20210308 16:44:00.501" endtime="20210308 16:44:02.794"></status>
</kw>
<kw name="WHEN Login with &quot;59160161&quot; &quot;59160161&quot;">
<kw name="Click Element" library="Selenium2Library">
<doc>Click the element identified by ``locator``.</doc>
<arguments>
<arg>xpath=//*[@id="details-button"]</arg>
</arguments>
<msg timestamp="20210308 16:44:02.795" level="INFO">Clicking element 'xpath=//*[@id="details-button"]'.</msg>
<status status="PASS" starttime="20210308 16:44:02.795" endtime="20210308 16:44:02.839"></status>
</kw>
<kw name="Click Element" library="Selenium2Library">
<doc>Click the element identified by ``locator``.</doc>
<arguments>
<arg>xpath=//*[@id="proceed-link"]</arg>
</arguments>
<msg timestamp="20210308 16:44:02.840" level="INFO">Clicking element 'xpath=//*[@id="proceed-link"]'.</msg>
<status status="PASS" starttime="20210308 16:44:02.839" endtime="20210308 16:44:04.333"></status>
</kw>
<kw name="Input Text" library="Selenium2Library">
<doc>Types the given ``text`` into the text field identified by ``locator``.</doc>
<arguments>
<arg>${login_input_username}</arg>
<arg>${username}</arg>
</arguments>
<msg timestamp="20210308 16:44:04.334" level="INFO">Typing text '59160161' into text field 'xpath=//*[@id="inputEmail"]'.</msg>
<status status="PASS" starttime="20210308 16:44:04.334" endtime="20210308 16:44:04.396"></status>
</kw>
<kw name="Input Password" library="Selenium2Library">
<doc>Types the given password into the text field identified by ``locator``.</doc>
<arguments>
<arg>${login_input_password}</arg>
<arg>${password}</arg>
</arguments>
<msg timestamp="20210308 16:44:04.396" level="INFO">Typing password into text field 'xpath=//*[@id="inputPassword"]'.</msg>
<status status="PASS" starttime="20210308 16:44:04.396" endtime="20210308 16:44:04.465"></status>
</kw>
<kw name="Sleep" library="BuiltIn">
<doc>Pauses the test executed for the given time.</doc>
<arguments>
<arg>1s</arg>
</arguments>
<msg timestamp="20210308 16:44:05.466" level="INFO">Slept 1 second</msg>
<status status="PASS" starttime="20210308 16:44:04.465" endtime="20210308 16:44:05.466"></status>
</kw>
<kw name="Click Element" library="Selenium2Library">
<doc>Click the element identified by ``locator``.</doc>
<arguments>
<arg>${login_btn}</arg>
</arguments>
<msg timestamp="20210308 16:44:05.466" level="INFO">Clicking element 'xpath=//*[@id="loginForm"]/button'.</msg>
<status status="PASS" starttime="20210308 16:44:05.466" endtime="20210308 16:44:07.850"></status>
</kw>
<status status="PASS" starttime="20210308 16:44:02.795" endtime="20210308 16:44:07.850"></status>
</kw>
<kw name="AND Go to shop management page">
<kw name="Go To" library="Selenium2Library">
<doc>Navigates the current browser window to the provided ``url``.</doc>
<arguments>
<arg>https://localhost/gami_ossd/index.php/Source_manager/index/Shop</arg>
</arguments>
<msg timestamp="20210308 16:44:07.851" level="INFO">Opening url 'https://localhost/gami_ossd/index.php/Source_manager/index/Shop'</msg>
<status status="PASS" starttime="20210308 16:44:07.851" endtime="20210308 16:44:08.793"></status>
</kw>
<status status="PASS" starttime="20210308 16:44:07.850" endtime="20210308 16:44:08.793"></status>
</kw>
<kw name="AND Add shop">
<kw name="Click Element" library="Selenium2Library">
<doc>Click the element identified by ``locator``.</doc>
<arguments>
<arg>xpath=//*[@id="example_wrapper"]/div[1]/button[1]</arg>
</arguments>
<msg timestamp="20210308 16:44:08.794" level="INFO">Clicking element 'xpath=//*[@id="example_wrapper"]/div[1]/button[1]'.</msg>
<status status="PASS" starttime="20210308 16:44:08.794" endtime="20210308 16:44:08.858"></status>
</kw>
<kw name="Sleep" library="BuiltIn">
<doc>Pauses the test executed for the given time.</doc>
<arguments>
<arg>1s</arg>
</arguments>
<msg timestamp="20210308 16:44:09.861" level="INFO">Slept 1 second</msg>
<status status="PASS" starttime="20210308 16:44:08.858" endtime="20210308 16:44:09.861"></status>
</kw>
<status status="PASS" starttime="20210308 16:44:08.794" endtime="20210308 16:44:09.861"></status>
</kw>
<kw name="AND Input name shop &quot;ไอเทมพิเศษ&quot;">
<kw name="Input Text" library="Selenium2Library">
<doc>Types the given ``text`` into the text field identified by ``locator``.</doc>
<arguments>
<arg>xpath=//*[@id="name"]</arg>
<arg>${name}</arg>
</arguments>
<msg timestamp="20210308 16:44:09.862" level="INFO">Typing text 'ไอเทมพิเศษ' into text field 'xpath=//*[@id="name"]'.</msg>
<status status="PASS" starttime="20210308 16:44:09.862" endtime="20210308 16:44:09.942"></status>
</kw>
<kw name="Sleep" library="BuiltIn">
<doc>Pauses the test executed for the given time.</doc>
<arguments>
<arg>1s</arg>
</arguments>
<msg timestamp="20210308 16:44:10.954" level="INFO">Slept 1 second</msg>
<status status="PASS" starttime="20210308 16:44:09.943" endtime="20210308 16:44:10.954"></status>
</kw>
<status status="PASS" starttime="20210308 16:44:09.862" endtime="20210308 16:44:10.954"></status>
</kw>
<kw name="AND Input point shop &quot;10&quot;">
<kw name="Input Text" library="Selenium2Library">
<doc>Types the given ``text`` into the text field identified by ``locator``.</doc>
<arguments>
<arg>xpath=//*[@id="point"]</arg>
<arg>${point}</arg>
</arguments>
<msg timestamp="20210308 16:44:10.956" level="INFO">Typing text '10' into text field 'xpath=//*[@id="point"]'.</msg>
<status status="PASS" starttime="20210308 16:44:10.955" endtime="20210308 16:44:11.024"></status>
</kw>
<kw name="Sleep" library="BuiltIn">
<doc>Pauses the test executed for the given time.</doc>
<arguments>
<arg>1s</arg>
</arguments>
<msg timestamp="20210308 16:44:12.029" level="INFO">Slept 1 second</msg>
<status status="PASS" starttime="20210308 16:44:11.024" endtime="20210308 16:44:12.029"></status>
</kw>
<status status="PASS" starttime="20210308 16:44:10.955" endtime="20210308 16:44:12.029"></status>
</kw>
<kw name="AND Input type shop &quot;1&quot;">
<kw name="Select From List By Value" library="Selenium2Library">
<doc>Selects options from selection list ``locator`` by ``values``.</doc>
<arguments>
<arg>xpath=//*[@id="type"]</arg>
<arg>${type}</arg>
</arguments>
<msg timestamp="20210308 16:44:12.030" level="INFO">Selecting options from selection list 'xpath=//*[@id="type"]' by value 1.</msg>
<status status="PASS" starttime="20210308 16:44:12.030" endtime="20210308 16:44:12.071"></status>
</kw>
<kw name="Sleep" library="BuiltIn">
<doc>Pauses the test executed for the given time.</doc>
<arguments>
<arg>1s</arg>
</arguments>
<msg timestamp="20210308 16:44:13.080" level="INFO">Slept 1 second</msg>
<status status="PASS" starttime="20210308 16:44:12.072" endtime="20210308 16:44:13.080"></status>
</kw>
<status status="PASS" starttime="20210308 16:44:12.030" endtime="20210308 16:44:13.080"></status>
</kw>
<kw name="AND Input total shop &quot;10&quot;">
<kw name="Input Text" library="Selenium2Library">
<doc>Types the given ``text`` into the text field identified by ``locator``.</doc>
<arguments>
<arg>xpath=//*[@id="total"]</arg>
<arg>${total}</arg>
</arguments>
<msg timestamp="20210308 16:44:13.082" level="INFO">Typing text '10' into text field 'xpath=//*[@id="total"]'.</msg>
<status status="PASS" starttime="20210308 16:44:13.081" endtime="20210308 16:44:13.163"></status>
</kw>
<kw name="Sleep" library="BuiltIn">
<doc>Pauses the test executed for the given time.</doc>
<arguments>
<arg>1s</arg>
</arguments>
<msg timestamp="20210308 16:44:14.171" level="INFO">Slept 1 second</msg>
<status status="PASS" starttime="20210308 16:44:13.163" endtime="20210308 16:44:14.171"></status>
</kw>
<status status="PASS" starttime="20210308 16:44:13.081" endtime="20210308 16:44:14.171"></status>
</kw>
<kw name="AND Input date start shop &quot;2021/03/08 16:26&quot;">
<kw name="Input Text" library="Selenium2Library">
<doc>Types the given ``text`` into the text field identified by ``locator``.</doc>
<arguments>
<arg>xpath=//*[@id="time_start"]</arg>
<arg>${ds}</arg>
</arguments>
<msg timestamp="20210308 16:44:14.172" level="INFO">Typing text '2021/03/08 16:26' into text field 'xpath=//*[@id="time_start"]'.</msg>
<status status="PASS" starttime="20210308 16:44:14.172" endtime="20210308 16:44:14.250"></status>
</kw>
<kw name="Sleep" library="BuiltIn">
<doc>Pauses the test executed for the given time.</doc>
<arguments>
<arg>1s</arg>
</arguments>
<msg timestamp="20210308 16:44:15.251" level="INFO">Slept 1 second</msg>
<status status="PASS" starttime="20210308 16:44:14.250" endtime="20210308 16:44:15.251"></status>
</kw>
<status status="PASS" starttime="20210308 16:44:14.172" endtime="20210308 16:44:15.251"></status>
</kw>
<kw name="AND Input date end shop &quot;2022/03/08 16:26&quot;">
<kw name="Input Text" library="Selenium2Library">
<doc>Types the given ``text`` into the text field identified by ``locator``.</doc>
<arguments>
<arg>xpath=//*[@id="time_end"]</arg>
<arg>${dn}</arg>
</arguments>
<msg timestamp="20210308 16:44:15.253" level="INFO">Typing text '2022/03/08 16:26' into text field 'xpath=//*[@id="time_end"]'.</msg>
<status status="PASS" starttime="20210308 16:44:15.253" endtime="20210308 16:44:15.334"></status>
</kw>
<kw name="Sleep" library="BuiltIn">
<doc>Pauses the test executed for the given time.</doc>
<arguments>
<arg>1s</arg>
</arguments>
<msg timestamp="20210308 16:44:16.336" level="INFO">Slept 1 second</msg>
<status status="PASS" starttime="20210308 16:44:15.334" endtime="20210308 16:44:16.336"></status>
</kw>
<status status="PASS" starttime="20210308 16:44:15.252" endtime="20210308 16:44:16.336"></status>
</kw>
<kw name="THEN Submit add shop">
<kw name="Click Element" library="Selenium2Library">
<doc>Click the element identified by ``locator``.</doc>
<arguments>
<arg>xpath=//*[@id="addRowBtn"]</arg>
</arguments>
<msg timestamp="20210308 16:44:16.338" level="INFO">Clicking element 'xpath=//*[@id="addRowBtn"]'.</msg>
<status status="PASS" starttime="20210308 16:44:16.337" endtime="20210308 16:44:17.491"></status>
</kw>
<kw name="Sleep" library="BuiltIn">
<doc>Pauses the test executed for the given time.</doc>
<arguments>
<arg>1s</arg>
</arguments>
<msg timestamp="20210308 16:44:18.493" level="INFO">Slept 1 second</msg>
<status status="PASS" starttime="20210308 16:44:17.491" endtime="20210308 16:44:18.493"></status>
</kw>
<status status="PASS" starttime="20210308 16:44:16.337" endtime="20210308 16:44:18.493"></status>
</kw>
<kw name="Close Browser" library="Selenium2Library" type="teardown">
<doc>Closes the current browser.</doc>
<status status="PASS" starttime="20210308 16:44:18.494" endtime="20210308 16:44:20.633"></status>
</kw>
<doc>การเพิ่มไอเทมพิเศษ</doc>
<tags>
<tag>PASS</tag>
</tags>
<status status="PASS" starttime="20210308 16:44:00.500" endtime="20210308 16:44:20.633" critical="yes"></status>
</test>
<test id="s1-t2" name="SCM-Shop-TC1-02">
<kw name="GIVEN Open web browser">
<kw name="Open Browser" library="Selenium2Library">
<doc>Opens a new browser instance to the optional ``url``.</doc>
<arguments>
<arg>${url}</arg>
<arg>chrome</arg>
</arguments>
<msg timestamp="20210308 16:44:20.638" level="INFO">Opening browser 'chrome' to base url 'https://localhost/gami_ossd/index.php'.</msg>
<status status="PASS" starttime="20210308 16:44:20.638" endtime="20210308 16:44:22.747"></status>
</kw>
<kw name="Maximize Browser Window" library="Selenium2Library">
<doc>Maximizes current browser window.</doc>
<status status="PASS" starttime="20210308 16:44:22.747" endtime="20210308 16:44:22.900"></status>
</kw>
<status status="PASS" starttime="20210308 16:44:20.637" endtime="20210308 16:44:22.900"></status>
</kw>
<kw name="WHEN Login with &quot;59160161&quot; &quot;59160161&quot;">
<kw name="Click Element" library="Selenium2Library">
<doc>Click the element identified by ``locator``.</doc>
<arguments>
<arg>xpath=//*[@id="details-button"]</arg>
</arguments>
<msg timestamp="20210308 16:44:22.901" level="INFO">Clicking element 'xpath=//*[@id="details-button"]'.</msg>
<status status="PASS" starttime="20210308 16:44:22.901" endtime="20210308 16:44:22.943"></status>
</kw>
<kw name="Click Element" library="Selenium2Library">
<doc>Click the element identified by ``locator``.</doc>
<arguments>
<arg>xpath=//*[@id="proceed-link"]</arg>
</arguments>
<msg timestamp="20210308 16:44:22.943" level="INFO">Clicking element 'xpath=//*[@id="proceed-link"]'.</msg>
<status status="PASS" starttime="20210308 16:44:22.943" endtime="20210308 16:44:23.562"></status>
</kw>
<kw name="Input Text" library="Selenium2Library">
<doc>Types the given ``text`` into the text field identified by ``locator``.</doc>
<arguments>
<arg>${login_input_username}</arg>
<arg>${username}</arg>
</arguments>
<msg timestamp="20210308 16:44:23.562" level="INFO">Typing text '59160161' into text field 'xpath=//*[@id="inputEmail"]'.</msg>
<status status="PASS" starttime="20210308 16:44:23.562" endtime="20210308 16:44:23.630"></status>
</kw>
<kw name="Input Password" library="Selenium2Library">
<doc>Types the given password into the text field identified by ``locator``.</doc>
<arguments>
<arg>${login_input_password}</arg>
<arg>${password}</arg>
</arguments>
<msg timestamp="20210308 16:44:23.630" level="INFO">Typing password into text field 'xpath=//*[@id="inputPassword"]'.</msg>
<status status="PASS" starttime="20210308 16:44:23.630" endtime="20210308 16:44:23.700"></status>
</kw>
<kw name="Sleep" library="BuiltIn">
<doc>Pauses the test executed for the given time.</doc>
<arguments>
<arg>1s</arg>
</arguments>
<msg timestamp="20210308 16:44:24.714" level="INFO">Slept 1 second</msg>
<status status="PASS" starttime="20210308 16:44:23.700" endtime="20210308 16:44:24.714"></status>
</kw>
<kw name="Click Element" library="Selenium2Library">
<doc>Click the element identified by ``locator``.</doc>
<arguments>
<arg>${login_btn}</arg>
</arguments>
<msg timestamp="20210308 16:44:24.714" level="INFO">Clicking element 'xpath=//*[@id="loginForm"]/button'.</msg>
<status status="PASS" starttime="20210308 16:44:24.714" endtime="20210308 16:44:27.136"></status>
</kw>
<status status="PASS" starttime="20210308 16:44:22.900" endtime="20210308 16:44:27.136"></status>
</kw>
<kw name="AND Go to shop management page">
<kw name="Go To" library="Selenium2Library">
<doc>Navigates the current browser window to the provided ``url``.</doc>
<arguments>
<arg>https://localhost/gami_ossd/index.php/Source_manager/index/Shop</arg>
</arguments>
<msg timestamp="20210308 16:44:27.137" level="INFO">Opening url 'https://localhost/gami_ossd/index.php/Source_manager/index/Shop'</msg>
<status status="PASS" starttime="20210308 16:44:27.137" endtime="20210308 16:44:27.987"></status>
</kw>
<status status="PASS" starttime="20210308 16:44:27.137" endtime="20210308 16:44:27.987"></status>
</kw>
<kw name="AND Edit shop">
<kw name="Sleep" library="BuiltIn">
<doc>Pauses the test executed for the given time.</doc>
<arguments>
<arg>1s</arg>
</arguments>
<msg timestamp="20210308 16:44:29.000" level="INFO">Slept 1 second</msg>
<status status="PASS" starttime="20210308 16:44:27.989" endtime="20210308 16:44:29.000"></status>
</kw>
<kw name="Click Element" library="Selenium2Library">
<doc>Click the element identified by ``locator``.</doc>
<arguments>
<arg>xpath=//*[@id="example"]/tbody/tr[9]</arg>
</arguments>
<msg timestamp="20210308 16:44:29.000" level="INFO">Clicking element 'xpath=//*[@id="example"]/tbody/tr[9]'.</msg>
<status status="PASS" starttime="20210308 16:44:29.000" endtime="20210308 16:44:29.043"></status>
</kw>
<kw name="Sleep" library="BuiltIn">
<doc>Pauses the test executed for the given time.</doc>
<arguments>
<arg>1s</arg>
</arguments>
<msg timestamp="20210308 16:44:30.049" level="INFO">Slept 1 second</msg>
<status status="PASS" starttime="20210308 16:44:29.043" endtime="20210308 16:44:30.049"></status>
</kw>
<kw name="Click Element" library="Selenium2Library">
<doc>Click the element identified by ``locator``.</doc>
<arguments>
<arg>xpath=//*[@id="example_wrapper"]/div[1]/button[2]</arg>
</arguments>
<msg timestamp="20210308 16:44:30.049" level="INFO">Clicking element 'xpath=//*[@id="example_wrapper"]/div[1]/button[2]'.</msg>
<status status="PASS" starttime="20210308 16:44:30.049" endtime="20210308 16:44:30.114"></status>
</kw>
<kw name="Sleep" library="BuiltIn">
<doc>Pauses the test executed for the given time.</doc>
<arguments>
<arg>1s</arg>
</arguments>
<msg timestamp="20210308 16:44:31.119" level="INFO">Slept 1 second</msg>
<status status="PASS" starttime="20210308 16:44:30.114" endtime="20210308 16:44:31.119"></status>
</kw>
<status status="PASS" starttime="20210308 16:44:27.989" endtime="20210308 16:44:31.119"></status>
</kw>
<kw name="AND Input name shop &quot;ไอเทมพิเศษ&quot;">
<kw name="Input Text" library="Selenium2Library">
<doc>Types the given ``text`` into the text field identified by ``locator``.</doc>
<arguments>
<arg>xpath=//*[@id="name"]</arg>
<arg>${name}</arg>
</arguments>
<msg timestamp="20210308 16:44:31.120" level="INFO">Typing text 'ไอเทมพิเศษ' into text field 'xpath=//*[@id="name"]'.</msg>
<status status="PASS" starttime="20210308 16:44:31.120" endtime="20210308 16:44:31.202"></status>
</kw>
<kw name="Sleep" library="BuiltIn">
<doc>Pauses the test executed for the given time.</doc>
<arguments>
<arg>1s</arg>
</arguments>
<msg timestamp="20210308 16:44:32.213" level="INFO">Slept 1 second</msg>
<status status="PASS" starttime="20210308 16:44:31.202" endtime="20210308 16:44:32.213"></status>
</kw>
<status status="PASS" starttime="20210308 16:44:31.120" endtime="20210308 16:44:32.213"></status>
</kw>
<kw name="AND Input point shop &quot;10&quot;">
<kw name="Input Text" library="Selenium2Library">
<doc>Types the given ``text`` into the text field identified by ``locator``.</doc>
<arguments>
<arg>xpath=//*[@id="point"]</arg>
<arg>${point}</arg>
</arguments>
<msg timestamp="20210308 16:44:32.214" level="INFO">Typing text '10' into text field 'xpath=//*[@id="point"]'.</msg>
<status status="PASS" starttime="20210308 16:44:32.214" endtime="20210308 16:44:32.290"></status>
</kw>
<kw name="Sleep" library="BuiltIn">
<doc>Pauses the test executed for the given time.</doc>
<arguments>
<arg>1s</arg>
</arguments>
<msg timestamp="20210308 16:44:33.298" level="INFO">Slept 1 second</msg>
<status status="PASS" starttime="20210308 16:44:32.290" endtime="20210308 16:44:33.298"></status>
</kw>
<status status="PASS" starttime="20210308 16:44:32.214" endtime="20210308 16:44:33.298"></status>
</kw>
<kw name="AND Input type shop &quot;1&quot;">
<kw name="Select From List By Value" library="Selenium2Library">
<doc>Selects options from selection list ``locator`` by ``values``.</doc>
<arguments>
<arg>xpath=//*[@id="type"]</arg>
<arg>${type}</arg>
</arguments>
<msg timestamp="20210308 16:44:33.299" level="INFO">Selecting options from selection list 'xpath=//*[@id="type"]' by value 1.</msg>
<status status="PASS" starttime="20210308 16:44:33.299" endtime="20210308 16:44:33.342"></status>
</kw>
<kw name="Sleep" library="BuiltIn">
<doc>Pauses the test executed for the given time.</doc>
<arguments>
<arg>1s</arg>
</arguments>
<msg timestamp="20210308 16:44:34.352" level="INFO">Slept 1 second</msg>
<status status="PASS" starttime="20210308 16:44:33.342" endtime="20210308 16:44:34.352"></status>
</kw>
<status status="PASS" starttime="20210308 16:44:33.299" endtime="20210308 16:44:34.352"></status>
</kw>
<kw name="AND Input total shop &quot;10&quot;">
<kw name="Input Text" library="Selenium2Library">
<doc>Types the given ``text`` into the text field identified by ``locator``.</doc>
<arguments>
<arg>xpath=//*[@id="total"]</arg>
<arg>${total}</arg>
</arguments>
<msg timestamp="20210308 16:44:34.353" level="INFO">Typing text '10' into text field 'xpath=//*[@id="total"]'.</msg>
<status status="PASS" starttime="20210308 16:44:34.353" endtime="20210308 16:44:34.427"></status>
</kw>
<kw name="Sleep" library="BuiltIn">
<doc>Pauses the test executed for the given time.</doc>
<arguments>
<arg>1s</arg>
</arguments>
<msg timestamp="20210308 16:44:35.430" level="INFO">Slept 1 second</msg>
<status status="PASS" starttime="20210308 16:44:34.427" endtime="20210308 16:44:35.430"></status>
</kw>
<status status="PASS" starttime="20210308 16:44:34.353" endtime="20210308 16:44:35.430"></status>
</kw>
<kw name="AND Input date start shop &quot;2021/03/08 16:26&quot;">
<kw name="Input Text" library="Selenium2Library">
<doc>Types the given ``text`` into the text field identified by ``locator``.</doc>
<arguments>
<arg>xpath=//*[@id="time_start"]</arg>
<arg>${ds}</arg>
</arguments>
<msg timestamp="20210308 16:44:35.431" level="INFO">Typing text '2021/03/08 16:26' into text field 'xpath=//*[@id="time_start"]'.</msg>
<status status="PASS" starttime="20210308 16:44:35.431" endtime="20210308 16:44:35.512"></status>
</kw>
<kw name="Sleep" library="BuiltIn">
<doc>Pauses the test executed for the given time.</doc>
<arguments>
<arg>1s</arg>
</arguments>
<msg timestamp="20210308 16:44:36.519" level="INFO">Slept 1 second</msg>
<status status="PASS" starttime="20210308 16:44:35.512" endtime="20210308 16:44:36.519"></status>
</kw>
<status status="PASS" starttime="20210308 16:44:35.431" endtime="20210308 16:44:36.519"></status>
</kw>
<kw name="AND Input date end shop &quot;2022/03/08 16:26&quot;">
<kw name="Input Text" library="Selenium2Library">
<doc>Types the given ``text`` into the text field identified by ``locator``.</doc>
<arguments>
<arg>xpath=//*[@id="time_end"]</arg>
<arg>${dn}</arg>
</arguments>
<msg timestamp="20210308 16:44:36.521" level="INFO">Typing text '2022/03/08 16:26' into text field 'xpath=//*[@id="time_end"]'.</msg>
<status status="PASS" starttime="20210308 16:44:36.521" endtime="20210308 16:44:36.604"></status>
</kw>
<kw name="Sleep" library="BuiltIn">
<doc>Pauses the test executed for the given time.</doc>
<arguments>
<arg>1s</arg>
</arguments>
<msg timestamp="20210308 16:44:37.611" level="INFO">Slept 1 second</msg>
<status status="PASS" starttime="20210308 16:44:36.604" endtime="20210308 16:44:37.611"></status>
</kw>
<status status="PASS" starttime="20210308 16:44:36.520" endtime="20210308 16:44:37.611"></status>
</kw>
<kw name="THEN Submit edit shop">
<kw name="Click Element" library="Selenium2Library">
<doc>Click the element identified by ``locator``.</doc>
<arguments>
<arg>xpath=//*[@id="editRowBtn"]</arg>
</arguments>
<msg timestamp="20210308 16:44:37.612" level="INFO">Clicking element 'xpath=//*[@id="editRowBtn"]'.</msg>
<status status="PASS" starttime="20210308 16:44:37.612" endtime="20210308 16:44:38.804"></status>
</kw>
<status status="PASS" starttime="20210308 16:44:37.611" endtime="20210308 16:44:38.804"></status>
</kw>
<kw name="Close Browser" library="Selenium2Library" type="teardown">
<doc>Closes the current browser.</doc>
<status status="PASS" starttime="20210308 16:44:38.805" endtime="20210308 16:44:40.961"></status>
</kw>
<doc>การแก้ไขไอเทมพิเศษ</doc>
<tags>
<tag>PASS</tag>
</tags>
<status status="PASS" starttime="20210308 16:44:20.635" endtime="20210308 16:44:40.962" critical="yes"></status>
</test>
<test id="s1-t3" name="SCM-Shop-TC1-03">
<kw name="GIVEN Open web browser">
<kw name="Open Browser" library="Selenium2Library">
<doc>Opens a new browser instance to the optional ``url``.</doc>
<arguments>
<arg>${url}</arg>
<arg>chrome</arg>
</arguments>
<msg timestamp="20210308 16:44:40.966" level="INFO">Opening browser 'chrome' to base url 'https://localhost/gami_ossd/index.php'.</msg>
<status status="PASS" starttime="20210308 16:44:40.966" endtime="20210308 16:44:43.072"></status>
</kw>
<kw name="Maximize Browser Window" library="Selenium2Library">
<doc>Maximizes current browser window.</doc>
<status status="PASS" starttime="20210308 16:44:43.073" endtime="20210308 16:44:43.224"></status>
</kw>
<status status="PASS" starttime="20210308 16:44:40.965" endtime="20210308 16:44:43.224"></status>
</kw>
<kw name="WHEN Login with &quot;59160161&quot; &quot;59160161&quot;">
<kw name="Click Element" library="Selenium2Library">
<doc>Click the element identified by ``locator``.</doc>
<arguments>
<arg>xpath=//*[@id="details-button"]</arg>
</arguments>
<msg timestamp="20210308 16:44:43.225" level="INFO">Clicking element 'xpath=//*[@id="details-button"]'.</msg>
<status status="PASS" starttime="20210308 16:44:43.225" endtime="20210308 16:44:43.266"></status>
</kw>
<kw name="Click Element" library="Selenium2Library">
<doc>Click the element identified by ``locator``.</doc>
<arguments>
<arg>xpath=//*[@id="proceed-link"]</arg>
</arguments>
<msg timestamp="20210308 16:44:43.267" level="INFO">Clicking element 'xpath=//*[@id="proceed-link"]'.</msg>
<status status="PASS" starttime="20210308 16:44:43.267" endtime="20210308 16:44:44.396"></status>
</kw>
<kw name="Input Text" library="Selenium2Library">
<doc>Types the given ``text`` into the text field identified by ``locator``.</doc>
<arguments>
<arg>${login_input_username}</arg>
<arg>${username}</arg>
</arguments>
<msg timestamp="20210308 16:44:44.396" level="INFO">Typing text '59160161' into text field 'xpath=//*[@id="inputEmail"]'.</msg>
<status status="PASS" starttime="20210308 16:44:44.396" endtime="20210308 16:44:44.459"></status>
</kw>
<kw name="Input Password" library="Selenium2Library">
<doc>Types the given password into the text field identified by ``locator``.</doc>
<arguments>
<arg>${login_input_password}</arg>
<arg>${password}</arg>
</arguments>
<msg timestamp="20210308 16:44:44.460" level="INFO">Typing password into text field 'xpath=//*[@id="inputPassword"]'.</msg>
<status status="PASS" starttime="20210308 16:44:44.459" endtime="20210308 16:44:44.530"></status>
</kw>
<kw name="Sleep" library="BuiltIn">
<doc>Pauses the test executed for the given time.</doc>
<arguments>
<arg>1s</arg>
</arguments>
<msg timestamp="20210308 16:44:45.535" level="INFO">Slept 1 second</msg>
<status status="PASS" starttime="20210308 16:44:44.530" endtime="20210308 16:44:45.535"></status>
</kw>
<kw name="Click Element" library="Selenium2Library">
<doc>Click the element identified by ``locator``.</doc>
<arguments>
<arg>${login_btn}</arg>
</arguments>
<msg timestamp="20210308 16:44:45.536" level="INFO">Clicking element 'xpath=//*[@id="loginForm"]/button'.</msg>
<status status="PASS" starttime="20210308 16:44:45.535" endtime="20210308 16:44:47.963"></status>
</kw>
<status status="PASS" starttime="20210308 16:44:43.225" endtime="20210308 16:44:47.963"></status>
</kw>
<kw name="AND Go to shop management page">
<kw name="Go To" library="Selenium2Library">
<doc>Navigates the current browser window to the provided ``url``.</doc>
<arguments>
<arg>https://localhost/gami_ossd/index.php/Source_manager/index/Shop</arg>
</arguments>
<msg timestamp="20210308 16:44:47.964" level="INFO">Opening url 'https://localhost/gami_ossd/index.php/Source_manager/index/Shop'</msg>
<status status="PASS" starttime="20210308 16:44:47.964" endtime="20210308 16:44:48.931"></status>
</kw>
<status status="PASS" starttime="20210308 16:44:47.964" endtime="20210308 16:44:48.931"></status>
</kw>
<kw name="AND Delete shop">
<kw name="Sleep" library="BuiltIn">
<doc>Pauses the test executed for the given time.</doc>
<arguments>
<arg>1s</arg>
</arguments>
<msg timestamp="20210308 16:44:49.936" level="INFO">Slept 1 second</msg>
<status status="PASS" starttime="20210308 16:44:48.932" endtime="20210308 16:44:49.936"></status>
</kw>
<kw name="Click Element" library="Selenium2Library">
<doc>Click the element identified by ``locator``.</doc>
<arguments>
<arg>xpath=//*[@id="example"]/tbody/tr[9]</arg>
</arguments>
<msg timestamp="20210308 16:44:49.936" level="INFO">Clicking element 'xpath=//*[@id="example"]/tbody/tr[9]'.</msg>
<status status="PASS" starttime="20210308 16:44:49.936" endtime="20210308 16:44:49.978"></status>
</kw>
<kw name="Sleep" library="BuiltIn">
<doc>Pauses the test executed for the given time.</doc>
<arguments>
<arg>1s</arg>
</arguments>
<msg timestamp="20210308 16:44:50.986" level="INFO">Slept 1 second</msg>
<status status="PASS" starttime="20210308 16:44:49.978" endtime="20210308 16:44:50.986"></status>
</kw>
<kw name="Click Element" library="Selenium2Library">
<doc>Click the element identified by ``locator``.</doc>
<arguments>
<arg>xpath=//*[@id="example_wrapper"]/div[1]/button[3]</arg>
</arguments>
<msg timestamp="20210308 16:44:50.986" level="INFO">Clicking element 'xpath=//*[@id="example_wrapper"]/div[1]/button[3]'.</msg>
<status status="PASS" starttime="20210308 16:44:50.986" endtime="20210308 16:44:51.051"></status>
</kw>
<kw name="Sleep" library="BuiltIn">
<doc>Pauses the test executed for the given time.</doc>
<arguments>
<arg>1s</arg>
</arguments>
<msg timestamp="20210308 16:44:52.061" level="INFO">Slept 1 second</msg>
<status status="PASS" starttime="20210308 16:44:51.051" endtime="20210308 16:44:52.061"></status>
</kw>
<status status="PASS" starttime="20210308 16:44:48.932" endtime="20210308 16:44:52.061"></status>
</kw>
<kw name="THEN Submit delete shop">
<kw name="Click Element" library="Selenium2Library">
<doc>Click the element identified by ``locator``.</doc>
<arguments>
<arg>xpath=//*[@id="deleteRowBtn"]</arg>
</arguments>
<msg timestamp="20210308 16:44:52.062" level="INFO">Clicking element 'xpath=//*[@id="deleteRowBtn"]'.</msg>
<status status="PASS" starttime="20210308 16:44:52.062" endtime="20210308 16:44:53.240"></status>
</kw>
<status status="PASS" starttime="20210308 16:44:52.062" endtime="20210308 16:44:53.240"></status>
</kw>
<kw name="Close Browser" library="Selenium2Library" type="teardown">
<doc>Closes the current browser.</doc>
<status status="PASS" starttime="20210308 16:44:53.241" endtime="20210308 16:44:55.409"></status>
</kw>
<doc>การลบไอเทมพิเศษ</doc>
<tags>
<tag>PASS</tag>
</tags>
<status status="PASS" starttime="20210308 16:44:40.964" endtime="20210308 16:44:55.410" critical="yes"></status>
</test>
<status status="PASS" starttime="20210308 16:44:00.314" endtime="20210308 16:44:55.411"></status>
</suite>
<statistics>
<total>
<stat pass="3" fail="0">Critical Tests</stat>
<stat pass="3" fail="0">All Tests</stat>
</total>
<tag>
<stat pass="3" fail="0">PASS</stat>
</tag>
<suite>
<stat pass="3" fail="0" id="s1" name="Shop">Shop</stat>
</suite>
</statistics>
<errors>
</errors>
</robot>
